{"C:\\Users\\PC\\OneDrive\\Documents\\Projet2025\\Pandawan\\sailinloc-back\\src\\app.js": {"path":"C:\\Users\\PC\\OneDrive\\Documents\\Projet2025\\Pandawan\\sailinloc-back\\src\\app.js","statementMap":{"0":{"start":{"line":1,"column":0},"end":{"line":1,"column":27}},"1":{"start":{"line":2,"column":16},"end":{"line":2,"column":34}},"2":{"start":{"line":3,"column":13},"end":{"line":3,"column":28}},"3":{"start":{"line":5,"column":12},"end":{"line":5,"column":21}},"4":{"start":{"line":8,"column":0},"end":{"line":8,"column":16}},"5":{"start":{"line":11,"column":0},"end":{"line":11,"column":24}},"6":{"start":{"line":14,"column":19},"end":{"line":14,"column":43}},"7":{"start":{"line":15,"column":0},"end":{"line":15,"column":33}},"8":{"start":{"line":17,"column":21},"end":{"line":17,"column":52}},"9":{"start":{"line":18,"column":0},"end":{"line":18,"column":38}},"10":{"start":{"line":20,"column":20},"end":{"line":20,"column":51}},"11":{"start":{"line":21,"column":0},"end":{"line":21,"column":42}},"12":{"start":{"line":23,"column":19},"end":{"line":23,"column":55}},"13":{"start":{"line":24,"column":0},"end":{"line":24,"column":40}},"14":{"start":{"line":26,"column":22},"end":{"line":26,"column":67}},"15":{"start":{"line":27,"column":0},"end":{"line":27,"column":31}},"16":{"start":{"line":29,"column":22},"end":{"line":29,"column":49}},"17":{"start":{"line":30,"column":0},"end":{"line":30,"column":31}},"18":{"start":{"line":33,"column":13},"end":{"line":33,"column":37}},"19":{"start":{"line":34,"column":0},"end":{"line":38,"column":1}},"20":{"start":{"line":35,"column":2},"end":{"line":37,"column":5}},"21":{"start":{"line":36,"column":4},"end":{"line":36,"column":64}},"22":{"start":{"line":40,"column":0},"end":{"line":40,"column":21}}},"fnMap":{"0":{"name":"(anonymous_0)","decl":{"start":{"line":35,"column":19},"end":{"line":35,"column":20}},"loc":{"start":{"line":35,"column":25},"end":{"line":37,"column":3}},"line":35}},"branchMap":{"0":{"loc":{"start":{"line":33,"column":13},"end":{"line":33,"column":37}},"type":"binary-expr","locations":[{"start":{"line":33,"column":13},"end":{"line":33,"column":29}},{"start":{"line":33,"column":33},"end":{"line":33,"column":37}}],"line":33},"1":{"loc":{"start":{"line":34,"column":0},"end":{"line":38,"column":1}},"type":"if","locations":[{"start":{"line":34,"column":0},"end":{"line":38,"column":1}},{"start":{},"end":{}}],"line":34}},"s":{"0":1,"1":1,"2":1,"3":1,"4":1,"5":1,"6":1,"7":1,"8":1,"9":1,"10":1,"11":1,"12":1,"13":1,"14":1,"15":1,"16":1,"17":1,"18":1,"19":1,"20":0,"21":0,"22":1},"f":{"0":0},"b":{"0":[1,1],"1":[0,1]},"_coverageSchema":"1a1c01bbd47fc00a2c39e90264f33305004495a9","hash":"67d270a6555822fe83d7cc41142c74d700f4c24f"}
,"C:\\Users\\PC\\OneDrive\\Documents\\Projet2025\\Pandawan\\sailinloc-back\\src\\controllers\\demandeProprietaireController.js": {"path":"C:\\Users\\PC\\OneDrive\\Documents\\Projet2025\\Pandawan\\sailinloc-back\\src\\controllers\\demandeProprietaireController.js","statementMap":{"0":{"start":{"line":1,"column":25},"end":{"line":1,"column":50}},"1":{"start":{"line":2,"column":15},"end":{"line":2,"column":33}},"2":{"start":{"line":4,"column":16},"end":{"line":4,"column":65}},"3":{"start":{"line":6,"column":0},"end":{"line":26,"column":2}},"4":{"start":{"line":7,"column":33},"end":{"line":7,"column":41}},"5":{"start":{"line":9,"column":2},"end":{"line":14,"column":3}},"6":{"start":{"line":10,"column":4},"end":{"line":13,"column":7}},"7":{"start":{"line":15,"column":2},"end":{"line":25,"column":3}},"8":{"start":{"line":16,"column":20},"end":{"line":16,"column":72}},"9":{"start":{"line":17,"column":4},"end":{"line":17,"column":78}},"10":{"start":{"line":18,"column":4},"end":{"line":18,"column":63}},"11":{"start":{"line":20,"column":4},"end":{"line":22,"column":5}},"12":{"start":{"line":21,"column":6},"end":{"line":21,"column":60}},"13":{"start":{"line":23,"column":4},"end":{"line":23,"column":23}},"14":{"start":{"line":24,"column":4},"end":{"line":24,"column":57}}},"fnMap":{"0":{"name":"(anonymous_0)","decl":{"start":{"line":6,"column":22},"end":{"line":6,"column":23}},"loc":{"start":{"line":6,"column":42},"end":{"line":26,"column":1}},"line":6}},"branchMap":{"0":{"loc":{"start":{"line":9,"column":2},"end":{"line":14,"column":3}},"type":"if","locations":[{"start":{"line":9,"column":2},"end":{"line":14,"column":3}},{"start":{},"end":{}}],"line":9},"1":{"loc":{"start":{"line":9,"column":6},"end":{"line":9,"column":38}},"type":"binary-expr","locations":[{"start":{"line":9,"column":6},"end":{"line":9,"column":13}},{"start":{"line":9,"column":17},"end":{"line":9,"column":38}}],"line":9},"2":{"loc":{"start":{"line":20,"column":4},"end":{"line":22,"column":5}},"type":"if","locations":[{"start":{"line":20,"column":4},"end":{"line":22,"column":5}},{"start":{},"end":{}}],"line":20},"3":{"loc":{"start":{"line":20,"column":8},"end":{"line":20,"column":65}},"type":"binary-expr","locations":[{"start":{"line":20,"column":8},"end":{"line":20,"column":34}},{"start":{"line":20,"column":38},"end":{"line":20,"column":65}}],"line":20}},"s":{"0":1,"1":1,"2":1,"3":1,"4":0,"5":0,"6":0,"7":0,"8":0,"9":0,"10":0,"11":0,"12":0,"13":0,"14":0},"f":{"0":0},"b":{"0":[0,0],"1":[0,0],"2":[0,0],"3":[0,0]},"_coverageSchema":"1a1c01bbd47fc00a2c39e90264f33305004495a9","hash":"ae8596ff7508b939fd5f751ee68120146f235d40"}
,"C:\\Users\\PC\\OneDrive\\Documents\\Projet2025\\Pandawan\\sailinloc-back\\src\\controllers\\utilisateurController.js": {"path":"C:\\Users\\PC\\OneDrive\\Documents\\Projet2025\\Pandawan\\sailinloc-back\\src\\controllers\\utilisateurController.js","statementMap":{"0":{"start":{"line":1,"column":25},"end":{"line":1,"column":50}},"1":{"start":{"line":2,"column":15},"end":{"line":2,"column":33}},"2":{"start":{"line":9,"column":4},"end":{"line":9,"column":45}},"3":{"start":{"line":12,"column":2},"end":{"line":58,"column":3}},"4":{"start":{"line":13,"column":17},"end":{"line":13,"column":25}},"5":{"start":{"line":14,"column":4},"end":{"line":14,"column":47}},"6":{"start":{"line":15,"column":4},"end":{"line":17,"column":5}},"7":{"start":{"line":16,"column":6},"end":{"line":16,"column":51}},"8":{"start":{"line":19,"column":17},"end":{"line":19,"column":25}},"9":{"start":{"line":20,"column":4},"end":{"line":22,"column":5}},"10":{"start":{"line":21,"column":6},"end":{"line":21,"column":74}},"11":{"start":{"line":25,"column":30},"end":{"line":27,"column":6}},"12":{"start":{"line":28,"column":4},"end":{"line":28,"column":74}},"13":{"start":{"line":30,"column":4},"end":{"line":32,"column":5}},"14":{"start":{"line":31,"column":6},"end":{"line":31,"column":77}},"15":{"start":{"line":35,"column":24},"end":{"line":35,"column":61}},"16":{"start":{"line":37,"column":4},"end":{"line":40,"column":7}},"17":{"start":{"line":43,"column":4},"end":{"line":53,"column":5}},"18":{"start":{"line":44,"column":6},"end":{"line":46,"column":7}},"19":{"start":{"line":45,"column":8},"end":{"line":45,"column":79}},"20":{"start":{"line":47,"column":6},"end":{"line":51,"column":7}},"21":{"start":{"line":48,"column":8},"end":{"line":50,"column":72}},"22":{"start":{"line":52,"column":6},"end":{"line":52,"column":77}},"23":{"start":{"line":54,"column":4},"end":{"line":54,"column":25}},"24":{"start":{"line":55,"column":4},"end":{"line":57,"column":7}},"25":{"start":{"line":62,"column":2},"end":{"line":90,"column":3}},"26":{"start":{"line":63,"column":15},"end":{"line":63,"column":28}},"27":{"start":{"line":64,"column":17},"end":{"line":64,"column":25}},"28":{"start":{"line":65,"column":17},"end":{"line":65,"column":25}},"29":{"start":{"line":67,"column":24},"end":{"line":67,"column":65}},"30":{"start":{"line":69,"column":4},"end":{"line":72,"column":7}},"31":{"start":{"line":74,"column":4},"end":{"line":84,"column":5}},"32":{"start":{"line":75,"column":6},"end":{"line":77,"column":7}},"33":{"start":{"line":76,"column":8},"end":{"line":76,"column":79}},"34":{"start":{"line":78,"column":6},"end":{"line":82,"column":7}},"35":{"start":{"line":79,"column":8},"end":{"line":81,"column":72}},"36":{"start":{"line":83,"column":6},"end":{"line":83,"column":77}},"37":{"start":{"line":86,"column":4},"end":{"line":86,"column":25}},"38":{"start":{"line":87,"column":4},"end":{"line":89,"column":75}},"39":{"start":{"line":93,"column":26},"end":{"line":102,"column":1}},"40":{"start":{"line":94,"column":2},"end":{"line":101,"column":3}},"41":{"start":{"line":95,"column":15},"end":{"line":95,"column":42}},"42":{"start":{"line":96,"column":4},"end":{"line":96,"column":29}},"43":{"start":{"line":97,"column":4},"end":{"line":97,"column":74}},"44":{"start":{"line":99,"column":4},"end":{"line":99,"column":61}},"45":{"start":{"line":100,"column":4},"end":{"line":100,"column":53}},"46":{"start":{"line":105,"column":2},"end":{"line":113,"column":3}},"47":{"start":{"line":106,"column":25},"end":{"line":106,"column":50}},"48":{"start":{"line":107,"column":4},"end":{"line":107,"column":31}},"49":{"start":{"line":109,"column":4},"end":{"line":109,"column":25}},"50":{"start":{"line":110,"column":4},"end":{"line":112,"column":7}},"51":{"start":{"line":117,"column":2},"end":{"line":131,"column":3}},"52":{"start":{"line":118,"column":15},"end":{"line":118,"column":28}},"53":{"start":{"line":119,"column":24},"end":{"line":119,"column":52}},"54":{"start":{"line":121,"column":4},"end":{"line":123,"column":5}},"55":{"start":{"line":122,"column":6},"end":{"line":122,"column":73}},"56":{"start":{"line":125,"column":4},"end":{"line":125,"column":26}},"57":{"start":{"line":127,"column":4},"end":{"line":127,"column":25}},"58":{"start":{"line":128,"column":4},"end":{"line":130,"column":7}},"59":{"start":{"line":134,"column":0},"end":{"line":140,"column":2}}},"fnMap":{"0":{"name":"createUtilisateur","decl":{"start":{"line":11,"column":15},"end":{"line":11,"column":32}},"loc":{"start":{"line":11,"column":43},"end":{"line":59,"column":1}},"line":11},"1":{"name":"updateUtilisateur","decl":{"start":{"line":61,"column":15},"end":{"line":61,"column":32}},"loc":{"start":{"line":61,"column":43},"end":{"line":91,"column":1}},"line":61},"2":{"name":"(anonymous_2)","decl":{"start":{"line":93,"column":26},"end":{"line":93,"column":27}},"loc":{"start":{"line":93,"column":46},"end":{"line":102,"column":1}},"line":93},"3":{"name":"getAllUtilisateurs","decl":{"start":{"line":104,"column":15},"end":{"line":104,"column":33}},"loc":{"start":{"line":104,"column":44},"end":{"line":114,"column":1}},"line":104},"4":{"name":"getUtilisateur","decl":{"start":{"line":116,"column":15},"end":{"line":116,"column":29}},"loc":{"start":{"line":116,"column":40},"end":{"line":132,"column":1}},"line":116}},"branchMap":{"0":{"loc":{"start":{"line":15,"column":4},"end":{"line":17,"column":5}},"type":"if","locations":[{"start":{"line":15,"column":4},"end":{"line":17,"column":5}},{"start":{},"end":{}}],"line":15},"1":{"loc":{"start":{"line":20,"column":4},"end":{"line":22,"column":5}},"type":"if","locations":[{"start":{"line":20,"column":4},"end":{"line":22,"column":5}},{"start":{},"end":{}}],"line":20},"2":{"loc":{"start":{"line":30,"column":4},"end":{"line":32,"column":5}},"type":"if","locations":[{"start":{"line":30,"column":4},"end":{"line":32,"column":5}},{"start":{},"end":{}}],"line":30},"3":{"loc":{"start":{"line":43,"column":4},"end":{"line":53,"column":5}},"type":"if","locations":[{"start":{"line":43,"column":4},"end":{"line":53,"column":5}},{"start":{},"end":{}}],"line":43},"4":{"loc":{"start":{"line":44,"column":6},"end":{"line":46,"column":7}},"type":"if","locations":[{"start":{"line":44,"column":6},"end":{"line":46,"column":7}},{"start":{},"end":{}}],"line":44},"5":{"loc":{"start":{"line":44,"column":10},"end":{"line":44,"column":59}},"type":"binary-expr","locations":[{"start":{"line":44,"column":10},"end":{"line":44,"column":20}},{"start":{"line":44,"column":24},"end":{"line":44,"column":59}}],"line":44},"6":{"loc":{"start":{"line":47,"column":6},"end":{"line":51,"column":7}},"type":"if","locations":[{"start":{"line":47,"column":6},"end":{"line":51,"column":7}},{"start":{},"end":{}}],"line":47},"7":{"loc":{"start":{"line":47,"column":10},"end":{"line":47,"column":63}},"type":"binary-expr","locations":[{"start":{"line":47,"column":10},"end":{"line":47,"column":20}},{"start":{"line":47,"column":24},"end":{"line":47,"column":63}}],"line":47},"8":{"loc":{"start":{"line":56,"column":15},"end":{"line":56,"column":77}},"type":"binary-expr","locations":[{"start":{"line":56,"column":15},"end":{"line":56,"column":28}},{"start":{"line":56,"column":32},"end":{"line":56,"column":77}}],"line":56},"9":{"loc":{"start":{"line":74,"column":4},"end":{"line":84,"column":5}},"type":"if","locations":[{"start":{"line":74,"column":4},"end":{"line":84,"column":5}},{"start":{},"end":{}}],"line":74},"10":{"loc":{"start":{"line":75,"column":6},"end":{"line":77,"column":7}},"type":"if","locations":[{"start":{"line":75,"column":6},"end":{"line":77,"column":7}},{"start":{},"end":{}}],"line":75},"11":{"loc":{"start":{"line":78,"column":6},"end":{"line":82,"column":7}},"type":"if","locations":[{"start":{"line":78,"column":6},"end":{"line":82,"column":7}},{"start":{},"end":{}}],"line":78},"12":{"loc":{"start":{"line":121,"column":4},"end":{"line":123,"column":5}},"type":"if","locations":[{"start":{"line":121,"column":4},"end":{"line":123,"column":5}},{"start":{},"end":{}}],"line":121}},"s":{"0":1,"1":1,"2":1,"3":0,"4":0,"5":0,"6":0,"7":0,"8":0,"9":0,"10":0,"11":0,"12":0,"13":0,"14":0,"15":0,"16":0,"17":0,"18":0,"19":0,"20":0,"21":0,"22":0,"23":0,"24":0,"25":0,"26":0,"27":0,"28":0,"29":0,"30":0,"31":0,"32":0,"33":0,"34":0,"35":0,"36":0,"37":0,"38":0,"39":1,"40":0,"41":0,"42":0,"43":0,"44":0,"45":0,"46":0,"47":0,"48":0,"49":0,"50":0,"51":0,"52":0,"53":0,"54":0,"55":0,"56":0,"57":0,"58":0,"59":1},"f":{"0":0,"1":0,"2":0,"3":0,"4":0},"b":{"0":[0,0],"1":[0,0],"2":[0,0],"3":[0,0],"4":[0,0],"5":[0,0],"6":[0,0],"7":[0,0],"8":[0,0],"9":[0,0],"10":[0,0],"11":[0,0],"12":[0,0]},"_coverageSchema":"1a1c01bbd47fc00a2c39e90264f33305004495a9","hash":"b03794a815b6c99a1d53040010e93aef6a712202"}
,"C:\\Users\\PC\\OneDrive\\Documents\\Projet2025\\Pandawan\\sailinloc-back\\src\\middleware\\authMiddleware.js": {"path":"C:\\Users\\PC\\OneDrive\\Documents\\Projet2025\\Pandawan\\sailinloc-back\\src\\middleware\\authMiddleware.js","statementMap":{"0":{"start":{"line":2,"column":12},"end":{"line":2,"column":35}},"1":{"start":{"line":3,"column":19},"end":{"line":3,"column":41}},"2":{"start":{"line":6,"column":21},"end":{"line":6,"column":46}},"3":{"start":{"line":8,"column":2},"end":{"line":10,"column":3}},"4":{"start":{"line":9,"column":4},"end":{"line":9,"column":78}},"5":{"start":{"line":12,"column":16},"end":{"line":12,"column":40}},"6":{"start":{"line":14,"column":2},"end":{"line":20,"column":3}},"7":{"start":{"line":15,"column":20},"end":{"line":15,"column":49}},"8":{"start":{"line":16,"column":4},"end":{"line":16,"column":23}},"9":{"start":{"line":17,"column":4},"end":{"line":17,"column":11}},"10":{"start":{"line":19,"column":4},"end":{"line":19,"column":73}},"11":{"start":{"line":23,"column":0},"end":{"line":23,"column":32}}},"fnMap":{"0":{"name":"authMiddleware","decl":{"start":{"line":5,"column":9},"end":{"line":5,"column":23}},"loc":{"start":{"line":5,"column":40},"end":{"line":21,"column":1}},"line":5}},"branchMap":{"0":{"loc":{"start":{"line":8,"column":2},"end":{"line":10,"column":3}},"type":"if","locations":[{"start":{"line":8,"column":2},"end":{"line":10,"column":3}},{"start":{},"end":{}}],"line":8},"1":{"loc":{"start":{"line":8,"column":6},"end":{"line":8,"column":54}},"type":"binary-expr","locations":[{"start":{"line":8,"column":6},"end":{"line":8,"column":17}},{"start":{"line":8,"column":21},"end":{"line":8,"column":54}}],"line":8}},"s":{"0":2,"1":2,"2":3,"3":3,"4":1,"5":2,"6":2,"7":2,"8":1,"9":1,"10":1,"11":2},"f":{"0":3},"b":{"0":[1,2],"1":[3,2]},"_coverageSchema":"1a1c01bbd47fc00a2c39e90264f33305004495a9","hash":"7e00fba41ea5ddb1ce8eca050936006141d82351"}
,"C:\\Users\\PC\\OneDrive\\Documents\\Projet2025\\Pandawan\\sailinloc-back\\src\\middleware\\upload.js": {"path":"C:\\Users\\PC\\OneDrive\\Documents\\Projet2025\\Pandawan\\sailinloc-back\\src\\middleware\\upload.js","statementMap":{"0":{"start":{"line":1,"column":11},"end":{"line":1,"column":24}},"1":{"start":{"line":2,"column":15},"end":{"line":2,"column":32}},"2":{"start":{"line":3,"column":13},"end":{"line":3,"column":28}},"3":{"start":{"line":5,"column":18},"end":{"line":5,"column":52}},"4":{"start":{"line":7,"column":0},"end":{"line":9,"column":1}},"5":{"start":{"line":8,"column":2},"end":{"line":8,"column":47}},"6":{"start":{"line":11,"column":16},"end":{"line":20,"column":2}},"7":{"start":{"line":13,"column":4},"end":{"line":13,"column":24}},"8":{"start":{"line":17,"column":6},"end":{"line":17,"column":90}},"9":{"start":{"line":18,"column":4},"end":{"line":18,"column":25}},"10":{"start":{"line":22,"column":15},"end":{"line":22,"column":34}},"11":{"start":{"line":24,"column":0},"end":{"line":24,"column":24}}},"fnMap":{"0":{"name":"(anonymous_0)","decl":{"start":{"line":12,"column":15},"end":{"line":12,"column":16}},"loc":{"start":{"line":12,"column":34},"end":{"line":14,"column":3}},"line":12},"1":{"name":"(anonymous_1)","decl":{"start":{"line":15,"column":12},"end":{"line":15,"column":13}},"loc":{"start":{"line":15,"column":31},"end":{"line":19,"column":3}},"line":15}},"branchMap":{"0":{"loc":{"start":{"line":7,"column":0},"end":{"line":9,"column":1}},"type":"if","locations":[{"start":{"line":7,"column":0},"end":{"line":9,"column":1}},{"start":{},"end":{}}],"line":7}},"s":{"0":1,"1":1,"2":1,"3":1,"4":1,"5":0,"6":1,"7":0,"8":0,"9":0,"10":1,"11":1},"f":{"0":0,"1":0},"b":{"0":[0,1]},"_coverageSchema":"1a1c01bbd47fc00a2c39e90264f33305004495a9","hash":"8b67f090ca9bb49386cdade48d361d210ba51c69"}
,"C:\\Users\\PC\\OneDrive\\Documents\\Projet2025\\Pandawan\\sailinloc-back\\src\\routes\\auth.js": {"path":"C:\\Users\\PC\\OneDrive\\Documents\\Projet2025\\Pandawan\\sailinloc-back\\src\\routes\\auth.js","statementMap":{"0":{"start":{"line":1,"column":16},"end":{"line":1,"column":34}},"1":{"start":{"line":2,"column":15},"end":{"line":2,"column":31}},"2":{"start":{"line":3,"column":15},"end":{"line":3,"column":32}},"3":{"start":{"line":4,"column":12},"end":{"line":4,"column":35}},"4":{"start":{"line":5,"column":19},"end":{"line":5,"column":40}},"5":{"start":{"line":6,"column":21},"end":{"line":6,"column":47}},"6":{"start":{"line":7,"column":34},"end":{"line":7,"column":67}},"7":{"start":{"line":8,"column":42},"end":{"line":8,"column":74}},"8":{"start":{"line":10,"column":14},"end":{"line":10,"column":30}},"9":{"start":{"line":11,"column":42},"end":{"line":11,"column":67}},"10":{"start":{"line":12,"column":15},"end":{"line":12,"column":33}},"11":{"start":{"line":14,"column":19},"end":{"line":14,"column":41}},"12":{"start":{"line":17,"column":22},"end":{"line":17,"column":32}},"13":{"start":{"line":19,"column":2},"end":{"line":19,"column":90}},"14":{"start":{"line":21,"column":2},"end":{"line":21,"column":73}},"15":{"start":{"line":22,"column":18},"end":{"line":22,"column":39}},"16":{"start":{"line":26,"column":2},"end":{"line":26,"column":65}},"17":{"start":{"line":31,"column":2},"end":{"line":33,"column":3}},"18":{"start":{"line":32,"column":4},"end":{"line":32,"column":60}},"19":{"start":{"line":34,"column":2},"end":{"line":36,"column":3}},"20":{"start":{"line":35,"column":4},"end":{"line":35,"column":82}},"21":{"start":{"line":37,"column":2},"end":{"line":39,"column":3}},"22":{"start":{"line":38,"column":4},"end":{"line":38,"column":85}},"23":{"start":{"line":41,"column":2},"end":{"line":43,"column":3}},"24":{"start":{"line":42,"column":4},"end":{"line":42,"column":41}},"25":{"start":{"line":44,"column":2},"end":{"line":46,"column":3}},"26":{"start":{"line":45,"column":4},"end":{"line":45,"column":116}},"27":{"start":{"line":47,"column":2},"end":{"line":47,"column":14}},"28":{"start":{"line":51,"column":0},"end":{"line":79,"column":3}},"29":{"start":{"line":52,"column":49},"end":{"line":52,"column":57}},"30":{"start":{"line":54,"column":16},"end":{"line":54,"column":71}},"31":{"start":{"line":55,"column":2},"end":{"line":55,"column":61}},"32":{"start":{"line":55,"column":13},"end":{"line":55,"column":61}},"33":{"start":{"line":57,"column":23},"end":{"line":59,"column":4}},"34":{"start":{"line":60,"column":2},"end":{"line":61,"column":67}},"35":{"start":{"line":61,"column":4},"end":{"line":61,"column":67}},"36":{"start":{"line":63,"column":25},"end":{"line":63,"column":53}},"37":{"start":{"line":65,"column":15},"end":{"line":73,"column":4}},"38":{"start":{"line":75,"column":49},"end":{"line":75,"column":53}},"39":{"start":{"line":76,"column":2},"end":{"line":78,"column":70}},"40":{"start":{"line":83,"column":25},"end":{"line":83,"column":39}},"41":{"start":{"line":84,"column":2},"end":{"line":84,"column":37}},"42":{"start":{"line":88,"column":0},"end":{"line":126,"column":3}},"43":{"start":{"line":89,"column":30},"end":{"line":89,"column":38}},"44":{"start":{"line":91,"column":2},"end":{"line":93,"column":3}},"45":{"start":{"line":92,"column":4},"end":{"line":92,"column":77}},"46":{"start":{"line":96,"column":2},"end":{"line":98,"column":3}},"47":{"start":{"line":97,"column":4},"end":{"line":97,"column":76}},"48":{"start":{"line":100,"column":2},"end":{"line":104,"column":3}},"49":{"start":{"line":101,"column":4},"end":{"line":103,"column":79}},"50":{"start":{"line":106,"column":2},"end":{"line":125,"column":3}},"51":{"start":{"line":107,"column":17},"end":{"line":107,"column":74}},"52":{"start":{"line":108,"column":4},"end":{"line":110,"column":5}},"53":{"start":{"line":109,"column":6},"end":{"line":109,"column":73}},"54":{"start":{"line":112,"column":26},"end":{"line":112,"column":74}},"55":{"start":{"line":113,"column":4},"end":{"line":114,"column":73}},"56":{"start":{"line":114,"column":6},"end":{"line":114,"column":73}},"57":{"start":{"line":115,"column":18},"end":{"line":119,"column":5}},"58":{"start":{"line":121,"column":4},"end":{"line":121,"column":24}},"59":{"start":{"line":123,"column":4},"end":{"line":123,"column":25}},"60":{"start":{"line":124,"column":4},"end":{"line":124,"column":56}},"61":{"start":{"line":128,"column":0},"end":{"line":159,"column":3}},"62":{"start":{"line":129,"column":20},"end":{"line":129,"column":28}},"63":{"start":{"line":131,"column":2},"end":{"line":133,"column":3}},"64":{"start":{"line":132,"column":4},"end":{"line":132,"column":63}},"65":{"start":{"line":135,"column":15},"end":{"line":135,"column":72}},"66":{"start":{"line":136,"column":2},"end":{"line":138,"column":3}},"67":{"start":{"line":137,"column":4},"end":{"line":137,"column":77}},"68":{"start":{"line":140,"column":16},"end":{"line":142,"column":4}},"69":{"start":{"line":144,"column":19},"end":{"line":144,"column":65}},"70":{"start":{"line":145,"column":2},"end":{"line":145,"column":45}},"71":{"start":{"line":147,"column":2},"end":{"line":158,"column":3}},"72":{"start":{"line":148,"column":4},"end":{"line":152,"column":7}},"73":{"start":{"line":154,"column":4},"end":{"line":154,"column":58}},"74":{"start":{"line":156,"column":4},"end":{"line":156,"column":23}},"75":{"start":{"line":157,"column":4},"end":{"line":157,"column":75}},"76":{"start":{"line":161,"column":0},"end":{"line":194,"column":3}},"77":{"start":{"line":162,"column":33},"end":{"line":162,"column":41}},"78":{"start":{"line":164,"column":2},"end":{"line":168,"column":3}},"79":{"start":{"line":165,"column":4},"end":{"line":167,"column":65}},"80":{"start":{"line":170,"column":2},"end":{"line":193,"column":3}},"81":{"start":{"line":171,"column":20},"end":{"line":171,"column":61}},"82":{"start":{"line":172,"column":18},"end":{"line":172,"column":31}},"83":{"start":{"line":174,"column":17},"end":{"line":174,"column":74}},"84":{"start":{"line":175,"column":4},"end":{"line":177,"column":5}},"85":{"start":{"line":176,"column":6},"end":{"line":176,"column":74}},"86":{"start":{"line":179,"column":25},"end":{"line":179,"column":56}},"87":{"start":{"line":181,"column":4},"end":{"line":184,"column":7}},"88":{"start":{"line":186,"column":4},"end":{"line":186,"column":65}},"89":{"start":{"line":188,"column":4},"end":{"line":190,"column":5}},"90":{"start":{"line":189,"column":6},"end":{"line":189,"column":63}},"91":{"start":{"line":191,"column":4},"end":{"line":191,"column":23}},"92":{"start":{"line":192,"column":4},"end":{"line":192,"column":56}},"93":{"start":{"line":195,"column":0},"end":{"line":195,"column":24}}},"fnMap":{"0":{"name":"hasNoDangerousChars","decl":{"start":{"line":25,"column":9},"end":{"line":25,"column":28}},"loc":{"start":{"line":25,"column":36},"end":{"line":27,"column":1}},"line":25},"1":{"name":"validateRegisterInput","decl":{"start":{"line":30,"column":9},"end":{"line":30,"column":30}},"loc":{"start":{"line":30,"column":65},"end":{"line":48,"column":1}},"line":30},"2":{"name":"(anonymous_2)","decl":{"start":{"line":51,"column":25},"end":{"line":51,"column":26}},"loc":{"start":{"line":51,"column":45},"end":{"line":79,"column":1}},"line":51},"3":{"name":"isSafeInput","decl":{"start":{"line":82,"column":9},"end":{"line":82,"column":20}},"loc":{"start":{"line":82,"column":28},"end":{"line":85,"column":1}},"line":82},"4":{"name":"(anonymous_4)","decl":{"start":{"line":88,"column":22},"end":{"line":88,"column":23}},"loc":{"start":{"line":88,"column":42},"end":{"line":126,"column":1}},"line":88},"5":{"name":"(anonymous_5)","decl":{"start":{"line":128,"column":32},"end":{"line":128,"column":33}},"loc":{"start":{"line":128,"column":52},"end":{"line":159,"column":1}},"line":128},"6":{"name":"(anonymous_6)","decl":{"start":{"line":161,"column":31},"end":{"line":161,"column":32}},"loc":{"start":{"line":161,"column":51},"end":{"line":194,"column":1}},"line":161}},"branchMap":{"0":{"loc":{"start":{"line":26,"column":9},"end":{"line":26,"column":64}},"type":"binary-expr","locations":[{"start":{"line":26,"column":9},"end":{"line":26,"column":34}},{"start":{"line":26,"column":38},"end":{"line":26,"column":64}}],"line":26},"1":{"loc":{"start":{"line":31,"column":2},"end":{"line":33,"column":3}},"type":"if","locations":[{"start":{"line":31,"column":2},"end":{"line":33,"column":3}},{"start":{},"end":{}}],"line":31},"2":{"loc":{"start":{"line":31,"column":6},"end":{"line":31,"column":44}},"type":"binary-expr","locations":[{"start":{"line":31,"column":6},"end":{"line":31,"column":10}},{"start":{"line":31,"column":14},"end":{"line":31,"column":21}},{"start":{"line":31,"column":25},"end":{"line":31,"column":31}},{"start":{"line":31,"column":35},"end":{"line":31,"column":44}}],"line":31},"3":{"loc":{"start":{"line":34,"column":2},"end":{"line":36,"column":3}},"type":"if","locations":[{"start":{"line":34,"column":2},"end":{"line":36,"column":3}},{"start":{},"end":{}}],"line":34},"4":{"loc":{"start":{"line":34,"column":6},"end":{"line":34,"column":55}},"type":"binary-expr","locations":[{"start":{"line":34,"column":6},"end":{"line":34,"column":31}},{"start":{"line":34,"column":35},"end":{"line":34,"column":55}}],"line":34},"5":{"loc":{"start":{"line":37,"column":2},"end":{"line":39,"column":3}},"type":"if","locations":[{"start":{"line":37,"column":2},"end":{"line":39,"column":3}},{"start":{},"end":{}}],"line":37},"6":{"loc":{"start":{"line":37,"column":6},"end":{"line":37,"column":61}},"type":"binary-expr","locations":[{"start":{"line":37,"column":6},"end":{"line":37,"column":34}},{"start":{"line":37,"column":38},"end":{"line":37,"column":61}}],"line":37},"7":{"loc":{"start":{"line":41,"column":2},"end":{"line":43,"column":3}},"type":"if","locations":[{"start":{"line":41,"column":2},"end":{"line":43,"column":3}},{"start":{},"end":{}}],"line":41},"8":{"loc":{"start":{"line":41,"column":6},"end":{"line":41,"column":60}},"type":"binary-expr","locations":[{"start":{"line":41,"column":6},"end":{"line":41,"column":33}},{"start":{"line":41,"column":37},"end":{"line":41,"column":60}}],"line":41},"9":{"loc":{"start":{"line":44,"column":2},"end":{"line":46,"column":3}},"type":"if","locations":[{"start":{"line":44,"column":2},"end":{"line":46,"column":3}},{"start":{},"end":{}}],"line":44},"10":{"loc":{"start":{"line":55,"column":2},"end":{"line":55,"column":61}},"type":"if","locations":[{"start":{"line":55,"column":2},"end":{"line":55,"column":61}},{"start":{},"end":{}}],"line":55},"11":{"loc":{"start":{"line":60,"column":2},"end":{"line":61,"column":67}},"type":"if","locations":[{"start":{"line":60,"column":2},"end":{"line":61,"column":67}},{"start":{},"end":{}}],"line":60},"12":{"loc":{"start":{"line":71,"column":12},"end":{"line":71,"column":42}},"type":"binary-expr","locations":[{"start":{"line":71,"column":12},"end":{"line":71,"column":16}},{"start":{"line":71,"column":20},"end":{"line":71,"column":42}}],"line":71},"13":{"loc":{"start":{"line":91,"column":2},"end":{"line":93,"column":3}},"type":"if","locations":[{"start":{"line":91,"column":2},"end":{"line":93,"column":3}},{"start":{},"end":{}}],"line":91},"14":{"loc":{"start":{"line":91,"column":6},"end":{"line":91,"column":25}},"type":"binary-expr","locations":[{"start":{"line":91,"column":6},"end":{"line":91,"column":12}},{"start":{"line":91,"column":16},"end":{"line":91,"column":25}}],"line":91},"15":{"loc":{"start":{"line":96,"column":2},"end":{"line":98,"column":3}},"type":"if","locations":[{"start":{"line":96,"column":2},"end":{"line":98,"column":3}},{"start":{},"end":{}}],"line":96},"16":{"loc":{"start":{"line":96,"column":6},"end":{"line":96,"column":52}},"type":"binary-expr","locations":[{"start":{"line":96,"column":6},"end":{"line":96,"column":25}},{"start":{"line":96,"column":29},"end":{"line":96,"column":52}}],"line":96},"17":{"loc":{"start":{"line":100,"column":2},"end":{"line":104,"column":3}},"type":"if","locations":[{"start":{"line":100,"column":2},"end":{"line":104,"column":3}},{"start":{},"end":{}}],"line":100},"18":{"loc":{"start":{"line":108,"column":4},"end":{"line":110,"column":5}},"type":"if","locations":[{"start":{"line":108,"column":4},"end":{"line":110,"column":5}},{"start":{},"end":{}}],"line":108},"19":{"loc":{"start":{"line":113,"column":4},"end":{"line":114,"column":73}},"type":"if","locations":[{"start":{"line":113,"column":4},"end":{"line":114,"column":73}},{"start":{},"end":{}}],"line":113},"20":{"loc":{"start":{"line":131,"column":2},"end":{"line":133,"column":3}},"type":"if","locations":[{"start":{"line":131,"column":2},"end":{"line":133,"column":3}},{"start":{},"end":{}}],"line":131},"21":{"loc":{"start":{"line":131,"column":6},"end":{"line":131,"column":62}},"type":"binary-expr","locations":[{"start":{"line":131,"column":6},"end":{"line":131,"column":12}},{"start":{"line":131,"column":16},"end":{"line":131,"column":35}},{"start":{"line":131,"column":39},"end":{"line":131,"column":62}}],"line":131},"22":{"loc":{"start":{"line":136,"column":2},"end":{"line":138,"column":3}},"type":"if","locations":[{"start":{"line":136,"column":2},"end":{"line":138,"column":3}},{"start":{},"end":{}}],"line":136},"23":{"loc":{"start":{"line":164,"column":2},"end":{"line":168,"column":3}},"type":"if","locations":[{"start":{"line":164,"column":2},"end":{"line":168,"column":3}},{"start":{},"end":{}}],"line":164},"24":{"loc":{"start":{"line":164,"column":6},"end":{"line":164,"column":28}},"type":"binary-expr","locations":[{"start":{"line":164,"column":6},"end":{"line":164,"column":12}},{"start":{"line":164,"column":16},"end":{"line":164,"column":28}}],"line":164},"25":{"loc":{"start":{"line":175,"column":4},"end":{"line":177,"column":5}},"type":"if","locations":[{"start":{"line":175,"column":4},"end":{"line":177,"column":5}},{"start":{},"end":{}}],"line":175},"26":{"loc":{"start":{"line":188,"column":4},"end":{"line":190,"column":5}},"type":"if","locations":[{"start":{"line":188,"column":4},"end":{"line":190,"column":5}},{"start":{},"end":{}}],"line":188}},"s":{"0":1,"1":1,"2":1,"3":1,"4":1,"5":1,"6":1,"7":1,"8":1,"9":1,"10":1,"11":1,"12":1,"13":1,"14":1,"15":1,"16":9,"17":3,"18":0,"19":3,"20":0,"21":3,"22":0,"23":3,"24":0,"25":3,"26":0,"27":3,"28":1,"29":3,"30":3,"31":3,"32":0,"33":3,"34":3,"35":1,"36":2,"37":2,"38":2,"39":2,"40":8,"41":8,"42":1,"43":4,"44":4,"45":0,"46":4,"47":0,"48":4,"49":0,"50":4,"51":4,"52":4,"53":1,"54":3,"55":3,"56":1,"57":2,"58":2,"59":0,"60":0,"61":1,"62":0,"63":0,"64":0,"65":0,"66":0,"67":0,"68":0,"69":0,"70":0,"71":0,"72":0,"73":0,"74":0,"75":0,"76":1,"77":0,"78":0,"79":0,"80":0,"81":0,"82":0,"83":0,"84":0,"85":0,"86":0,"87":0,"88":0,"89":0,"90":0,"91":0,"92":0,"93":1},"f":{"0":9,"1":3,"2":3,"3":8,"4":4,"5":0,"6":0},"b":{"0":[9,9],"1":[0,3],"2":[3,3,3,3],"3":[0,3],"4":[3,3],"5":[0,3],"6":[3,3],"7":[0,3],"8":[3,3],"9":[0,3],"10":[0,3],"11":[1,2],"12":[2,0],"13":[0,4],"14":[4,4],"15":[0,4],"16":[4,4],"17":[0,4],"18":[1,3],"19":[1,2],"20":[0,0],"21":[0,0,0],"22":[0,0],"23":[0,0],"24":[0,0],"25":[0,0],"26":[0,0]},"_coverageSchema":"1a1c01bbd47fc00a2c39e90264f33305004495a9","hash":"ff1a351eb0b83a29a093d7fa6195422cf9c4af7e"}
,"C:\\Users\\PC\\OneDrive\\Documents\\Projet2025\\Pandawan\\sailinloc-back\\src\\routes\\bateauRoute.js": {"path":"C:\\Users\\PC\\OneDrive\\Documents\\Projet2025\\Pandawan\\sailinloc-back\\src\\routes\\bateauRoute.js","statementMap":{"0":{"start":{"line":1,"column":16},"end":{"line":1,"column":34}},"1":{"start":{"line":2,"column":15},"end":{"line":2,"column":31}},"2":{"start":{"line":3,"column":33},"end":{"line":3,"column":58}},"3":{"start":{"line":4,"column":15},"end":{"line":4,"column":33}},"4":{"start":{"line":8,"column":2},"end":{"line":13,"column":30}},"5":{"start":{"line":18,"column":19},"end":{"line":18,"column":42}},"6":{"start":{"line":19,"column":13},"end":{"line":19,"column":21}},"7":{"start":{"line":20,"column":14},"end":{"line":20,"column":15}},"8":{"start":{"line":22,"column":2},"end":{"line":24,"column":3}},"9":{"start":{"line":23,"column":4},"end":{"line":23,"column":36}},"10":{"start":{"line":26,"column":2},"end":{"line":26,"column":14}},"11":{"start":{"line":30,"column":0},"end":{"line":78,"column":3}},"12":{"start":{"line":31,"column":2},"end":{"line":77,"column":3}},"13":{"start":{"line":32,"column":17},"end":{"line":32,"column":25}},"14":{"start":{"line":33,"column":17},"end":{"line":33,"column":57}},"15":{"start":{"line":35,"column":19},"end":{"line":71,"column":6}},"16":{"start":{"line":73,"column":4},"end":{"line":73,"column":73}},"17":{"start":{"line":75,"column":4},"end":{"line":75,"column":25}},"18":{"start":{"line":76,"column":4},"end":{"line":76,"column":76}},"19":{"start":{"line":81,"column":0},"end":{"line":91,"column":3}},"20":{"start":{"line":82,"column":2},"end":{"line":90,"column":3}},"21":{"start":{"line":83,"column":20},"end":{"line":85,"column":6}},"22":{"start":{"line":86,"column":4},"end":{"line":86,"column":41}},"23":{"start":{"line":88,"column":4},"end":{"line":88,"column":25}},"24":{"start":{"line":89,"column":4},"end":{"line":89,"column":82}},"25":{"start":{"line":94,"column":0},"end":{"line":117,"column":3}},"26":{"start":{"line":95,"column":2},"end":{"line":116,"column":3}},"27":{"start":{"line":96,"column":19},"end":{"line":106,"column":6}},"28":{"start":{"line":108,"column":4},"end":{"line":110,"column":5}},"29":{"start":{"line":109,"column":6},"end":{"line":109,"column":66}},"30":{"start":{"line":112,"column":4},"end":{"line":112,"column":40}},"31":{"start":{"line":114,"column":4},"end":{"line":114,"column":25}},"32":{"start":{"line":115,"column":4},"end":{"line":115,"column":80}},"33":{"start":{"line":120,"column":0},"end":{"line":144,"column":3}},"34":{"start":{"line":121,"column":2},"end":{"line":143,"column":3}},"35":{"start":{"line":122,"column":19},"end":{"line":133,"column":6}},"36":{"start":{"line":135,"column":4},"end":{"line":137,"column":5}},"37":{"start":{"line":136,"column":6},"end":{"line":136,"column":66}},"38":{"start":{"line":139,"column":4},"end":{"line":139,"column":40}},"39":{"start":{"line":141,"column":4},"end":{"line":141,"column":25}},"40":{"start":{"line":142,"column":4},"end":{"line":142,"column":54}},"41":{"start":{"line":147,"column":0},"end":{"line":221,"column":3}},"42":{"start":{"line":148,"column":17},"end":{"line":148,"column":27}},"43":{"start":{"line":149,"column":15},"end":{"line":149,"column":23}},"44":{"start":{"line":151,"column":2},"end":{"line":220,"column":3}},"45":{"start":{"line":152,"column":27},"end":{"line":155,"column":6}},"46":{"start":{"line":157,"column":4},"end":{"line":159,"column":5}},"47":{"start":{"line":158,"column":6},"end":{"line":158,"column":66}},"48":{"start":{"line":162,"column":23},"end":{"line":170,"column":5}},"49":{"start":{"line":172,"column":27},"end":{"line":190,"column":5}},"50":{"start":{"line":192,"column":4},"end":{"line":194,"column":35}},"51":{"start":{"line":197,"column":4},"end":{"line":208,"column":5}},"52":{"start":{"line":198,"column":6},"end":{"line":200,"column":9}},"53":{"start":{"line":201,"column":6},"end":{"line":207,"column":9}},"54":{"start":{"line":202,"column":42},"end":{"line":206,"column":9}},"55":{"start":{"line":210,"column":19},"end":{"line":214,"column":6}},"56":{"start":{"line":216,"column":4},"end":{"line":216,"column":40}},"57":{"start":{"line":218,"column":4},"end":{"line":218,"column":25}},"58":{"start":{"line":219,"column":4},"end":{"line":219,"column":79}},"59":{"start":{"line":224,"column":0},"end":{"line":248,"column":3}},"60":{"start":{"line":225,"column":19},"end":{"line":225,"column":29}},"61":{"start":{"line":227,"column":2},"end":{"line":247,"column":3}},"62":{"start":{"line":229,"column":19},"end":{"line":231,"column":6}},"63":{"start":{"line":233,"column":4},"end":{"line":235,"column":5}},"64":{"start":{"line":234,"column":6},"end":{"line":234,"column":66}},"65":{"start":{"line":238,"column":4},"end":{"line":238,"column":78}},"66":{"start":{"line":241,"column":4},"end":{"line":241,"column":61}},"67":{"start":{"line":243,"column":4},"end":{"line":243,"column":72}},"68":{"start":{"line":245,"column":4},"end":{"line":245,"column":25}},"69":{"start":{"line":246,"column":4},"end":{"line":246,"column":79}},"70":{"start":{"line":251,"column":0},"end":{"line":251,"column":24}}},"fnMap":{"0":{"name":"generateSlug","decl":{"start":{"line":7,"column":9},"end":{"line":7,"column":21}},"loc":{"start":{"line":7,"column":28},"end":{"line":14,"column":1}},"line":7},"1":{"name":"generateUniqueSlug","decl":{"start":{"line":17,"column":15},"end":{"line":17,"column":33}},"loc":{"start":{"line":17,"column":45},"end":{"line":27,"column":1}},"line":17},"2":{"name":"(anonymous_2)","decl":{"start":{"line":30,"column":17},"end":{"line":30,"column":18}},"loc":{"start":{"line":30,"column":37},"end":{"line":78,"column":1}},"line":30},"3":{"name":"(anonymous_3)","decl":{"start":{"line":81,"column":16},"end":{"line":81,"column":17}},"loc":{"start":{"line":81,"column":36},"end":{"line":91,"column":1}},"line":81},"4":{"name":"(anonymous_4)","decl":{"start":{"line":94,"column":19},"end":{"line":94,"column":20}},"loc":{"start":{"line":94,"column":39},"end":{"line":117,"column":1}},"line":94},"5":{"name":"(anonymous_5)","decl":{"start":{"line":120,"column":26},"end":{"line":120,"column":27}},"loc":{"start":{"line":120,"column":46},"end":{"line":144,"column":1}},"line":120},"6":{"name":"(anonymous_6)","decl":{"start":{"line":147,"column":19},"end":{"line":147,"column":20}},"loc":{"start":{"line":147,"column":39},"end":{"line":221,"column":1}},"line":147},"7":{"name":"(anonymous_7)","decl":{"start":{"line":202,"column":30},"end":{"line":202,"column":31}},"loc":{"start":{"line":202,"column":42},"end":{"line":206,"column":9}},"line":202},"8":{"name":"(anonymous_8)","decl":{"start":{"line":224,"column":29},"end":{"line":224,"column":30}},"loc":{"start":{"line":224,"column":49},"end":{"line":248,"column":1}},"line":224}},"branchMap":{"0":{"loc":{"start":{"line":40,"column":21},"end":{"line":40,"column":55}},"type":"binary-expr","locations":[{"start":{"line":40,"column":21},"end":{"line":40,"column":37}},{"start":{"line":40,"column":41},"end":{"line":40,"column":55}}],"line":40},"1":{"loc":{"start":{"line":41,"column":20},"end":{"line":41,"column":48}},"type":"binary-expr","locations":[{"start":{"line":41,"column":20},"end":{"line":41,"column":35}},{"start":{"line":41,"column":39},"end":{"line":41,"column":48}}],"line":41},"2":{"loc":{"start":{"line":42,"column":14},"end":{"line":42,"column":57}},"type":"binary-expr","locations":[{"start":{"line":42,"column":14},"end":{"line":42,"column":30}},{"start":{"line":42,"column":34},"end":{"line":42,"column":57}}],"line":42},"3":{"loc":{"start":{"line":44,"column":43},"end":{"line":44,"column":70}},"type":"binary-expr","locations":[{"start":{"line":44,"column":43},"end":{"line":44,"column":64}},{"start":{"line":44,"column":68},"end":{"line":44,"column":70}}],"line":44},"4":{"loc":{"start":{"line":49,"column":22},"end":{"line":49,"column":55}},"type":"binary-expr","locations":[{"start":{"line":49,"column":22},"end":{"line":49,"column":47}},{"start":{"line":49,"column":51},"end":{"line":49,"column":55}}],"line":49},"5":{"loc":{"start":{"line":50,"column":21},"end":{"line":50,"column":53}},"type":"binary-expr","locations":[{"start":{"line":50,"column":21},"end":{"line":50,"column":45}},{"start":{"line":50,"column":49},"end":{"line":50,"column":53}}],"line":50},"6":{"loc":{"start":{"line":51,"column":23},"end":{"line":51,"column":57}},"type":"binary-expr","locations":[{"start":{"line":51,"column":23},"end":{"line":51,"column":49}},{"start":{"line":51,"column":53},"end":{"line":51,"column":57}}],"line":51},"7":{"loc":{"start":{"line":52,"column":25},"end":{"line":52,"column":59}},"type":"binary-expr","locations":[{"start":{"line":52,"column":25},"end":{"line":52,"column":51}},{"start":{"line":52,"column":55},"end":{"line":52,"column":59}}],"line":52},"8":{"loc":{"start":{"line":53,"column":27},"end":{"line":53,"column":63}},"type":"binary-expr","locations":[{"start":{"line":53,"column":27},"end":{"line":53,"column":55}},{"start":{"line":53,"column":59},"end":{"line":53,"column":63}}],"line":53},"9":{"loc":{"start":{"line":54,"column":29},"end":{"line":54,"column":67}},"type":"binary-expr","locations":[{"start":{"line":54,"column":29},"end":{"line":54,"column":59}},{"start":{"line":54,"column":63},"end":{"line":54,"column":67}}],"line":54},"10":{"loc":{"start":{"line":55,"column":40},"end":{"line":55,"column":68}},"type":"binary-expr","locations":[{"start":{"line":55,"column":40},"end":{"line":55,"column":62}},{"start":{"line":55,"column":66},"end":{"line":55,"column":68}}],"line":55},"11":{"loc":{"start":{"line":56,"column":44},"end":{"line":56,"column":59}},"type":"binary-expr","locations":[{"start":{"line":56,"column":44},"end":{"line":56,"column":53}},{"start":{"line":56,"column":57},"end":{"line":56,"column":59}}],"line":56},"12":{"loc":{"start":{"line":57,"column":29},"end":{"line":57,"column":55}},"type":"binary-expr","locations":[{"start":{"line":57,"column":29},"end":{"line":57,"column":49}},{"start":{"line":57,"column":53},"end":{"line":57,"column":55}}],"line":57},"13":{"loc":{"start":{"line":58,"column":27},"end":{"line":58,"column":51}},"type":"binary-expr","locations":[{"start":{"line":58,"column":27},"end":{"line":58,"column":45}},{"start":{"line":58,"column":49},"end":{"line":58,"column":51}}],"line":58},"14":{"loc":{"start":{"line":59,"column":27},"end":{"line":59,"column":51}},"type":"binary-expr","locations":[{"start":{"line":59,"column":27},"end":{"line":59,"column":45}},{"start":{"line":59,"column":49},"end":{"line":59,"column":51}}],"line":59},"15":{"loc":{"start":{"line":60,"column":33},"end":{"line":60,"column":63}},"type":"binary-expr","locations":[{"start":{"line":60,"column":33},"end":{"line":60,"column":57}},{"start":{"line":60,"column":61},"end":{"line":60,"column":63}}],"line":60},"16":{"loc":{"start":{"line":62,"column":35},"end":{"line":62,"column":67}},"type":"binary-expr","locations":[{"start":{"line":62,"column":35},"end":{"line":62,"column":61}},{"start":{"line":62,"column":65},"end":{"line":62,"column":67}}],"line":62},"17":{"loc":{"start":{"line":63,"column":34},"end":{"line":63,"column":65}},"type":"binary-expr","locations":[{"start":{"line":63,"column":34},"end":{"line":63,"column":59}},{"start":{"line":63,"column":63},"end":{"line":63,"column":65}}],"line":63},"18":{"loc":{"start":{"line":64,"column":26},"end":{"line":64,"column":47}},"type":"binary-expr","locations":[{"start":{"line":64,"column":26},"end":{"line":64,"column":41}},{"start":{"line":64,"column":45},"end":{"line":64,"column":47}}],"line":64},"19":{"loc":{"start":{"line":65,"column":26},"end":{"line":65,"column":48}},"type":"binary-expr","locations":[{"start":{"line":65,"column":26},"end":{"line":65,"column":42}},{"start":{"line":65,"column":46},"end":{"line":65,"column":48}}],"line":65},"20":{"loc":{"start":{"line":66,"column":31},"end":{"line":66,"column":59}},"type":"binary-expr","locations":[{"start":{"line":66,"column":31},"end":{"line":66,"column":53}},{"start":{"line":66,"column":57},"end":{"line":66,"column":59}}],"line":66},"21":{"loc":{"start":{"line":67,"column":42},"end":{"line":67,"column":66}},"type":"binary-expr","locations":[{"start":{"line":67,"column":42},"end":{"line":67,"column":60}},{"start":{"line":67,"column":64},"end":{"line":67,"column":66}}],"line":67},"22":{"loc":{"start":{"line":108,"column":4},"end":{"line":110,"column":5}},"type":"if","locations":[{"start":{"line":108,"column":4},"end":{"line":110,"column":5}},{"start":{},"end":{}}],"line":108},"23":{"loc":{"start":{"line":135,"column":4},"end":{"line":137,"column":5}},"type":"if","locations":[{"start":{"line":135,"column":4},"end":{"line":137,"column":5}},{"start":{},"end":{}}],"line":135},"24":{"loc":{"start":{"line":157,"column":4},"end":{"line":159,"column":5}},"type":"if","locations":[{"start":{"line":157,"column":4},"end":{"line":159,"column":5}},{"start":{},"end":{}}],"line":157},"25":{"loc":{"start":{"line":166,"column":31},"end":{"line":166,"column":54}},"type":"binary-expr","locations":[{"start":{"line":166,"column":31},"end":{"line":166,"column":47}},{"start":{"line":166,"column":51},"end":{"line":166,"column":54}}],"line":166},"26":{"loc":{"start":{"line":168,"column":41},"end":{"line":168,"column":68}},"type":"binary-expr","locations":[{"start":{"line":168,"column":41},"end":{"line":168,"column":62}},{"start":{"line":168,"column":66},"end":{"line":168,"column":68}}],"line":168},"27":{"loc":{"start":{"line":169,"column":21},"end":{"line":169,"column":47}},"type":"binary-expr","locations":[{"start":{"line":169,"column":21},"end":{"line":169,"column":39}},{"start":{"line":169,"column":43},"end":{"line":169,"column":47}}],"line":169},"28":{"loc":{"start":{"line":173,"column":16},"end":{"line":173,"column":49}},"type":"binary-expr","locations":[{"start":{"line":173,"column":16},"end":{"line":173,"column":41}},{"start":{"line":173,"column":45},"end":{"line":173,"column":49}}],"line":173},"29":{"loc":{"start":{"line":174,"column":15},"end":{"line":174,"column":47}},"type":"binary-expr","locations":[{"start":{"line":174,"column":15},"end":{"line":174,"column":39}},{"start":{"line":174,"column":43},"end":{"line":174,"column":47}}],"line":174},"30":{"loc":{"start":{"line":175,"column":17},"end":{"line":175,"column":51}},"type":"binary-expr","locations":[{"start":{"line":175,"column":17},"end":{"line":175,"column":43}},{"start":{"line":175,"column":47},"end":{"line":175,"column":51}}],"line":175},"31":{"loc":{"start":{"line":176,"column":19},"end":{"line":176,"column":53}},"type":"binary-expr","locations":[{"start":{"line":176,"column":19},"end":{"line":176,"column":45}},{"start":{"line":176,"column":49},"end":{"line":176,"column":53}}],"line":176},"32":{"loc":{"start":{"line":177,"column":21},"end":{"line":177,"column":57}},"type":"binary-expr","locations":[{"start":{"line":177,"column":21},"end":{"line":177,"column":49}},{"start":{"line":177,"column":53},"end":{"line":177,"column":57}}],"line":177},"33":{"loc":{"start":{"line":178,"column":23},"end":{"line":178,"column":61}},"type":"binary-expr","locations":[{"start":{"line":178,"column":23},"end":{"line":178,"column":53}},{"start":{"line":178,"column":57},"end":{"line":178,"column":61}}],"line":178},"34":{"loc":{"start":{"line":179,"column":34},"end":{"line":179,"column":62}},"type":"binary-expr","locations":[{"start":{"line":179,"column":34},"end":{"line":179,"column":56}},{"start":{"line":179,"column":60},"end":{"line":179,"column":62}}],"line":179},"35":{"loc":{"start":{"line":180,"column":38},"end":{"line":180,"column":53}},"type":"binary-expr","locations":[{"start":{"line":180,"column":38},"end":{"line":180,"column":47}},{"start":{"line":180,"column":51},"end":{"line":180,"column":53}}],"line":180},"36":{"loc":{"start":{"line":181,"column":23},"end":{"line":181,"column":49}},"type":"binary-expr","locations":[{"start":{"line":181,"column":23},"end":{"line":181,"column":43}},{"start":{"line":181,"column":47},"end":{"line":181,"column":49}}],"line":181},"37":{"loc":{"start":{"line":182,"column":27},"end":{"line":182,"column":57}},"type":"binary-expr","locations":[{"start":{"line":182,"column":27},"end":{"line":182,"column":51}},{"start":{"line":182,"column":55},"end":{"line":182,"column":57}}],"line":182},"38":{"loc":{"start":{"line":184,"column":29},"end":{"line":184,"column":61}},"type":"binary-expr","locations":[{"start":{"line":184,"column":29},"end":{"line":184,"column":55}},{"start":{"line":184,"column":59},"end":{"line":184,"column":61}}],"line":184},"39":{"loc":{"start":{"line":185,"column":28},"end":{"line":185,"column":59}},"type":"binary-expr","locations":[{"start":{"line":185,"column":28},"end":{"line":185,"column":53}},{"start":{"line":185,"column":57},"end":{"line":185,"column":59}}],"line":185},"40":{"loc":{"start":{"line":186,"column":20},"end":{"line":186,"column":41}},"type":"binary-expr","locations":[{"start":{"line":186,"column":20},"end":{"line":186,"column":35}},{"start":{"line":186,"column":39},"end":{"line":186,"column":41}}],"line":186},"41":{"loc":{"start":{"line":187,"column":20},"end":{"line":187,"column":42}},"type":"binary-expr","locations":[{"start":{"line":187,"column":20},"end":{"line":187,"column":36}},{"start":{"line":187,"column":40},"end":{"line":187,"column":42}}],"line":187},"42":{"loc":{"start":{"line":188,"column":25},"end":{"line":188,"column":53}},"type":"binary-expr","locations":[{"start":{"line":188,"column":25},"end":{"line":188,"column":47}},{"start":{"line":188,"column":51},"end":{"line":188,"column":53}}],"line":188},"43":{"loc":{"start":{"line":189,"column":36},"end":{"line":189,"column":60}},"type":"binary-expr","locations":[{"start":{"line":189,"column":36},"end":{"line":189,"column":54}},{"start":{"line":189,"column":58},"end":{"line":189,"column":60}}],"line":189},"44":{"loc":{"start":{"line":192,"column":25},"end":{"line":194,"column":34}},"type":"cond-expr","locations":[{"start":{"line":193,"column":8},"end":{"line":193,"column":34}},{"start":{"line":194,"column":8},"end":{"line":194,"column":34}}],"line":192},"45":{"loc":{"start":{"line":197,"column":4},"end":{"line":208,"column":5}},"type":"if","locations":[{"start":{"line":197,"column":4},"end":{"line":208,"column":5}},{"start":{},"end":{}}],"line":197},"46":{"loc":{"start":{"line":197,"column":8},"end":{"line":197,"column":49}},"type":"binary-expr","locations":[{"start":{"line":197,"column":8},"end":{"line":197,"column":19}},{"start":{"line":197,"column":23},"end":{"line":197,"column":49}}],"line":197},"47":{"loc":{"start":{"line":233,"column":4},"end":{"line":235,"column":5}},"type":"if","locations":[{"start":{"line":233,"column":4},"end":{"line":235,"column":5}},{"start":{},"end":{}}],"line":233}},"s":{"0":1,"1":1,"2":1,"3":1,"4":0,"5":0,"6":0,"7":0,"8":0,"9":0,"10":0,"11":1,"12":0,"13":0,"14":0,"15":0,"16":0,"17":0,"18":0,"19":1,"20":0,"21":0,"22":0,"23":0,"24":0,"25":1,"26":0,"27":0,"28":0,"29":0,"30":0,"31":0,"32":0,"33":1,"34":0,"35":0,"36":0,"37":0,"38":0,"39":0,"40":0,"41":1,"42":0,"43":0,"44":0,"45":0,"46":0,"47":0,"48":0,"49":0,"50":0,"51":0,"52":0,"53":0,"54":0,"55":0,"56":0,"57":0,"58":0,"59":1,"60":0,"61":0,"62":0,"63":0,"64":0,"65":0,"66":0,"67":0,"68":0,"69":0,"70":1},"f":{"0":0,"1":0,"2":0,"3":0,"4":0,"5":0,"6":0,"7":0,"8":0},"b":{"0":[0,0],"1":[0,0],"2":[0,0],"3":[0,0],"4":[0,0],"5":[0,0],"6":[0,0],"7":[0,0],"8":[0,0],"9":[0,0],"10":[0,0],"11":[0,0],"12":[0,0],"13":[0,0],"14":[0,0],"15":[0,0],"16":[0,0],"17":[0,0],"18":[0,0],"19":[0,0],"20":[0,0],"21":[0,0],"22":[0,0],"23":[0,0],"24":[0,0],"25":[0,0],"26":[0,0],"27":[0,0],"28":[0,0],"29":[0,0],"30":[0,0],"31":[0,0],"32":[0,0],"33":[0,0],"34":[0,0],"35":[0,0],"36":[0,0],"37":[0,0],"38":[0,0],"39":[0,0],"40":[0,0],"41":[0,0],"42":[0,0],"43":[0,0],"44":[0,0],"45":[0,0],"46":[0,0],"47":[0,0]},"_coverageSchema":"1a1c01bbd47fc00a2c39e90264f33305004495a9","hash":"0bfad50a30c2bd4cac1d0413b084df46cdf94e80"}
,"C:\\Users\\PC\\OneDrive\\Documents\\Projet2025\\Pandawan\\sailinloc-back\\src\\routes\\captcha.js": {"path":"C:\\Users\\PC\\OneDrive\\Documents\\Projet2025\\Pandawan\\sailinloc-back\\src\\routes\\captcha.js","statementMap":{"0":{"start":{"line":2,"column":16},"end":{"line":2,"column":34}},"1":{"start":{"line":3,"column":14},"end":{"line":3,"column":30}},"2":{"start":{"line":4,"column":15},"end":{"line":4,"column":31}},"3":{"start":{"line":6,"column":0},"end":{"line":26,"column":3}},"4":{"start":{"line":7,"column":20},"end":{"line":7,"column":28}},"5":{"start":{"line":8,"column":2},"end":{"line":8,"column":57}},"6":{"start":{"line":8,"column":14},"end":{"line":8,"column":57}},"7":{"start":{"line":10,"column":2},"end":{"line":25,"column":3}},"8":{"start":{"line":11,"column":21},"end":{"line":21,"column":5}},"9":{"start":{"line":22,"column":4},"end":{"line":22,"column":54}},"10":{"start":{"line":24,"column":4},"end":{"line":24,"column":40}},"11":{"start":{"line":28,"column":0},"end":{"line":28,"column":24}}},"fnMap":{"0":{"name":"(anonymous_0)","decl":{"start":{"line":6,"column":31},"end":{"line":6,"column":32}},"loc":{"start":{"line":6,"column":51},"end":{"line":26,"column":1}},"line":6}},"branchMap":{"0":{"loc":{"start":{"line":8,"column":2},"end":{"line":8,"column":57}},"type":"if","locations":[{"start":{"line":8,"column":2},"end":{"line":8,"column":57}},{"start":{},"end":{}}],"line":8}},"s":{"0":1,"1":1,"2":1,"3":1,"4":0,"5":0,"6":0,"7":0,"8":0,"9":0,"10":0,"11":1},"f":{"0":0},"b":{"0":[0,0]},"_coverageSchema":"1a1c01bbd47fc00a2c39e90264f33305004495a9","hash":"fe5db00d00606ff39a0d37bbce5fbca7ea861898"}
,"C:\\Users\\PC\\OneDrive\\Documents\\Projet2025\\Pandawan\\sailinloc-back\\src\\routes\\demandeProprietaireRoutes.js": {"path":"C:\\Users\\PC\\OneDrive\\Documents\\Projet2025\\Pandawan\\sailinloc-back\\src\\routes\\demandeProprietaireRoutes.js","statementMap":{"0":{"start":{"line":1,"column":16},"end":{"line":1,"column":34}},"1":{"start":{"line":2,"column":15},"end":{"line":2,"column":31}},"2":{"start":{"line":3,"column":19},"end":{"line":3,"column":74}},"3":{"start":{"line":5,"column":0},"end":{"line":5,"column":49}},"4":{"start":{"line":7,"column":0},"end":{"line":12,"column":3}},"5":{"start":{"line":8,"column":19},"end":{"line":10,"column":4}},"6":{"start":{"line":11,"column":2},"end":{"line":11,"column":21}},"7":{"start":{"line":14,"column":0},"end":{"line":14,"column":24}}},"fnMap":{"0":{"name":"(anonymous_0)","decl":{"start":{"line":7,"column":30},"end":{"line":7,"column":31}},"loc":{"start":{"line":7,"column":50},"end":{"line":12,"column":1}},"line":7}},"branchMap":{},"s":{"0":1,"1":1,"2":1,"3":1,"4":1,"5":0,"6":0,"7":1},"f":{"0":0},"b":{},"_coverageSchema":"1a1c01bbd47fc00a2c39e90264f33305004495a9","hash":"aaaaa1cb30b091472545038c85d9dec156c49c71"}
,"C:\\Users\\PC\\OneDrive\\Documents\\Projet2025\\Pandawan\\sailinloc-back\\src\\routes\\uploadRoute.js": {"path":"C:\\Users\\PC\\OneDrive\\Documents\\Projet2025\\Pandawan\\sailinloc-back\\src\\routes\\uploadRoute.js","statementMap":{"0":{"start":{"line":1,"column":16},"end":{"line":1,"column":34}},"1":{"start":{"line":2,"column":11},"end":{"line":2,"column":30}},"2":{"start":{"line":3,"column":13},"end":{"line":3,"column":28}},"3":{"start":{"line":4,"column":15},"end":{"line":4,"column":46}},"4":{"start":{"line":5,"column":19},"end":{"line":5,"column":55}},"5":{"start":{"line":6,"column":25},"end":{"line":6,"column":50}},"6":{"start":{"line":7,"column":15},"end":{"line":7,"column":33}},"7":{"start":{"line":9,"column":15},"end":{"line":9,"column":31}},"8":{"start":{"line":11,"column":0},"end":{"line":121,"column":2}},"9":{"start":{"line":20,"column":4},"end":{"line":119,"column":5}},"10":{"start":{"line":21,"column":27},"end":{"line":21,"column":29}},"11":{"start":{"line":32,"column":10},"end":{"line":32,"column":18}},"12":{"start":{"line":34,"column":6},"end":{"line":34,"column":43}},"13":{"start":{"line":35,"column":6},"end":{"line":35,"column":68}},"14":{"start":{"line":38,"column":26},"end":{"line":39,"column":86}},"15":{"start":{"line":39,"column":8},"end":{"line":39,"column":86}},"16":{"start":{"line":42,"column":25},"end":{"line":47,"column":7}},"17":{"start":{"line":50,"column":28},"end":{"line":69,"column":7}},"18":{"start":{"line":51,"column":23},"end":{"line":53,"column":10}},"19":{"start":{"line":55,"column":22},"end":{"line":65,"column":10}},"20":{"start":{"line":67,"column":8},"end":{"line":67,"column":35}},"21":{"start":{"line":68,"column":8},"end":{"line":68,"column":21}},"22":{"start":{"line":72,"column":6},"end":{"line":77,"column":7}},"23":{"start":{"line":72,"column":19},"end":{"line":72,"column":20}},"24":{"start":{"line":73,"column":21},"end":{"line":73,"column":43}},"25":{"start":{"line":74,"column":21},"end":{"line":74,"column":51}},"26":{"start":{"line":75,"column":22},"end":{"line":75,"column":53}},"27":{"start":{"line":76,"column":8},"end":{"line":76,"column":33}},"28":{"start":{"line":80,"column":6},"end":{"line":83,"column":7}},"29":{"start":{"line":81,"column":22},"end":{"line":81,"column":59}},"30":{"start":{"line":82,"column":8},"end":{"line":82,"column":33}},"31":{"start":{"line":86,"column":6},"end":{"line":89,"column":7}},"32":{"start":{"line":87,"column":22},"end":{"line":87,"column":72}},"33":{"start":{"line":88,"column":8},"end":{"line":88,"column":33}},"34":{"start":{"line":92,"column":6},"end":{"line":97,"column":7}},"35":{"start":{"line":93,"column":8},"end":{"line":96,"column":9}},"36":{"start":{"line":94,"column":24},"end":{"line":94,"column":74}},"37":{"start":{"line":95,"column":10},"end":{"line":95,"column":35}},"38":{"start":{"line":99,"column":6},"end":{"line":111,"column":9}},"39":{"start":{"line":113,"column":6},"end":{"line":113,"column":78}},"40":{"start":{"line":114,"column":6},"end":{"line":118,"column":9}},"41":{"start":{"line":123,"column":0},"end":{"line":123,"column":24}}},"fnMap":{"0":{"name":"(anonymous_0)","decl":{"start":{"line":19,"column":2},"end":{"line":19,"column":3}},"loc":{"start":{"line":19,"column":22},"end":{"line":120,"column":3}},"line":19},"1":{"name":"(anonymous_1)","decl":{"start":{"line":38,"column":26},"end":{"line":38,"column":27}},"loc":{"start":{"line":39,"column":8},"end":{"line":39,"column":86}},"line":39},"2":{"name":"(anonymous_2)","decl":{"start":{"line":50,"column":28},"end":{"line":50,"column":29}},"loc":{"start":{"line":50,"column":50},"end":{"line":69,"column":7}},"line":50}},"branchMap":{"0":{"loc":{"start":{"line":25,"column":8},"end":{"line":25,"column":24}},"type":"default-arg","locations":[{"start":{"line":25,"column":20},"end":{"line":25,"column":24}}],"line":25},"1":{"loc":{"start":{"line":26,"column":8},"end":{"line":26,"column":26}},"type":"default-arg","locations":[{"start":{"line":26,"column":22},"end":{"line":26,"column":26}}],"line":26},"2":{"loc":{"start":{"line":27,"column":8},"end":{"line":27,"column":26}},"type":"default-arg","locations":[{"start":{"line":27,"column":22},"end":{"line":27,"column":26}}],"line":27},"3":{"loc":{"start":{"line":28,"column":8},"end":{"line":28,"column":23}},"type":"default-arg","locations":[{"start":{"line":28,"column":19},"end":{"line":28,"column":23}}],"line":28},"4":{"loc":{"start":{"line":29,"column":8},"end":{"line":29,"column":28}},"type":"default-arg","locations":[{"start":{"line":29,"column":24},"end":{"line":29,"column":28}}],"line":29},"5":{"loc":{"start":{"line":30,"column":8},"end":{"line":30,"column":27}},"type":"default-arg","locations":[{"start":{"line":30,"column":23},"end":{"line":30,"column":27}}],"line":30},"6":{"loc":{"start":{"line":31,"column":8},"end":{"line":31,"column":27}},"type":"default-arg","locations":[{"start":{"line":31,"column":23},"end":{"line":31,"column":27}}],"line":31},"7":{"loc":{"start":{"line":35,"column":50},"end":{"line":35,"column":65}},"type":"binary-expr","locations":[{"start":{"line":35,"column":50},"end":{"line":35,"column":59}},{"start":{"line":35,"column":63},"end":{"line":35,"column":65}}],"line":35},"8":{"loc":{"start":{"line":39,"column":8},"end":{"line":39,"column":86}},"type":"cond-expr","locations":[{"start":{"line":39,"column":37},"end":{"line":39,"column":81}},{"start":{"line":39,"column":84},"end":{"line":39,"column":86}}],"line":39},"9":{"loc":{"start":{"line":39,"column":8},"end":{"line":39,"column":34}},"type":"binary-expr","locations":[{"start":{"line":39,"column":8},"end":{"line":39,"column":10}},{"start":{"line":39,"column":14},"end":{"line":39,"column":34}}],"line":39},"10":{"loc":{"start":{"line":43,"column":18},"end":{"line":43,"column":43}},"type":"binary-expr","locations":[{"start":{"line":43,"column":18},"end":{"line":43,"column":37}},{"start":{"line":43,"column":41},"end":{"line":43,"column":43}}],"line":43},"11":{"loc":{"start":{"line":44,"column":18},"end":{"line":44,"column":43}},"type":"binary-expr","locations":[{"start":{"line":44,"column":18},"end":{"line":44,"column":37}},{"start":{"line":44,"column":41},"end":{"line":44,"column":43}}],"line":44},"12":{"loc":{"start":{"line":45,"column":22},"end":{"line":45,"column":51}},"type":"binary-expr","locations":[{"start":{"line":45,"column":22},"end":{"line":45,"column":45}},{"start":{"line":45,"column":49},"end":{"line":45,"column":51}}],"line":45},"13":{"loc":{"start":{"line":46,"column":20},"end":{"line":46,"column":47}},"type":"binary-expr","locations":[{"start":{"line":46,"column":20},"end":{"line":46,"column":41}},{"start":{"line":46,"column":45},"end":{"line":46,"column":47}}],"line":46},"14":{"loc":{"start":{"line":61,"column":26},"end":{"line":61,"column":46}},"type":"binary-expr","locations":[{"start":{"line":61,"column":26},"end":{"line":61,"column":38}},{"start":{"line":61,"column":42},"end":{"line":61,"column":46}}],"line":61},"15":{"loc":{"start":{"line":74,"column":21},"end":{"line":74,"column":51}},"type":"cond-expr","locations":[{"start":{"line":74,"column":31},"end":{"line":74,"column":38}},{"start":{"line":74,"column":41},"end":{"line":74,"column":51}}],"line":74},"16":{"loc":{"start":{"line":92,"column":6},"end":{"line":97,"column":7}},"type":"if","locations":[{"start":{"line":92,"column":6},"end":{"line":97,"column":7}},{"start":{},"end":{}}],"line":92}},"s":{"0":1,"1":1,"2":1,"3":1,"4":1,"5":1,"6":1,"7":1,"8":1,"9":0,"10":0,"11":0,"12":0,"13":0,"14":0,"15":0,"16":0,"17":0,"18":0,"19":0,"20":0,"21":0,"22":0,"23":0,"24":0,"25":0,"26":0,"27":0,"28":0,"29":0,"30":0,"31":0,"32":0,"33":0,"34":0,"35":0,"36":0,"37":0,"38":0,"39":0,"40":0,"41":1},"f":{"0":0,"1":0,"2":0},"b":{"0":[0],"1":[0],"2":[0],"3":[0],"4":[0],"5":[0],"6":[0],"7":[0,0],"8":[0,0],"9":[0,0],"10":[0,0],"11":[0,0],"12":[0,0],"13":[0,0],"14":[0,0],"15":[0,0],"16":[0,0]},"_coverageSchema":"1a1c01bbd47fc00a2c39e90264f33305004495a9","hash":"3ba1e4dce24fae5d338c42d65e8242baf317b232"}
,"C:\\Users\\PC\\OneDrive\\Documents\\Projet2025\\Pandawan\\sailinloc-back\\src\\routes\\utilisateurRoute.js": {"path":"C:\\Users\\PC\\OneDrive\\Documents\\Projet2025\\Pandawan\\sailinloc-back\\src\\routes\\utilisateurRoute.js","statementMap":{"0":{"start":{"line":1,"column":16},"end":{"line":1,"column":34}},"1":{"start":{"line":2,"column":15},"end":{"line":2,"column":46}},"2":{"start":{"line":3,"column":25},"end":{"line":3,"column":50}},"3":{"start":{"line":4,"column":15},"end":{"line":4,"column":33}},"4":{"start":{"line":5,"column":23},"end":{"line":5,"column":62}},"5":{"start":{"line":6,"column":105},"end":{"line":6,"column":152}},"6":{"start":{"line":8,"column":15},"end":{"line":8,"column":31}},"7":{"start":{"line":10,"column":0},"end":{"line":21,"column":22}},"8":{"start":{"line":11,"column":4},"end":{"line":11,"column":48}},"9":{"start":{"line":12,"column":2},"end":{"line":14,"column":3}},"10":{"start":{"line":13,"column":4},"end":{"line":13,"column":72}},"11":{"start":{"line":15,"column":2},"end":{"line":17,"column":3}},"12":{"start":{"line":16,"column":4},"end":{"line":16,"column":88}},"13":{"start":{"line":19,"column":2},"end":{"line":19,"column":26}},"14":{"start":{"line":20,"column":2},"end":{"line":20,"column":9}},"15":{"start":{"line":24,"column":0},"end":{"line":50,"column":3}},"16":{"start":{"line":25,"column":2},"end":{"line":49,"column":3}},"17":{"start":{"line":27,"column":19},"end":{"line":27,"column":34}},"18":{"start":{"line":30,"column":13},"end":{"line":39,"column":6}},"19":{"start":{"line":41,"column":4},"end":{"line":43,"column":5}},"20":{"start":{"line":42,"column":6},"end":{"line":42,"column":73}},"21":{"start":{"line":45,"column":4},"end":{"line":45,"column":19}},"22":{"start":{"line":47,"column":4},"end":{"line":47,"column":41}},"23":{"start":{"line":48,"column":4},"end":{"line":48,"column":56}},"24":{"start":{"line":54,"column":0},"end":{"line":54,"column":68}},"25":{"start":{"line":57,"column":0},"end":{"line":57,"column":41}},"26":{"start":{"line":60,"column":0},"end":{"line":60,"column":36}},"27":{"start":{"line":63,"column":0},"end":{"line":63,"column":35}},"28":{"start":{"line":65,"column":0},"end":{"line":65,"column":24}}},"fnMap":{"0":{"name":"(anonymous_0)","decl":{"start":{"line":10,"column":49},"end":{"line":10,"column":50}},"loc":{"start":{"line":10,"column":69},"end":{"line":21,"column":1}},"line":10},"1":{"name":"(anonymous_1)","decl":{"start":{"line":24,"column":34},"end":{"line":24,"column":35}},"loc":{"start":{"line":24,"column":54},"end":{"line":50,"column":1}},"line":24}},"branchMap":{"0":{"loc":{"start":{"line":12,"column":2},"end":{"line":14,"column":3}},"type":"if","locations":[{"start":{"line":12,"column":2},"end":{"line":14,"column":3}},{"start":{},"end":{}}],"line":12},"1":{"loc":{"start":{"line":12,"column":6},"end":{"line":12,"column":42}},"type":"binary-expr","locations":[{"start":{"line":12,"column":6},"end":{"line":12,"column":16}},{"start":{"line":12,"column":20},"end":{"line":12,"column":42}}],"line":12},"2":{"loc":{"start":{"line":15,"column":2},"end":{"line":17,"column":3}},"type":"if","locations":[{"start":{"line":15,"column":2},"end":{"line":17,"column":3}},{"start":{},"end":{}}],"line":15},"3":{"loc":{"start":{"line":41,"column":4},"end":{"line":43,"column":5}},"type":"if","locations":[{"start":{"line":41,"column":4},"end":{"line":43,"column":5}},{"start":{},"end":{}}],"line":41}},"s":{"0":1,"1":1,"2":1,"3":1,"4":1,"5":1,"6":1,"7":1,"8":0,"9":0,"10":0,"11":0,"12":0,"13":0,"14":0,"15":1,"16":0,"17":0,"18":0,"19":0,"20":0,"21":0,"22":0,"23":0,"24":1,"25":1,"26":1,"27":1,"28":1},"f":{"0":0,"1":0},"b":{"0":[0,0],"1":[0,0],"2":[0,0],"3":[0,0]},"_coverageSchema":"1a1c01bbd47fc00a2c39e90264f33305004495a9","hash":"9d6d216d0e83ba1d0343d0ba254083080e66b764"}
,"C:\\Users\\PC\\OneDrive\\Documents\\Projet2025\\Pandawan\\sailinloc-back\\src\\services\\demandeProprietaireService.js": {"path":"C:\\Users\\PC\\OneDrive\\Documents\\Projet2025\\Pandawan\\sailinloc-back\\src\\services\\demandeProprietaireService.js","statementMap":{"0":{"start":{"line":1,"column":25},"end":{"line":1,"column":50}},"1":{"start":{"line":2,"column":15},"end":{"line":2,"column":33}},"2":{"start":{"line":4,"column":17},"end":{"line":5,"column":60}},"3":{"start":{"line":5,"column":2},"end":{"line":5,"column":60}},"4":{"start":{"line":7,"column":14},"end":{"line":7,"column":30}},"5":{"start":{"line":9,"column":0},"end":{"line":46,"column":2}},"6":{"start":{"line":10,"column":14},"end":{"line":10,"column":21}},"7":{"start":{"line":11,"column":16},"end":{"line":11,"column":43}},"8":{"start":{"line":12,"column":23},"end":{"line":12,"column":69}},"9":{"start":{"line":15,"column":22},"end":{"line":17,"column":4}},"10":{"start":{"line":18,"column":2},"end":{"line":22,"column":3}},"11":{"start":{"line":19,"column":16},"end":{"line":19,"column":75}},"12":{"start":{"line":20,"column":4},"end":{"line":20,"column":29}},"13":{"start":{"line":21,"column":4},"end":{"line":21,"column":14}},"14":{"start":{"line":24,"column":21},"end":{"line":30,"column":4}},"15":{"start":{"line":31,"column":2},"end":{"line":36,"column":3}},"16":{"start":{"line":32,"column":24},"end":{"line":32,"column":88}},"17":{"start":{"line":33,"column":16},"end":{"line":33,"column":89}},"18":{"start":{"line":34,"column":4},"end":{"line":34,"column":30}},"19":{"start":{"line":35,"column":4},"end":{"line":35,"column":14}},"20":{"start":{"line":38,"column":2},"end":{"line":45,"column":5}},"21":{"start":{"line":48,"column":0},"end":{"line":62,"column":2}},"22":{"start":{"line":49,"column":16},"end":{"line":49,"column":32}},"23":{"start":{"line":50,"column":2},"end":{"line":50,"column":61}},"24":{"start":{"line":50,"column":14},"end":{"line":50,"column":61}},"25":{"start":{"line":52,"column":2},"end":{"line":61,"column":5}}},"fnMap":{"0":{"name":"(anonymous_0)","decl":{"start":{"line":4,"column":17},"end":{"line":4,"column":18}},"loc":{"start":{"line":5,"column":2},"end":{"line":5,"column":60}},"line":5},"1":{"name":"(anonymous_1)","decl":{"start":{"line":9,"column":24},"end":{"line":9,"column":25}},"loc":{"start":{"line":9,"column":51},"end":{"line":46,"column":1}},"line":9},"2":{"name":"(anonymous_2)","decl":{"start":{"line":48,"column":22},"end":{"line":48,"column":23}},"loc":{"start":{"line":48,"column":63},"end":{"line":62,"column":1}},"line":48}},"branchMap":{"0":{"loc":{"start":{"line":18,"column":2},"end":{"line":22,"column":3}},"type":"if","locations":[{"start":{"line":18,"column":2},"end":{"line":22,"column":3}},{"start":{},"end":{}}],"line":18},"1":{"loc":{"start":{"line":31,"column":2},"end":{"line":36,"column":3}},"type":"if","locations":[{"start":{"line":31,"column":2},"end":{"line":36,"column":3}},{"start":{},"end":{}}],"line":31},"2":{"loc":{"start":{"line":50,"column":2},"end":{"line":50,"column":61}},"type":"if","locations":[{"start":{"line":50,"column":2},"end":{"line":50,"column":61}},{"start":{},"end":{}}],"line":50}},"s":{"0":1,"1":1,"2":1,"3":0,"4":1,"5":1,"6":0,"7":0,"8":0,"9":0,"10":0,"11":0,"12":0,"13":0,"14":0,"15":0,"16":0,"17":0,"18":0,"19":0,"20":0,"21":1,"22":0,"23":0,"24":0,"25":0},"f":{"0":0,"1":0,"2":0},"b":{"0":[0,0],"1":[0,0],"2":[0,0]},"_coverageSchema":"1a1c01bbd47fc00a2c39e90264f33305004495a9","hash":"c43398a505ce7f34ec10c7d4216f7c081be25479"}
,"C:\\Users\\PC\\OneDrive\\Documents\\Projet2025\\Pandawan\\sailinloc-back\\src\\services\\utilisateurService.js": {"path":"C:\\Users\\PC\\OneDrive\\Documents\\Projet2025\\Pandawan\\sailinloc-back\\src\\services\\utilisateurService.js","statementMap":{"0":{"start":{"line":1,"column":53},"end":{"line":1,"column":78}},"1":{"start":{"line":4,"column":4},"end":{"line":4,"column":50}},"2":{"start":{"line":5,"column":15},"end":{"line":5,"column":33}},"3":{"start":{"line":7,"column":15},"end":{"line":7,"column":32}},"4":{"start":{"line":8,"column":43},"end":{"line":8,"column":79}},"5":{"start":{"line":10,"column":11},"end":{"line":10,"column":30}},"6":{"start":{"line":11,"column":13},"end":{"line":11,"column":28}},"7":{"start":{"line":13,"column":16},"end":{"line":13,"column":46}},"8":{"start":{"line":14,"column":2},"end":{"line":17,"column":3}},"9":{"start":{"line":15,"column":4},"end":{"line":15,"column":31}},"10":{"start":{"line":16,"column":4},"end":{"line":16,"column":27}},"11":{"start":{"line":19,"column":2},"end":{"line":62,"column":3}},"12":{"start":{"line":20,"column":27},"end":{"line":20,"column":65}},"13":{"start":{"line":22,"column":19},"end":{"line":24,"column":6}},"14":{"start":{"line":26,"column":17},"end":{"line":44,"column":6}},"15":{"start":{"line":47,"column":4},"end":{"line":53,"column":5}},"16":{"start":{"line":48,"column":6},"end":{"line":52,"column":9}},"17":{"start":{"line":55,"column":4},"end":{"line":55,"column":31}},"18":{"start":{"line":57,"column":51},"end":{"line":57,"column":55}},"19":{"start":{"line":58,"column":4},"end":{"line":58,"column":31}},"20":{"start":{"line":60,"column":4},"end":{"line":60,"column":31}},"21":{"start":{"line":61,"column":4},"end":{"line":61,"column":14}},"22":{"start":{"line":66,"column":2},"end":{"line":66,"column":54}},"23":{"start":{"line":67,"column":22},"end":{"line":69,"column":4}},"24":{"start":{"line":71,"column":2},"end":{"line":73,"column":3}},"25":{"start":{"line":72,"column":4},"end":{"line":72,"column":46}},"26":{"start":{"line":76,"column":2},"end":{"line":79,"column":3}},"27":{"start":{"line":77,"column":17},"end":{"line":77,"column":41}},"28":{"start":{"line":78,"column":4},"end":{"line":78,"column":63}},"29":{"start":{"line":81,"column":2},"end":{"line":105,"column":3}},"30":{"start":{"line":82,"column":4},"end":{"line":91,"column":5}},"31":{"start":{"line":83,"column":23},"end":{"line":83,"column":66}},"32":{"start":{"line":85,"column":6},"end":{"line":90,"column":7}},"33":{"start":{"line":86,"column":8},"end":{"line":86,"column":52}},"34":{"start":{"line":88,"column":8},"end":{"line":88,"column":67}},"35":{"start":{"line":93,"column":4},"end":{"line":101,"column":5}},"36":{"start":{"line":94,"column":21},"end":{"line":96,"column":8}},"37":{"start":{"line":97,"column":6},"end":{"line":97,"column":43}},"38":{"start":{"line":99,"column":6},"end":{"line":99,"column":60}},"39":{"start":{"line":100,"column":6},"end":{"line":100,"column":65}},"40":{"start":{"line":104,"column":4},"end":{"line":104,"column":29}},"41":{"start":{"line":112,"column":30},"end":{"line":123,"column":2}},"42":{"start":{"line":125,"column":2},"end":{"line":125,"column":29}},"43":{"start":{"line":130,"column":22},"end":{"line":132,"column":4}},"44":{"start":{"line":134,"column":2},"end":{"line":136,"column":3}},"45":{"start":{"line":135,"column":4},"end":{"line":135,"column":46}},"46":{"start":{"line":139,"column":2},"end":{"line":179,"column":3}},"47":{"start":{"line":141,"column":25},"end":{"line":143,"column":6}},"48":{"start":{"line":145,"column":4},"end":{"line":178,"column":5}},"49":{"start":{"line":147,"column":22},"end":{"line":152,"column":8}},"50":{"start":{"line":154,"column":24},"end":{"line":154,"column":48}},"51":{"start":{"line":154,"column":43},"end":{"line":154,"column":47}},"52":{"start":{"line":156,"column":6},"end":{"line":170,"column":7}},"53":{"start":{"line":158,"column":8},"end":{"line":162,"column":11}},"54":{"start":{"line":165,"column":8},"end":{"line":169,"column":11}},"55":{"start":{"line":173,"column":6},"end":{"line":177,"column":9}},"56":{"start":{"line":182,"column":2},"end":{"line":185,"column":3}},"57":{"start":{"line":183,"column":21},"end":{"line":183,"column":64}},"58":{"start":{"line":184,"column":4},"end":{"line":184,"column":48}},"59":{"start":{"line":188,"column":2},"end":{"line":190,"column":5}},"60":{"start":{"line":195,"column":2},"end":{"line":223,"column":3}},"61":{"start":{"line":196,"column":25},"end":{"line":204,"column":6}},"62":{"start":{"line":206,"column":36},"end":{"line":216,"column":7}},"63":{"start":{"line":206,"column":61},"end":{"line":216,"column":5}},"64":{"start":{"line":219,"column":4},"end":{"line":219,"column":35}},"65":{"start":{"line":221,"column":4},"end":{"line":221,"column":59}},"66":{"start":{"line":222,"column":4},"end":{"line":222,"column":16}},"67":{"start":{"line":228,"column":2},"end":{"line":230,"column":5}},"68":{"start":{"line":233,"column":0},"end":{"line":239,"column":2}}},"fnMap":{"0":{"name":"createUserWithPhoto","decl":{"start":{"line":12,"column":15},"end":{"line":12,"column":34}},"loc":{"start":{"line":12,"column":47},"end":{"line":63,"column":1}},"line":12},"1":{"name":"updateUserWithPhoto","decl":{"start":{"line":65,"column":15},"end":{"line":65,"column":34}},"loc":{"start":{"line":65,"column":51},"end":{"line":126,"column":1}},"line":65},"2":{"name":"deleteUserById","decl":{"start":{"line":128,"column":15},"end":{"line":128,"column":29}},"loc":{"start":{"line":128,"column":34},"end":{"line":191,"column":1}},"line":128},"3":{"name":"(anonymous_3)","decl":{"start":{"line":154,"column":36},"end":{"line":154,"column":37}},"loc":{"start":{"line":154,"column":43},"end":{"line":154,"column":47}},"line":154},"4":{"name":"getAllUtilisateur","decl":{"start":{"line":194,"column":15},"end":{"line":194,"column":32}},"loc":{"start":{"line":194,"column":35},"end":{"line":224,"column":1}},"line":194},"5":{"name":"(anonymous_5)","decl":{"start":{"line":206,"column":53},"end":{"line":206,"column":54}},"loc":{"start":{"line":206,"column":61},"end":{"line":216,"column":5}},"line":206},"6":{"name":"getUtilisateurById","decl":{"start":{"line":227,"column":15},"end":{"line":227,"column":33}},"loc":{"start":{"line":227,"column":38},"end":{"line":231,"column":1}},"line":227}},"branchMap":{"0":{"loc":{"start":{"line":14,"column":2},"end":{"line":17,"column":3}},"type":"if","locations":[{"start":{"line":14,"column":2},"end":{"line":17,"column":3}},{"start":{},"end":{}}],"line":14},"1":{"loc":{"start":{"line":33,"column":19},"end":{"line":33,"column":41}},"type":"binary-expr","locations":[{"start":{"line":33,"column":19},"end":{"line":33,"column":33}},{"start":{"line":33,"column":37},"end":{"line":33,"column":41}}],"line":33},"2":{"loc":{"start":{"line":34,"column":17},"end":{"line":34,"column":37}},"type":"binary-expr","locations":[{"start":{"line":34,"column":17},"end":{"line":34,"column":29}},{"start":{"line":34,"column":33},"end":{"line":34,"column":37}}],"line":34},"3":{"loc":{"start":{"line":47,"column":4},"end":{"line":53,"column":5}},"type":"if","locations":[{"start":{"line":47,"column":4},"end":{"line":53,"column":5}},{"start":{},"end":{}}],"line":47},"4":{"loc":{"start":{"line":47,"column":8},"end":{"line":47,"column":49}},"type":"binary-expr","locations":[{"start":{"line":47,"column":8},"end":{"line":47,"column":17}},{"start":{"line":47,"column":21},"end":{"line":47,"column":49}}],"line":47},"5":{"loc":{"start":{"line":71,"column":2},"end":{"line":73,"column":3}},"type":"if","locations":[{"start":{"line":71,"column":2},"end":{"line":73,"column":3}},{"start":{},"end":{}}],"line":71},"6":{"loc":{"start":{"line":76,"column":2},"end":{"line":79,"column":3}},"type":"if","locations":[{"start":{"line":76,"column":2},"end":{"line":79,"column":3}},{"start":{},"end":{}}],"line":76},"7":{"loc":{"start":{"line":81,"column":2},"end":{"line":105,"column":3}},"type":"if","locations":[{"start":{"line":81,"column":2},"end":{"line":105,"column":3}},{"start":{},"end":{}}],"line":81},"8":{"loc":{"start":{"line":82,"column":4},"end":{"line":91,"column":5}},"type":"if","locations":[{"start":{"line":82,"column":4},"end":{"line":91,"column":5}},{"start":{},"end":{}}],"line":82},"9":{"loc":{"start":{"line":120,"column":8},"end":{"line":120,"column":58}},"type":"binary-expr","locations":[{"start":{"line":120,"column":8},"end":{"line":120,"column":23}},{"start":{"line":120,"column":27},"end":{"line":120,"column":58}}],"line":120},"10":{"loc":{"start":{"line":121,"column":8},"end":{"line":121,"column":61}},"type":"binary-expr","locations":[{"start":{"line":121,"column":8},"end":{"line":121,"column":24}},{"start":{"line":121,"column":28},"end":{"line":121,"column":61}}],"line":121},"11":{"loc":{"start":{"line":134,"column":2},"end":{"line":136,"column":3}},"type":"if","locations":[{"start":{"line":134,"column":2},"end":{"line":136,"column":3}},{"start":{},"end":{}}],"line":134},"12":{"loc":{"start":{"line":139,"column":2},"end":{"line":179,"column":3}},"type":"if","locations":[{"start":{"line":139,"column":2},"end":{"line":179,"column":3}},{"start":{},"end":{}}],"line":139},"13":{"loc":{"start":{"line":145,"column":4},"end":{"line":178,"column":5}},"type":"if","locations":[{"start":{"line":145,"column":4},"end":{"line":178,"column":5}},{"start":{},"end":{}}],"line":145},"14":{"loc":{"start":{"line":156,"column":6},"end":{"line":170,"column":7}},"type":"if","locations":[{"start":{"line":156,"column":6},"end":{"line":170,"column":7}},{"start":{},"end":{}}],"line":156},"15":{"loc":{"start":{"line":182,"column":2},"end":{"line":185,"column":3}},"type":"if","locations":[{"start":{"line":182,"column":2},"end":{"line":185,"column":3}},{"start":{},"end":{}}],"line":182},"16":{"loc":{"start":{"line":215,"column":16},"end":{"line":215,"column":52}},"type":"binary-expr","locations":[{"start":{"line":215,"column":16},"end":{"line":215,"column":47}},{"start":{"line":215,"column":51},"end":{"line":215,"column":52}}],"line":215}},"s":{"0":1,"1":1,"2":1,"3":1,"4":1,"5":1,"6":1,"7":0,"8":0,"9":0,"10":0,"11":0,"12":0,"13":0,"14":0,"15":0,"16":0,"17":0,"18":0,"19":0,"20":0,"21":0,"22":0,"23":0,"24":0,"25":0,"26":0,"27":0,"28":0,"29":0,"30":0,"31":0,"32":0,"33":0,"34":0,"35":0,"36":0,"37":0,"38":0,"39":0,"40":0,"41":0,"42":0,"43":0,"44":0,"45":0,"46":0,"47":0,"48":0,"49":0,"50":0,"51":0,"52":0,"53":0,"54":0,"55":0,"56":0,"57":0,"58":0,"59":0,"60":0,"61":0,"62":0,"63":0,"64":0,"65":0,"66":0,"67":0,"68":1},"f":{"0":0,"1":0,"2":0,"3":0,"4":0,"5":0,"6":0},"b":{"0":[0,0],"1":[0,0],"2":[0,0],"3":[0,0],"4":[0,0],"5":[0,0],"6":[0,0],"7":[0,0],"8":[0,0],"9":[0,0],"10":[0,0],"11":[0,0],"12":[0,0],"13":[0,0],"14":[0,0],"15":[0,0],"16":[0,0]},"_coverageSchema":"1a1c01bbd47fc00a2c39e90264f33305004495a9","hash":"39b7a0a242aa8b75adad0a287280b693b2dfb592"}
,"C:\\Users\\PC\\OneDrive\\Documents\\Projet2025\\Pandawan\\sailinloc-back\\src\\utils\\cloudinaryConfig.js": {"path":"C:\\Users\\PC\\OneDrive\\Documents\\Projet2025\\Pandawan\\sailinloc-back\\src\\utils\\cloudinaryConfig.js","statementMap":{"0":{"start":{"line":1,"column":19},"end":{"line":1,"column":43}},"1":{"start":{"line":3,"column":0},"end":{"line":7,"column":3}},"2":{"start":{"line":11,"column":19},"end":{"line":11,"column":33}},"3":{"start":{"line":12,"column":26},"end":{"line":12,"column":41}},"4":{"start":{"line":13,"column":17},"end":{"line":13,"column":32}},"5":{"start":{"line":14,"column":31},"end":{"line":14,"column":57}},"6":{"start":{"line":15,"column":2},"end":{"line":15,"column":43}},"7":{"start":{"line":17,"column":0},"end":{"line":17,"column":50}}},"fnMap":{"0":{"name":"getPublicIdFromUrl","decl":{"start":{"line":10,"column":9},"end":{"line":10,"column":27}},"loc":{"start":{"line":10,"column":33},"end":{"line":16,"column":1}},"line":10}},"branchMap":{},"s":{"0":1,"1":1,"2":0,"3":0,"4":0,"5":0,"6":0,"7":1},"f":{"0":0},"b":{},"_coverageSchema":"1a1c01bbd47fc00a2c39e90264f33305004495a9","hash":"7d59c89c5fa07f99c8194beda207bb133dce4910"}
,"C:\\Users\\PC\\OneDrive\\Documents\\Projet2025\\Pandawan\\sailinloc-back\\src\\utils\\emailTemplate.js": {"path":"C:\\Users\\PC\\OneDrive\\Documents\\Projet2025\\Pandawan\\sailinloc-back\\src\\utils\\emailTemplate.js","statementMap":{"0":{"start":{"line":3,"column":2},"end":{"line":59,"column":4}},"1":{"start":{"line":62,"column":0},"end":{"line":62,"column":43}}},"fnMap":{"0":{"name":"resetPasswordTemplate","decl":{"start":{"line":2,"column":9},"end":{"line":2,"column":30}},"loc":{"start":{"line":2,"column":41},"end":{"line":60,"column":1}},"line":2}},"branchMap":{},"s":{"0":0,"1":1},"f":{"0":0},"b":{},"_coverageSchema":"1a1c01bbd47fc00a2c39e90264f33305004495a9","hash":"3b4aad6283a5cc899f07d965e90fed58274fe91a"}
,"C:\\Users\\PC\\OneDrive\\Documents\\Projet2025\\Pandawan\\sailinloc-back\\src\\utils\\hashPassword.js": {"path":"C:\\Users\\PC\\OneDrive\\Documents\\Projet2025\\Pandawan\\sailinloc-back\\src\\utils\\hashPassword.js","statementMap":{"0":{"start":{"line":1,"column":15},"end":{"line":1,"column":32}},"1":{"start":{"line":5,"column":21},"end":{"line":5,"column":23}},"2":{"start":{"line":6,"column":2},"end":{"line":6,"column":49}},"3":{"start":{"line":11,"column":2},"end":{"line":11,"column":46}},"4":{"start":{"line":14,"column":0},"end":{"line":17,"column":2}}},"fnMap":{"0":{"name":"hashPassword","decl":{"start":{"line":4,"column":15},"end":{"line":4,"column":27}},"loc":{"start":{"line":4,"column":38},"end":{"line":7,"column":1}},"line":4},"1":{"name":"comparePassword","decl":{"start":{"line":10,"column":15},"end":{"line":10,"column":30}},"loc":{"start":{"line":10,"column":47},"end":{"line":12,"column":1}},"line":10}},"branchMap":{},"s":{"0":2,"1":5,"2":5,"3":5,"4":2},"f":{"0":5,"1":5},"b":{},"_coverageSchema":"1a1c01bbd47fc00a2c39e90264f33305004495a9","hash":"1b1892862af223a2a19da719b9f88b37e46f4f74"}
,"C:\\Users\\PC\\OneDrive\\Documents\\Projet2025\\Pandawan\\sailinloc-back\\src\\utils\\mailer.js": {"path":"C:\\Users\\PC\\OneDrive\\Documents\\Projet2025\\Pandawan\\sailinloc-back\\src\\utils\\mailer.js","statementMap":{"0":{"start":{"line":2,"column":19},"end":{"line":2,"column":40}},"1":{"start":{"line":5,"column":20},"end":{"line":13,"column":2}},"2":{"start":{"line":20,"column":2},"end":{"line":25,"column":5}},"3":{"start":{"line":28,"column":0},"end":{"line":28,"column":30}}},"fnMap":{"0":{"name":"sendMail","decl":{"start":{"line":19,"column":15},"end":{"line":19,"column":23}},"loc":{"start":{"line":19,"column":47},"end":{"line":26,"column":1}},"line":19}},"branchMap":{},"s":{"0":1,"1":1,"2":0,"3":1},"f":{"0":0},"b":{},"_coverageSchema":"1a1c01bbd47fc00a2c39e90264f33305004495a9","hash":"b8cf73ff04eb8868becf23f99d1424efec6302ec"}
,"C:\\Users\\PC\\OneDrive\\Documents\\Projet2025\\Pandawan\\sailinloc-back\\src\\validation\\authValidation.js": {"path":"C:\\Users\\PC\\OneDrive\\Documents\\Projet2025\\Pandawan\\sailinloc-back\\src\\validation\\authValidation.js","statementMap":{"0":{"start":{"line":1,"column":22},"end":{"line":1,"column":32}},"1":{"start":{"line":2,"column":19},"end":{"line":2,"column":107}},"2":{"start":{"line":3,"column":22},"end":{"line":3,"column":93}},"3":{"start":{"line":4,"column":18},"end":{"line":4,"column":39}},"4":{"start":{"line":7,"column":2},"end":{"line":7,"column":65}},"5":{"start":{"line":11,"column":2},"end":{"line":13,"column":3}},"6":{"start":{"line":12,"column":4},"end":{"line":12,"column":60}},"7":{"start":{"line":14,"column":2},"end":{"line":16,"column":3}},"8":{"start":{"line":15,"column":4},"end":{"line":15,"column":82}},"9":{"start":{"line":17,"column":2},"end":{"line":19,"column":3}},"10":{"start":{"line":18,"column":4},"end":{"line":18,"column":85}},"11":{"start":{"line":20,"column":2},"end":{"line":22,"column":3}},"12":{"start":{"line":21,"column":4},"end":{"line":21,"column":41}},"13":{"start":{"line":23,"column":2},"end":{"line":25,"column":3}},"14":{"start":{"line":24,"column":4},"end":{"line":24,"column":116}},"15":{"start":{"line":26,"column":2},"end":{"line":26,"column":14}},"16":{"start":{"line":30,"column":25},"end":{"line":30,"column":39}},"17":{"start":{"line":31,"column":2},"end":{"line":31,"column":37}},"18":{"start":{"line":34,"column":0},"end":{"line":34,"column":56}}},"fnMap":{"0":{"name":"hasNoDangerousChars","decl":{"start":{"line":6,"column":9},"end":{"line":6,"column":28}},"loc":{"start":{"line":6,"column":36},"end":{"line":8,"column":1}},"line":6},"1":{"name":"validateRegisterInput","decl":{"start":{"line":10,"column":9},"end":{"line":10,"column":30}},"loc":{"start":{"line":10,"column":65},"end":{"line":27,"column":1}},"line":10},"2":{"name":"isSafeInput","decl":{"start":{"line":29,"column":9},"end":{"line":29,"column":20}},"loc":{"start":{"line":29,"column":28},"end":{"line":32,"column":1}},"line":29}},"branchMap":{"0":{"loc":{"start":{"line":7,"column":9},"end":{"line":7,"column":64}},"type":"binary-expr","locations":[{"start":{"line":7,"column":9},"end":{"line":7,"column":34}},{"start":{"line":7,"column":38},"end":{"line":7,"column":64}}],"line":7},"1":{"loc":{"start":{"line":11,"column":2},"end":{"line":13,"column":3}},"type":"if","locations":[{"start":{"line":11,"column":2},"end":{"line":13,"column":3}},{"start":{},"end":{}}],"line":11},"2":{"loc":{"start":{"line":11,"column":6},"end":{"line":11,"column":44}},"type":"binary-expr","locations":[{"start":{"line":11,"column":6},"end":{"line":11,"column":10}},{"start":{"line":11,"column":14},"end":{"line":11,"column":21}},{"start":{"line":11,"column":25},"end":{"line":11,"column":31}},{"start":{"line":11,"column":35},"end":{"line":11,"column":44}}],"line":11},"3":{"loc":{"start":{"line":14,"column":2},"end":{"line":16,"column":3}},"type":"if","locations":[{"start":{"line":14,"column":2},"end":{"line":16,"column":3}},{"start":{},"end":{}}],"line":14},"4":{"loc":{"start":{"line":14,"column":6},"end":{"line":14,"column":55}},"type":"binary-expr","locations":[{"start":{"line":14,"column":6},"end":{"line":14,"column":31}},{"start":{"line":14,"column":35},"end":{"line":14,"column":55}}],"line":14},"5":{"loc":{"start":{"line":17,"column":2},"end":{"line":19,"column":3}},"type":"if","locations":[{"start":{"line":17,"column":2},"end":{"line":19,"column":3}},{"start":{},"end":{}}],"line":17},"6":{"loc":{"start":{"line":17,"column":6},"end":{"line":17,"column":61}},"type":"binary-expr","locations":[{"start":{"line":17,"column":6},"end":{"line":17,"column":34}},{"start":{"line":17,"column":38},"end":{"line":17,"column":61}}],"line":17},"7":{"loc":{"start":{"line":20,"column":2},"end":{"line":22,"column":3}},"type":"if","locations":[{"start":{"line":20,"column":2},"end":{"line":22,"column":3}},{"start":{},"end":{}}],"line":20},"8":{"loc":{"start":{"line":20,"column":6},"end":{"line":20,"column":60}},"type":"binary-expr","locations":[{"start":{"line":20,"column":6},"end":{"line":20,"column":33}},{"start":{"line":20,"column":37},"end":{"line":20,"column":60}}],"line":20},"9":{"loc":{"start":{"line":23,"column":2},"end":{"line":25,"column":3}},"type":"if","locations":[{"start":{"line":23,"column":2},"end":{"line":25,"column":3}},{"start":{},"end":{}}],"line":23}},"s":{"0":1,"1":1,"2":1,"3":1,"4":10,"5":5,"6":1,"7":4,"8":1,"9":3,"10":0,"11":3,"12":1,"13":2,"14":1,"15":1,"16":2,"17":2,"18":1},"f":{"0":10,"1":5,"2":2},"b":{"0":[10,10],"1":[1,4],"2":[5,5,5,4],"3":[1,3],"4":[4,4],"5":[0,3],"6":[3,3],"7":[1,2],"8":[3,3],"9":[1,1]},"_coverageSchema":"1a1c01bbd47fc00a2c39e90264f33305004495a9","hash":"df00246279029eb41bd95ac2bf6772ad1303290c"}
,"C:\\Users\\PC\\OneDrive\\Documents\\Projet2025\\Pandawan\\sailinloc-back\\src\\validation\\utilisateurValidation.js": {"path":"C:\\Users\\PC\\OneDrive\\Documents\\Projet2025\\Pandawan\\sailinloc-back\\src\\validation\\utilisateurValidation.js","statementMap":{"0":{"start":{"line":4,"column":22},"end":{"line":4,"column":32}},"1":{"start":{"line":5,"column":19},"end":{"line":5,"column":96}},"2":{"start":{"line":6,"column":22},"end":{"line":6,"column":93}},"3":{"start":{"line":7,"column":18},"end":{"line":7,"column":39}},"4":{"start":{"line":8,"column":19},"end":{"line":8,"column":41}},"5":{"start":{"line":11,"column":2},"end":{"line":11,"column":65}},"6":{"start":{"line":16,"column":2},"end":{"line":18,"column":3}},"7":{"start":{"line":17,"column":4},"end":{"line":17,"column":60}},"8":{"start":{"line":19,"column":2},"end":{"line":21,"column":3}},"9":{"start":{"line":20,"column":4},"end":{"line":20,"column":82}},"10":{"start":{"line":22,"column":2},"end":{"line":24,"column":3}},"11":{"start":{"line":23,"column":4},"end":{"line":23,"column":85}},"12":{"start":{"line":25,"column":2},"end":{"line":27,"column":3}},"13":{"start":{"line":26,"column":4},"end":{"line":26,"column":41}},"14":{"start":{"line":28,"column":2},"end":{"line":30,"column":3}},"15":{"start":{"line":29,"column":4},"end":{"line":29,"column":116}},"16":{"start":{"line":32,"column":2},"end":{"line":34,"column":3}},"17":{"start":{"line":33,"column":4},"end":{"line":33,"column":99}},"18":{"start":{"line":36,"column":2},"end":{"line":36,"column":14}},"19":{"start":{"line":39,"column":0},"end":{"line":41,"column":2}}},"fnMap":{"0":{"name":"hasNoDangerousChars","decl":{"start":{"line":10,"column":9},"end":{"line":10,"column":28}},"loc":{"start":{"line":10,"column":36},"end":{"line":12,"column":1}},"line":10},"1":{"name":"validateUtilisateurInput","decl":{"start":{"line":15,"column":9},"end":{"line":15,"column":33}},"loc":{"start":{"line":15,"column":81},"end":{"line":37,"column":1}},"line":15}},"branchMap":{"0":{"loc":{"start":{"line":11,"column":9},"end":{"line":11,"column":64}},"type":"binary-expr","locations":[{"start":{"line":11,"column":9},"end":{"line":11,"column":34}},{"start":{"line":11,"column":38},"end":{"line":11,"column":64}}],"line":11},"1":{"loc":{"start":{"line":16,"column":2},"end":{"line":18,"column":3}},"type":"if","locations":[{"start":{"line":16,"column":2},"end":{"line":18,"column":3}},{"start":{},"end":{}}],"line":16},"2":{"loc":{"start":{"line":16,"column":6},"end":{"line":16,"column":46}},"type":"binary-expr","locations":[{"start":{"line":16,"column":6},"end":{"line":16,"column":10}},{"start":{"line":16,"column":14},"end":{"line":16,"column":21}},{"start":{"line":16,"column":25},"end":{"line":16,"column":31}},{"start":{"line":16,"column":35},"end":{"line":16,"column":46}}],"line":16},"3":{"loc":{"start":{"line":19,"column":2},"end":{"line":21,"column":3}},"type":"if","locations":[{"start":{"line":19,"column":2},"end":{"line":21,"column":3}},{"start":{},"end":{}}],"line":19},"4":{"loc":{"start":{"line":19,"column":6},"end":{"line":19,"column":55}},"type":"binary-expr","locations":[{"start":{"line":19,"column":6},"end":{"line":19,"column":31}},{"start":{"line":19,"column":35},"end":{"line":19,"column":55}}],"line":19},"5":{"loc":{"start":{"line":22,"column":2},"end":{"line":24,"column":3}},"type":"if","locations":[{"start":{"line":22,"column":2},"end":{"line":24,"column":3}},{"start":{},"end":{}}],"line":22},"6":{"loc":{"start":{"line":22,"column":6},"end":{"line":22,"column":61}},"type":"binary-expr","locations":[{"start":{"line":22,"column":6},"end":{"line":22,"column":34}},{"start":{"line":22,"column":38},"end":{"line":22,"column":61}}],"line":22},"7":{"loc":{"start":{"line":25,"column":2},"end":{"line":27,"column":3}},"type":"if","locations":[{"start":{"line":25,"column":2},"end":{"line":27,"column":3}},{"start":{},"end":{}}],"line":25},"8":{"loc":{"start":{"line":25,"column":6},"end":{"line":25,"column":60}},"type":"binary-expr","locations":[{"start":{"line":25,"column":6},"end":{"line":25,"column":33}},{"start":{"line":25,"column":37},"end":{"line":25,"column":60}}],"line":25},"9":{"loc":{"start":{"line":28,"column":2},"end":{"line":30,"column":3}},"type":"if","locations":[{"start":{"line":28,"column":2},"end":{"line":30,"column":3}},{"start":{},"end":{}}],"line":28},"10":{"loc":{"start":{"line":32,"column":2},"end":{"line":34,"column":3}},"type":"if","locations":[{"start":{"line":32,"column":2},"end":{"line":34,"column":3}},{"start":{},"end":{}}],"line":32},"11":{"loc":{"start":{"line":32,"column":6},"end":{"line":32,"column":83}},"type":"binary-expr","locations":[{"start":{"line":32,"column":6},"end":{"line":32,"column":15}},{"start":{"line":32,"column":20},"end":{"line":32,"column":51}},{"start":{"line":32,"column":55},"end":{"line":32,"column":82}}],"line":32}},"s":{"0":1,"1":1,"2":1,"3":1,"4":1,"5":0,"6":0,"7":0,"8":0,"9":0,"10":0,"11":0,"12":0,"13":0,"14":0,"15":0,"16":0,"17":0,"18":0,"19":1},"f":{"0":0,"1":0},"b":{"0":[0,0],"1":[0,0],"2":[0,0,0,0],"3":[0,0],"4":[0,0],"5":[0,0],"6":[0,0],"7":[0,0],"8":[0,0],"9":[0,0],"10":[0,0],"11":[0,0,0]},"_coverageSchema":"1a1c01bbd47fc00a2c39e90264f33305004495a9","hash":"7416bb6cd81b7ffea06af1baa73c3c77e3439d0a"}
}
