{"C:\\Users\\PC\\Downloads\\Pandawan\\sailinloc-back\\src\\app.js": {"path":"C:\\Users\\PC\\Downloads\\Pandawan\\sailinloc-back\\src\\app.js","statementMap":{"0":{"start":{"line":1,"column":0},"end":{"line":1,"column":27}},"1":{"start":{"line":2,"column":16},"end":{"line":2,"column":34}},"2":{"start":{"line":3,"column":13},"end":{"line":3,"column":28}},"3":{"start":{"line":5,"column":12},"end":{"line":5,"column":21}},"4":{"start":{"line":8,"column":0},"end":{"line":8,"column":16}},"5":{"start":{"line":11,"column":0},"end":{"line":11,"column":24}},"6":{"start":{"line":14,"column":19},"end":{"line":14,"column":43}},"7":{"start":{"line":15,"column":0},"end":{"line":15,"column":33}},"8":{"start":{"line":17,"column":21},"end":{"line":17,"column":52}},"9":{"start":{"line":18,"column":0},"end":{"line":18,"column":38}},"10":{"start":{"line":20,"column":20},"end":{"line":20,"column":51}},"11":{"start":{"line":21,"column":0},"end":{"line":21,"column":42}},"12":{"start":{"line":23,"column":26},"end":{"line":23,"column":63}},"13":{"start":{"line":24,"column":0},"end":{"line":24,"column":48}},"14":{"start":{"line":26,"column":26},"end":{"line":26,"column":64}},"15":{"start":{"line":27,"column":0},"end":{"line":27,"column":48}},"16":{"start":{"line":29,"column":22},"end":{"line":29,"column":56}},"17":{"start":{"line":30,"column":0},"end":{"line":30,"column":36}},"18":{"start":{"line":32,"column":23},"end":{"line":32,"column":58}},"19":{"start":{"line":33,"column":0},"end":{"line":33,"column":42}},"20":{"start":{"line":35,"column":22},"end":{"line":35,"column":49}},"21":{"start":{"line":36,"column":0},"end":{"line":36,"column":46}},"22":{"start":{"line":38,"column":19},"end":{"line":38,"column":49}},"23":{"start":{"line":39,"column":0},"end":{"line":39,"column":28}},"24":{"start":{"line":41,"column":19},"end":{"line":41,"column":55}},"25":{"start":{"line":42,"column":0},"end":{"line":42,"column":40}},"26":{"start":{"line":47,"column":22},"end":{"line":47,"column":49}},"27":{"start":{"line":48,"column":0},"end":{"line":48,"column":31}},"28":{"start":{"line":50,"column":20},"end":{"line":50,"column":53}},"29":{"start":{"line":51,"column":0},"end":{"line":51,"column":32}},"30":{"start":{"line":54,"column":13},"end":{"line":54,"column":37}},"31":{"start":{"line":55,"column":0},"end":{"line":59,"column":1}},"32":{"start":{"line":56,"column":2},"end":{"line":58,"column":5}},"33":{"start":{"line":57,"column":4},"end":{"line":57,"column":64}},"34":{"start":{"line":61,"column":0},"end":{"line":61,"column":21}}},"fnMap":{"0":{"name":"(anonymous_0)","decl":{"start":{"line":56,"column":19},"end":{"line":56,"column":20}},"loc":{"start":{"line":56,"column":25},"end":{"line":58,"column":3}},"line":56}},"branchMap":{"0":{"loc":{"start":{"line":54,"column":13},"end":{"line":54,"column":37}},"type":"binary-expr","locations":[{"start":{"line":54,"column":13},"end":{"line":54,"column":29}},{"start":{"line":54,"column":33},"end":{"line":54,"column":37}}],"line":54},"1":{"loc":{"start":{"line":55,"column":0},"end":{"line":59,"column":1}},"type":"if","locations":[{"start":{"line":55,"column":0},"end":{"line":59,"column":1}},{"start":{},"end":{}}],"line":55}},"s":{"0":1,"1":1,"2":1,"3":1,"4":1,"5":1,"6":1,"7":1,"8":1,"9":1,"10":1,"11":1,"12":1,"13":1,"14":1,"15":1,"16":1,"17":1,"18":1,"19":1,"20":1,"21":1,"22":1,"23":1,"24":1,"25":1,"26":1,"27":1,"28":1,"29":1,"30":1,"31":1,"32":0,"33":0,"34":1},"f":{"0":0},"b":{"0":[1,1],"1":[0,1]},"_coverageSchema":"1a1c01bbd47fc00a2c39e90264f33305004495a9","hash":"f876245773fa6602afa565bf9c55eb657ede42f7"}
,"C:\\Users\\PC\\Downloads\\Pandawan\\sailinloc-back\\src\\controllers\\commentaireController.js": {"path":"C:\\Users\\PC\\Downloads\\Pandawan\\sailinloc-back\\src\\controllers\\commentaireController.js","statementMap":{"0":{"start":{"line":1,"column":25},"end":{"line":1,"column":50}},"1":{"start":{"line":2,"column":15},"end":{"line":2,"column":33}},"2":{"start":{"line":4,"column":0},"end":{"line":21,"column":2}},"3":{"start":{"line":5,"column":23},"end":{"line":5,"column":32}},"4":{"start":{"line":6,"column":2},"end":{"line":20,"column":3}},"5":{"start":{"line":7,"column":25},"end":{"line":15,"column":6}},"6":{"start":{"line":16,"column":4},"end":{"line":16,"column":27}},"7":{"start":{"line":18,"column":4},"end":{"line":18,"column":25}},"8":{"start":{"line":19,"column":4},"end":{"line":19,"column":54}},"9":{"start":{"line":23,"column":0},"end":{"line":52,"column":2}},"10":{"start":{"line":24,"column":63},"end":{"line":24,"column":71}},"11":{"start":{"line":26,"column":2},"end":{"line":28,"column":3}},"12":{"start":{"line":27,"column":4},"end":{"line":27,"column":65}},"13":{"start":{"line":30,"column":2},"end":{"line":51,"column":3}},"14":{"start":{"line":32,"column":19},"end":{"line":32,"column":83}},"15":{"start":{"line":33,"column":4},"end":{"line":35,"column":5}},"16":{"start":{"line":34,"column":6},"end":{"line":34,"column":67}},"17":{"start":{"line":37,"column":31},"end":{"line":45,"column":6}},"18":{"start":{"line":47,"column":4},"end":{"line":47,"column":45}},"19":{"start":{"line":49,"column":4},"end":{"line":49,"column":25}},"20":{"start":{"line":50,"column":4},"end":{"line":50,"column":67}}},"fnMap":{"0":{"name":"(anonymous_0)","decl":{"start":{"line":4,"column":26},"end":{"line":4,"column":27}},"loc":{"start":{"line":4,"column":46},"end":{"line":21,"column":1}},"line":4},"1":{"name":"(anonymous_1)","decl":{"start":{"line":23,"column":28},"end":{"line":23,"column":29}},"loc":{"start":{"line":23,"column":48},"end":{"line":52,"column":1}},"line":23}},"branchMap":{"0":{"loc":{"start":{"line":8,"column":13},"end":{"line":8,"column":59}},"type":"cond-expr","locations":[{"start":{"line":8,"column":24},"end":{"line":8,"column":54}},{"start":{"line":8,"column":57},"end":{"line":8,"column":59}}],"line":8},"1":{"loc":{"start":{"line":26,"column":2},"end":{"line":28,"column":3}},"type":"if","locations":[{"start":{"line":26,"column":2},"end":{"line":28,"column":3}},{"start":{},"end":{}}],"line":26},"2":{"loc":{"start":{"line":26,"column":6},"end":{"line":26,"column":27}},"type":"binary-expr","locations":[{"start":{"line":26,"column":6},"end":{"line":26,"column":14}},{"start":{"line":26,"column":18},"end":{"line":26,"column":27}}],"line":26},"3":{"loc":{"start":{"line":33,"column":4},"end":{"line":35,"column":5}},"type":"if","locations":[{"start":{"line":33,"column":4},"end":{"line":35,"column":5}},{"start":{},"end":{}}],"line":33},"4":{"loc":{"start":{"line":40,"column":14},"end":{"line":40,"column":23}},"type":"binary-expr","locations":[{"start":{"line":40,"column":14},"end":{"line":40,"column":18}},{"start":{"line":40,"column":22},"end":{"line":40,"column":23}}],"line":40},"5":{"loc":{"start":{"line":42,"column":18},"end":{"line":42,"column":57}},"type":"cond-expr","locations":[{"start":{"line":42,"column":29},"end":{"line":42,"column":45}},{"start":{"line":42,"column":48},"end":{"line":42,"column":57}}],"line":42},"6":{"loc":{"start":{"line":43,"column":23},"end":{"line":43,"column":72}},"type":"cond-expr","locations":[{"start":{"line":43,"column":39},"end":{"line":43,"column":60}},{"start":{"line":43,"column":63},"end":{"line":43,"column":72}}],"line":43}},"s":{"0":1,"1":1,"2":1,"3":0,"4":0,"5":0,"6":0,"7":0,"8":0,"9":1,"10":0,"11":0,"12":0,"13":0,"14":0,"15":0,"16":0,"17":0,"18":0,"19":0,"20":0},"f":{"0":0,"1":0},"b":{"0":[0,0],"1":[0,0],"2":[0,0],"3":[0,0],"4":[0,0],"5":[0,0],"6":[0,0]},"_coverageSchema":"1a1c01bbd47fc00a2c39e90264f33305004495a9","hash":"d91b9610ef375e0fd6a09732e8c700e27c2e31b7"}
,"C:\\Users\\PC\\Downloads\\Pandawan\\sailinloc-back\\src\\controllers\\contactController.js": {"path":"C:\\Users\\PC\\Downloads\\Pandawan\\sailinloc-back\\src\\controllers\\contactController.js","statementMap":{"0":{"start":{"line":2,"column":22},"end":{"line":2,"column":62}},"1":{"start":{"line":5,"column":2},"end":{"line":15,"column":3}},"2":{"start":{"line":6,"column":37},"end":{"line":6,"column":45}},"3":{"start":{"line":7,"column":4},"end":{"line":9,"column":5}},"4":{"start":{"line":8,"column":6},"end":{"line":8,"column":69}},"5":{"start":{"line":10,"column":4},"end":{"line":10,"column":42}},"6":{"start":{"line":11,"column":4},"end":{"line":11,"column":32}},"7":{"start":{"line":13,"column":4},"end":{"line":13,"column":65}},"8":{"start":{"line":14,"column":4},"end":{"line":14,"column":69}},"9":{"start":{"line":18,"column":0},"end":{"line":18,"column":37}}},"fnMap":{"0":{"name":"handleSendEmail","decl":{"start":{"line":4,"column":15},"end":{"line":4,"column":30}},"loc":{"start":{"line":4,"column":41},"end":{"line":16,"column":1}},"line":4}},"branchMap":{"0":{"loc":{"start":{"line":7,"column":4},"end":{"line":9,"column":5}},"type":"if","locations":[{"start":{"line":7,"column":4},"end":{"line":9,"column":5}},{"start":{},"end":{}}],"line":7}},"s":{"0":1,"1":0,"2":0,"3":0,"4":0,"5":0,"6":0,"7":0,"8":0,"9":1},"f":{"0":0},"b":{"0":[0,0]},"_coverageSchema":"1a1c01bbd47fc00a2c39e90264f33305004495a9","hash":"23ead3acbed9f7dcb3539dff237cb2d0e47000fb"}
,"C:\\Users\\PC\\Downloads\\Pandawan\\sailinloc-back\\src\\controllers\\contratController.js": {"path":"C:\\Users\\PC\\Downloads\\Pandawan\\sailinloc-back\\src\\controllers\\contratController.js","statementMap":{"0":{"start":{"line":1,"column":25},"end":{"line":1,"column":50}},"1":{"start":{"line":2,"column":23},"end":{"line":2,"column":59}},"2":{"start":{"line":3,"column":11},"end":{"line":3,"column":24}},"3":{"start":{"line":4,"column":15},"end":{"line":4,"column":33}},"4":{"start":{"line":7,"column":2},"end":{"line":43,"column":3}},"5":{"start":{"line":8,"column":30},"end":{"line":8,"column":38}},"6":{"start":{"line":9,"column":4},"end":{"line":10,"column":72}},"7":{"start":{"line":10,"column":6},"end":{"line":10,"column":72}},"8":{"start":{"line":12,"column":18},"end":{"line":14,"column":6}},"9":{"start":{"line":15,"column":4},"end":{"line":19,"column":5}},"10":{"start":{"line":16,"column":6},"end":{"line":18,"column":9}},"11":{"start":{"line":21,"column":19},"end":{"line":26,"column":6}},"12":{"start":{"line":28,"column":4},"end":{"line":35,"column":7}},"13":{"start":{"line":37,"column":4},"end":{"line":37,"column":33}},"14":{"start":{"line":39,"column":4},"end":{"line":39,"column":56}},"15":{"start":{"line":41,"column":4},"end":{"line":41,"column":23}},"16":{"start":{"line":42,"column":4},"end":{"line":42,"column":54}},"17":{"start":{"line":46,"column":0},"end":{"line":46,"column":35}}},"fnMap":{"0":{"name":"uploadContrat","decl":{"start":{"line":6,"column":15},"end":{"line":6,"column":28}},"loc":{"start":{"line":6,"column":39},"end":{"line":44,"column":1}},"line":6}},"branchMap":{"0":{"loc":{"start":{"line":9,"column":4},"end":{"line":10,"column":72}},"type":"if","locations":[{"start":{"line":9,"column":4},"end":{"line":10,"column":72}},{"start":{},"end":{}}],"line":9},"1":{"loc":{"start":{"line":15,"column":4},"end":{"line":19,"column":5}},"type":"if","locations":[{"start":{"line":15,"column":4},"end":{"line":19,"column":5}},{"start":{},"end":{}}],"line":15}},"s":{"0":1,"1":1,"2":1,"3":1,"4":0,"5":0,"6":0,"7":0,"8":0,"9":0,"10":0,"11":0,"12":0,"13":0,"14":0,"15":0,"16":0,"17":1},"f":{"0":0},"b":{"0":[0,0],"1":[0,0]},"_coverageSchema":"1a1c01bbd47fc00a2c39e90264f33305004495a9","hash":"5156673691cca0fe9793bdda3931ce72b7e76633"}
,"C:\\Users\\PC\\Downloads\\Pandawan\\sailinloc-back\\src\\controllers\\message.controller.js": {"path":"C:\\Users\\PC\\Downloads\\Pandawan\\sailinloc-back\\src\\controllers\\message.controller.js","statementMap":{"0":{"start":{"line":1,"column":16},"end":{"line":1,"column":54}},"1":{"start":{"line":6,"column":0},"end":{"line":19,"column":2}},"2":{"start":{"line":7,"column":2},"end":{"line":18,"column":3}},"3":{"start":{"line":8,"column":19},"end":{"line":8,"column":45}},"4":{"start":{"line":9,"column":17},"end":{"line":9,"column":42}},"5":{"start":{"line":10,"column":17},"end":{"line":10,"column":44}},"6":{"start":{"line":11,"column":17},"end":{"line":11,"column":45}},"7":{"start":{"line":13,"column":21},"end":{"line":13,"column":79}},"8":{"start":{"line":14,"column":4},"end":{"line":14,"column":27}},"9":{"start":{"line":16,"column":4},"end":{"line":16,"column":23}},"10":{"start":{"line":17,"column":4},"end":{"line":17,"column":49}},"11":{"start":{"line":24,"column":0},"end":{"line":35,"column":2}},"12":{"start":{"line":25,"column":2},"end":{"line":34,"column":3}},"13":{"start":{"line":26,"column":19},"end":{"line":26,"column":45}},"14":{"start":{"line":27,"column":22},"end":{"line":27,"column":43}},"15":{"start":{"line":29,"column":20},"end":{"line":29,"column":70}},"16":{"start":{"line":30,"column":4},"end":{"line":30,"column":22}},"17":{"start":{"line":32,"column":4},"end":{"line":32,"column":23}},"18":{"start":{"line":33,"column":4},"end":{"line":33,"column":49}},"19":{"start":{"line":40,"column":0},"end":{"line":59,"column":2}},"20":{"start":{"line":41,"column":2},"end":{"line":58,"column":3}},"21":{"start":{"line":42,"column":19},"end":{"line":42,"column":45}},"22":{"start":{"line":43,"column":65},"end":{"line":43,"column":73}},"23":{"start":{"line":45,"column":20},"end":{"line":52,"column":6}},"24":{"start":{"line":54,"column":4},"end":{"line":54,"column":22}},"25":{"start":{"line":56,"column":4},"end":{"line":56,"column":23}},"26":{"start":{"line":57,"column":4},"end":{"line":57,"column":49}}},"fnMap":{"0":{"name":"(anonymous_0)","decl":{"start":{"line":6,"column":32},"end":{"line":6,"column":33}},"loc":{"start":{"line":6,"column":52},"end":{"line":19,"column":1}},"line":6},"1":{"name":"(anonymous_1)","decl":{"start":{"line":24,"column":31},"end":{"line":24,"column":32}},"loc":{"start":{"line":24,"column":51},"end":{"line":35,"column":1}},"line":24},"2":{"name":"(anonymous_2)","decl":{"start":{"line":40,"column":34},"end":{"line":40,"column":35}},"loc":{"start":{"line":40,"column":54},"end":{"line":59,"column":1}},"line":40}},"branchMap":{"0":{"loc":{"start":{"line":9,"column":17},"end":{"line":9,"column":42}},"type":"binary-expr","locations":[{"start":{"line":9,"column":17},"end":{"line":9,"column":31}},{"start":{"line":9,"column":35},"end":{"line":9,"column":42}}],"line":9},"1":{"loc":{"start":{"line":10,"column":17},"end":{"line":10,"column":44}},"type":"binary-expr","locations":[{"start":{"line":10,"column":17},"end":{"line":10,"column":39}},{"start":{"line":10,"column":43},"end":{"line":10,"column":44}}],"line":10},"2":{"loc":{"start":{"line":11,"column":17},"end":{"line":11,"column":45}},"type":"binary-expr","locations":[{"start":{"line":11,"column":17},"end":{"line":11,"column":39}},{"start":{"line":11,"column":43},"end":{"line":11,"column":45}}],"line":11}},"s":{"0":1,"1":1,"2":0,"3":0,"4":0,"5":0,"6":0,"7":0,"8":0,"9":0,"10":0,"11":1,"12":0,"13":0,"14":0,"15":0,"16":0,"17":0,"18":0,"19":1,"20":0,"21":0,"22":0,"23":0,"24":0,"25":0,"26":0},"f":{"0":0,"1":0,"2":0},"b":{"0":[0,0],"1":[0,0],"2":[0,0]},"_coverageSchema":"1a1c01bbd47fc00a2c39e90264f33305004495a9","hash":"2fd7b2cb6b7f0d8e26fdc366512264f02b9ed86f"}
,"C:\\Users\\PC\\Downloads\\Pandawan\\sailinloc-back\\src\\controllers\\recuController.js": {"path":"C:\\Users\\PC\\Downloads\\Pandawan\\sailinloc-back\\src\\controllers\\recuController.js","statementMap":{"0":{"start":{"line":1,"column":30},"end":{"line":1,"column":64}},"1":{"start":{"line":4,"column":2},"end":{"line":15,"column":3}},"2":{"start":{"line":5,"column":30},"end":{"line":5,"column":38}},"3":{"start":{"line":6,"column":4},"end":{"line":7,"column":72}},"4":{"start":{"line":7,"column":6},"end":{"line":7,"column":72}},"5":{"start":{"line":8,"column":4},"end":{"line":8,"column":78}},"6":{"start":{"line":8,"column":19},"end":{"line":8,"column":78}},"7":{"start":{"line":10,"column":17},"end":{"line":10,"column":70}},"8":{"start":{"line":11,"column":4},"end":{"line":11,"column":41}},"9":{"start":{"line":13,"column":4},"end":{"line":13,"column":23}},"10":{"start":{"line":14,"column":4},"end":{"line":14,"column":49}},"11":{"start":{"line":18,"column":0},"end":{"line":18,"column":42}}},"fnMap":{"0":{"name":"uploadRecuController","decl":{"start":{"line":3,"column":15},"end":{"line":3,"column":35}},"loc":{"start":{"line":3,"column":46},"end":{"line":16,"column":1}},"line":3}},"branchMap":{"0":{"loc":{"start":{"line":6,"column":4},"end":{"line":7,"column":72}},"type":"if","locations":[{"start":{"line":6,"column":4},"end":{"line":7,"column":72}},{"start":{},"end":{}}],"line":6},"1":{"loc":{"start":{"line":8,"column":4},"end":{"line":8,"column":78}},"type":"if","locations":[{"start":{"line":8,"column":4},"end":{"line":8,"column":78}},{"start":{},"end":{}}],"line":8}},"s":{"0":1,"1":0,"2":0,"3":0,"4":0,"5":0,"6":0,"7":0,"8":0,"9":0,"10":0,"11":1},"f":{"0":0},"b":{"0":[0,0],"1":[0,0]},"_coverageSchema":"1a1c01bbd47fc00a2c39e90264f33305004495a9","hash":"3835c5fd65f12bd43c302e71e4d6ff9a294b9f0b"}
,"C:\\Users\\PC\\Downloads\\Pandawan\\sailinloc-back\\src\\controllers\\reservation.controller.js": {"path":"C:\\Users\\PC\\Downloads\\Pandawan\\sailinloc-back\\src\\controllers\\reservation.controller.js","statementMap":{"0":{"start":{"line":2,"column":25},"end":{"line":2,"column":50}},"1":{"start":{"line":3,"column":15},"end":{"line":3,"column":33}},"2":{"start":{"line":5,"column":30},"end":{"line":5,"column":72}},"3":{"start":{"line":7,"column":36},"end":{"line":24,"column":1}},"4":{"start":{"line":8,"column":2},"end":{"line":23,"column":3}},"5":{"start":{"line":9,"column":17},"end":{"line":9,"column":25}},"6":{"start":{"line":11,"column":24},"end":{"line":11,"column":53}},"7":{"start":{"line":13,"column":4},"end":{"line":13,"column":72}},"8":{"start":{"line":15,"column":4},"end":{"line":15,"column":25}},"9":{"start":{"line":18,"column":19},"end":{"line":18,"column":42}},"10":{"start":{"line":20,"column":6},"end":{"line":20,"column":69}},"11":{"start":{"line":22,"column":4},"end":{"line":22,"column":48}},"12":{"start":{"line":27,"column":38},"end":{"line":60,"column":1}},"13":{"start":{"line":28,"column":29},"end":{"line":28,"column":39}},"14":{"start":{"line":30,"column":2},"end":{"line":32,"column":3}},"15":{"start":{"line":31,"column":4},"end":{"line":31,"column":72}},"16":{"start":{"line":34,"column":2},"end":{"line":59,"column":3}},"17":{"start":{"line":35,"column":25},"end":{"line":46,"column":6}},"18":{"start":{"line":48,"column":4},"end":{"line":50,"column":5}},"19":{"start":{"line":49,"column":6},"end":{"line":49,"column":75}},"20":{"start":{"line":52,"column":4},"end":{"line":52,"column":46}},"21":{"start":{"line":54,"column":4},"end":{"line":54,"column":39}},"22":{"start":{"line":55,"column":4},"end":{"line":58,"column":7}},"23":{"start":{"line":61,"column":0},"end":{"line":61,"column":80}}},"fnMap":{"0":{"name":"(anonymous_0)","decl":{"start":{"line":7,"column":36},"end":{"line":7,"column":37}},"loc":{"start":{"line":7,"column":56},"end":{"line":24,"column":1}},"line":7},"1":{"name":"(anonymous_1)","decl":{"start":{"line":27,"column":38},"end":{"line":27,"column":39}},"loc":{"start":{"line":27,"column":58},"end":{"line":60,"column":1}},"line":27}},"branchMap":{"0":{"loc":{"start":{"line":18,"column":19},"end":{"line":18,"column":42}},"type":"binary-expr","locations":[{"start":{"line":18,"column":19},"end":{"line":18,"column":35}},{"start":{"line":18,"column":39},"end":{"line":18,"column":42}}],"line":18},"1":{"loc":{"start":{"line":20,"column":6},"end":{"line":20,"column":69}},"type":"binary-expr","locations":[{"start":{"line":20,"column":6},"end":{"line":20,"column":19}},{"start":{"line":20,"column":23},"end":{"line":20,"column":69}}],"line":20},"2":{"loc":{"start":{"line":30,"column":2},"end":{"line":32,"column":3}},"type":"if","locations":[{"start":{"line":30,"column":2},"end":{"line":32,"column":3}},{"start":{},"end":{}}],"line":30},"3":{"loc":{"start":{"line":48,"column":4},"end":{"line":50,"column":5}},"type":"if","locations":[{"start":{"line":48,"column":4},"end":{"line":50,"column":5}},{"start":{},"end":{}}],"line":48}},"s":{"0":1,"1":1,"2":1,"3":1,"4":0,"5":0,"6":0,"7":0,"8":0,"9":0,"10":0,"11":0,"12":1,"13":0,"14":0,"15":0,"16":0,"17":0,"18":0,"19":0,"20":0,"21":0,"22":0,"23":1},"f":{"0":0,"1":0},"b":{"0":[0,0],"1":[0,0],"2":[0,0],"3":[0,0]},"_coverageSchema":"1a1c01bbd47fc00a2c39e90264f33305004495a9","hash":"df0e4dc2630a7a0e81ee3970a6876d9b5c3f1c32"}
,"C:\\Users\\PC\\Downloads\\Pandawan\\sailinloc-back\\src\\controllers\\utilisateurController.js": {"path":"C:\\Users\\PC\\Downloads\\Pandawan\\sailinloc-back\\src\\controllers\\utilisateurController.js","statementMap":{"0":{"start":{"line":1,"column":25},"end":{"line":1,"column":50}},"1":{"start":{"line":2,"column":15},"end":{"line":2,"column":33}},"2":{"start":{"line":9,"column":4},"end":{"line":9,"column":45}},"3":{"start":{"line":12,"column":2},"end":{"line":58,"column":3}},"4":{"start":{"line":13,"column":17},"end":{"line":13,"column":25}},"5":{"start":{"line":14,"column":4},"end":{"line":14,"column":47}},"6":{"start":{"line":15,"column":4},"end":{"line":17,"column":5}},"7":{"start":{"line":16,"column":6},"end":{"line":16,"column":51}},"8":{"start":{"line":19,"column":17},"end":{"line":19,"column":25}},"9":{"start":{"line":20,"column":4},"end":{"line":22,"column":5}},"10":{"start":{"line":21,"column":6},"end":{"line":21,"column":74}},"11":{"start":{"line":25,"column":30},"end":{"line":27,"column":6}},"12":{"start":{"line":28,"column":4},"end":{"line":28,"column":74}},"13":{"start":{"line":30,"column":4},"end":{"line":32,"column":5}},"14":{"start":{"line":31,"column":6},"end":{"line":31,"column":77}},"15":{"start":{"line":35,"column":24},"end":{"line":35,"column":61}},"16":{"start":{"line":37,"column":4},"end":{"line":40,"column":7}},"17":{"start":{"line":43,"column":4},"end":{"line":53,"column":5}},"18":{"start":{"line":44,"column":6},"end":{"line":46,"column":7}},"19":{"start":{"line":45,"column":8},"end":{"line":45,"column":79}},"20":{"start":{"line":47,"column":6},"end":{"line":51,"column":7}},"21":{"start":{"line":48,"column":8},"end":{"line":50,"column":72}},"22":{"start":{"line":52,"column":6},"end":{"line":52,"column":77}},"23":{"start":{"line":54,"column":4},"end":{"line":54,"column":25}},"24":{"start":{"line":55,"column":4},"end":{"line":57,"column":7}},"25":{"start":{"line":62,"column":2},"end":{"line":90,"column":3}},"26":{"start":{"line":63,"column":15},"end":{"line":63,"column":28}},"27":{"start":{"line":64,"column":17},"end":{"line":64,"column":25}},"28":{"start":{"line":65,"column":17},"end":{"line":65,"column":25}},"29":{"start":{"line":67,"column":24},"end":{"line":67,"column":65}},"30":{"start":{"line":69,"column":4},"end":{"line":72,"column":7}},"31":{"start":{"line":74,"column":4},"end":{"line":84,"column":5}},"32":{"start":{"line":75,"column":6},"end":{"line":77,"column":7}},"33":{"start":{"line":76,"column":8},"end":{"line":76,"column":79}},"34":{"start":{"line":78,"column":6},"end":{"line":82,"column":7}},"35":{"start":{"line":79,"column":8},"end":{"line":81,"column":72}},"36":{"start":{"line":83,"column":6},"end":{"line":83,"column":77}},"37":{"start":{"line":86,"column":4},"end":{"line":86,"column":25}},"38":{"start":{"line":87,"column":4},"end":{"line":89,"column":75}},"39":{"start":{"line":93,"column":26},"end":{"line":102,"column":1}},"40":{"start":{"line":94,"column":2},"end":{"line":101,"column":3}},"41":{"start":{"line":95,"column":15},"end":{"line":95,"column":42}},"42":{"start":{"line":96,"column":4},"end":{"line":96,"column":29}},"43":{"start":{"line":97,"column":4},"end":{"line":97,"column":74}},"44":{"start":{"line":99,"column":4},"end":{"line":99,"column":61}},"45":{"start":{"line":100,"column":4},"end":{"line":100,"column":53}},"46":{"start":{"line":105,"column":2},"end":{"line":113,"column":3}},"47":{"start":{"line":106,"column":25},"end":{"line":106,"column":50}},"48":{"start":{"line":107,"column":4},"end":{"line":107,"column":31}},"49":{"start":{"line":109,"column":4},"end":{"line":109,"column":25}},"50":{"start":{"line":110,"column":4},"end":{"line":112,"column":7}},"51":{"start":{"line":117,"column":2},"end":{"line":131,"column":3}},"52":{"start":{"line":118,"column":15},"end":{"line":118,"column":28}},"53":{"start":{"line":119,"column":24},"end":{"line":119,"column":52}},"54":{"start":{"line":121,"column":4},"end":{"line":123,"column":5}},"55":{"start":{"line":122,"column":6},"end":{"line":122,"column":73}},"56":{"start":{"line":125,"column":4},"end":{"line":125,"column":26}},"57":{"start":{"line":127,"column":4},"end":{"line":127,"column":25}},"58":{"start":{"line":128,"column":4},"end":{"line":130,"column":7}},"59":{"start":{"line":134,"column":0},"end":{"line":140,"column":2}}},"fnMap":{"0":{"name":"createUtilisateur","decl":{"start":{"line":11,"column":15},"end":{"line":11,"column":32}},"loc":{"start":{"line":11,"column":43},"end":{"line":59,"column":1}},"line":11},"1":{"name":"updateUtilisateur","decl":{"start":{"line":61,"column":15},"end":{"line":61,"column":32}},"loc":{"start":{"line":61,"column":43},"end":{"line":91,"column":1}},"line":61},"2":{"name":"(anonymous_2)","decl":{"start":{"line":93,"column":26},"end":{"line":93,"column":27}},"loc":{"start":{"line":93,"column":46},"end":{"line":102,"column":1}},"line":93},"3":{"name":"getAllUtilisateurs","decl":{"start":{"line":104,"column":15},"end":{"line":104,"column":33}},"loc":{"start":{"line":104,"column":44},"end":{"line":114,"column":1}},"line":104},"4":{"name":"getUtilisateur","decl":{"start":{"line":116,"column":15},"end":{"line":116,"column":29}},"loc":{"start":{"line":116,"column":40},"end":{"line":132,"column":1}},"line":116}},"branchMap":{"0":{"loc":{"start":{"line":15,"column":4},"end":{"line":17,"column":5}},"type":"if","locations":[{"start":{"line":15,"column":4},"end":{"line":17,"column":5}},{"start":{},"end":{}}],"line":15},"1":{"loc":{"start":{"line":20,"column":4},"end":{"line":22,"column":5}},"type":"if","locations":[{"start":{"line":20,"column":4},"end":{"line":22,"column":5}},{"start":{},"end":{}}],"line":20},"2":{"loc":{"start":{"line":30,"column":4},"end":{"line":32,"column":5}},"type":"if","locations":[{"start":{"line":30,"column":4},"end":{"line":32,"column":5}},{"start":{},"end":{}}],"line":30},"3":{"loc":{"start":{"line":43,"column":4},"end":{"line":53,"column":5}},"type":"if","locations":[{"start":{"line":43,"column":4},"end":{"line":53,"column":5}},{"start":{},"end":{}}],"line":43},"4":{"loc":{"start":{"line":44,"column":6},"end":{"line":46,"column":7}},"type":"if","locations":[{"start":{"line":44,"column":6},"end":{"line":46,"column":7}},{"start":{},"end":{}}],"line":44},"5":{"loc":{"start":{"line":44,"column":10},"end":{"line":44,"column":59}},"type":"binary-expr","locations":[{"start":{"line":44,"column":10},"end":{"line":44,"column":20}},{"start":{"line":44,"column":24},"end":{"line":44,"column":59}}],"line":44},"6":{"loc":{"start":{"line":47,"column":6},"end":{"line":51,"column":7}},"type":"if","locations":[{"start":{"line":47,"column":6},"end":{"line":51,"column":7}},{"start":{},"end":{}}],"line":47},"7":{"loc":{"start":{"line":47,"column":10},"end":{"line":47,"column":63}},"type":"binary-expr","locations":[{"start":{"line":47,"column":10},"end":{"line":47,"column":20}},{"start":{"line":47,"column":24},"end":{"line":47,"column":63}}],"line":47},"8":{"loc":{"start":{"line":56,"column":15},"end":{"line":56,"column":77}},"type":"binary-expr","locations":[{"start":{"line":56,"column":15},"end":{"line":56,"column":28}},{"start":{"line":56,"column":32},"end":{"line":56,"column":77}}],"line":56},"9":{"loc":{"start":{"line":74,"column":4},"end":{"line":84,"column":5}},"type":"if","locations":[{"start":{"line":74,"column":4},"end":{"line":84,"column":5}},{"start":{},"end":{}}],"line":74},"10":{"loc":{"start":{"line":75,"column":6},"end":{"line":77,"column":7}},"type":"if","locations":[{"start":{"line":75,"column":6},"end":{"line":77,"column":7}},{"start":{},"end":{}}],"line":75},"11":{"loc":{"start":{"line":78,"column":6},"end":{"line":82,"column":7}},"type":"if","locations":[{"start":{"line":78,"column":6},"end":{"line":82,"column":7}},{"start":{},"end":{}}],"line":78},"12":{"loc":{"start":{"line":121,"column":4},"end":{"line":123,"column":5}},"type":"if","locations":[{"start":{"line":121,"column":4},"end":{"line":123,"column":5}},{"start":{},"end":{}}],"line":121}},"s":{"0":1,"1":1,"2":1,"3":0,"4":0,"5":0,"6":0,"7":0,"8":0,"9":0,"10":0,"11":0,"12":0,"13":0,"14":0,"15":0,"16":0,"17":0,"18":0,"19":0,"20":0,"21":0,"22":0,"23":0,"24":0,"25":0,"26":0,"27":0,"28":0,"29":0,"30":0,"31":0,"32":0,"33":0,"34":0,"35":0,"36":0,"37":0,"38":0,"39":1,"40":0,"41":0,"42":0,"43":0,"44":0,"45":0,"46":0,"47":0,"48":0,"49":0,"50":0,"51":0,"52":0,"53":0,"54":0,"55":0,"56":0,"57":0,"58":0,"59":1},"f":{"0":0,"1":0,"2":0,"3":0,"4":0},"b":{"0":[0,0],"1":[0,0],"2":[0,0],"3":[0,0],"4":[0,0],"5":[0,0],"6":[0,0],"7":[0,0],"8":[0,0],"9":[0,0],"10":[0,0],"11":[0,0],"12":[0,0]},"_coverageSchema":"1a1c01bbd47fc00a2c39e90264f33305004495a9","hash":"917e19a954bb4e6c98bd14d3c63d471064e96f97"}
,"C:\\Users\\PC\\Downloads\\Pandawan\\sailinloc-back\\src\\middleware\\authMiddleware.js": {"path":"C:\\Users\\PC\\Downloads\\Pandawan\\sailinloc-back\\src\\middleware\\authMiddleware.js","statementMap":{"0":{"start":{"line":2,"column":12},"end":{"line":2,"column":35}},"1":{"start":{"line":3,"column":19},"end":{"line":3,"column":41}},"2":{"start":{"line":6,"column":21},"end":{"line":6,"column":46}},"3":{"start":{"line":8,"column":2},"end":{"line":10,"column":3}},"4":{"start":{"line":9,"column":4},"end":{"line":9,"column":78}},"5":{"start":{"line":12,"column":16},"end":{"line":12,"column":40}},"6":{"start":{"line":14,"column":2},"end":{"line":20,"column":3}},"7":{"start":{"line":15,"column":20},"end":{"line":15,"column":49}},"8":{"start":{"line":16,"column":4},"end":{"line":16,"column":23}},"9":{"start":{"line":17,"column":4},"end":{"line":17,"column":11}},"10":{"start":{"line":19,"column":4},"end":{"line":19,"column":73}},"11":{"start":{"line":23,"column":0},"end":{"line":23,"column":32}}},"fnMap":{"0":{"name":"authMiddleware","decl":{"start":{"line":5,"column":9},"end":{"line":5,"column":23}},"loc":{"start":{"line":5,"column":40},"end":{"line":21,"column":1}},"line":5}},"branchMap":{"0":{"loc":{"start":{"line":8,"column":2},"end":{"line":10,"column":3}},"type":"if","locations":[{"start":{"line":8,"column":2},"end":{"line":10,"column":3}},{"start":{},"end":{}}],"line":8},"1":{"loc":{"start":{"line":8,"column":6},"end":{"line":8,"column":54}},"type":"binary-expr","locations":[{"start":{"line":8,"column":6},"end":{"line":8,"column":17}},{"start":{"line":8,"column":21},"end":{"line":8,"column":54}}],"line":8}},"s":{"0":2,"1":2,"2":3,"3":3,"4":1,"5":2,"6":2,"7":2,"8":1,"9":1,"10":1,"11":2},"f":{"0":3},"b":{"0":[1,2],"1":[3,2]},"_coverageSchema":"1a1c01bbd47fc00a2c39e90264f33305004495a9","hash":"d0bb1316c5c16c7f61f03d8dac6b2f8f14c9ca90"}
,"C:\\Users\\PC\\Downloads\\Pandawan\\sailinloc-back\\src\\middleware\\upload.js": {"path":"C:\\Users\\PC\\Downloads\\Pandawan\\sailinloc-back\\src\\middleware\\upload.js","statementMap":{"0":{"start":{"line":1,"column":11},"end":{"line":1,"column":24}},"1":{"start":{"line":2,"column":15},"end":{"line":2,"column":32}},"2":{"start":{"line":3,"column":13},"end":{"line":3,"column":28}},"3":{"start":{"line":5,"column":18},"end":{"line":5,"column":52}},"4":{"start":{"line":7,"column":0},"end":{"line":9,"column":1}},"5":{"start":{"line":8,"column":2},"end":{"line":8,"column":47}},"6":{"start":{"line":11,"column":16},"end":{"line":20,"column":2}},"7":{"start":{"line":13,"column":4},"end":{"line":13,"column":24}},"8":{"start":{"line":17,"column":6},"end":{"line":17,"column":90}},"9":{"start":{"line":18,"column":4},"end":{"line":18,"column":25}},"10":{"start":{"line":22,"column":15},"end":{"line":22,"column":34}},"11":{"start":{"line":24,"column":0},"end":{"line":24,"column":24}}},"fnMap":{"0":{"name":"(anonymous_0)","decl":{"start":{"line":12,"column":15},"end":{"line":12,"column":16}},"loc":{"start":{"line":12,"column":34},"end":{"line":14,"column":3}},"line":12},"1":{"name":"(anonymous_1)","decl":{"start":{"line":15,"column":12},"end":{"line":15,"column":13}},"loc":{"start":{"line":15,"column":31},"end":{"line":19,"column":3}},"line":15}},"branchMap":{"0":{"loc":{"start":{"line":7,"column":0},"end":{"line":9,"column":1}},"type":"if","locations":[{"start":{"line":7,"column":0},"end":{"line":9,"column":1}},{"start":{},"end":{}}],"line":7}},"s":{"0":1,"1":1,"2":1,"3":1,"4":1,"5":0,"6":1,"7":0,"8":0,"9":0,"10":1,"11":1},"f":{"0":0,"1":0},"b":{"0":[0,1]},"_coverageSchema":"1a1c01bbd47fc00a2c39e90264f33305004495a9","hash":"1ed712ea6718d75401ce1cbd66aaaba612520258"}
,"C:\\Users\\PC\\Downloads\\Pandawan\\sailinloc-back\\src\\routes\\auth.js": {"path":"C:\\Users\\PC\\Downloads\\Pandawan\\sailinloc-back\\src\\routes\\auth.js","statementMap":{"0":{"start":{"line":1,"column":16},"end":{"line":1,"column":34}},"1":{"start":{"line":2,"column":15},"end":{"line":2,"column":31}},"2":{"start":{"line":3,"column":15},"end":{"line":3,"column":32}},"3":{"start":{"line":4,"column":12},"end":{"line":4,"column":35}},"4":{"start":{"line":5,"column":19},"end":{"line":5,"column":40}},"5":{"start":{"line":6,"column":21},"end":{"line":6,"column":47}},"6":{"start":{"line":7,"column":34},"end":{"line":7,"column":67}},"7":{"start":{"line":8,"column":42},"end":{"line":8,"column":74}},"8":{"start":{"line":10,"column":14},"end":{"line":10,"column":30}},"9":{"start":{"line":11,"column":42},"end":{"line":11,"column":67}},"10":{"start":{"line":12,"column":15},"end":{"line":12,"column":33}},"11":{"start":{"line":14,"column":19},"end":{"line":14,"column":41}},"12":{"start":{"line":17,"column":22},"end":{"line":17,"column":32}},"13":{"start":{"line":19,"column":2},"end":{"line":19,"column":90}},"14":{"start":{"line":21,"column":2},"end":{"line":21,"column":73}},"15":{"start":{"line":22,"column":18},"end":{"line":22,"column":39}},"16":{"start":{"line":26,"column":2},"end":{"line":26,"column":65}},"17":{"start":{"line":31,"column":2},"end":{"line":33,"column":3}},"18":{"start":{"line":32,"column":4},"end":{"line":32,"column":60}},"19":{"start":{"line":34,"column":2},"end":{"line":36,"column":3}},"20":{"start":{"line":35,"column":4},"end":{"line":35,"column":82}},"21":{"start":{"line":37,"column":2},"end":{"line":39,"column":3}},"22":{"start":{"line":38,"column":4},"end":{"line":38,"column":85}},"23":{"start":{"line":41,"column":2},"end":{"line":43,"column":3}},"24":{"start":{"line":42,"column":4},"end":{"line":42,"column":41}},"25":{"start":{"line":44,"column":2},"end":{"line":46,"column":3}},"26":{"start":{"line":45,"column":4},"end":{"line":45,"column":116}},"27":{"start":{"line":47,"column":2},"end":{"line":47,"column":14}},"28":{"start":{"line":51,"column":0},"end":{"line":79,"column":3}},"29":{"start":{"line":52,"column":49},"end":{"line":52,"column":57}},"30":{"start":{"line":54,"column":16},"end":{"line":54,"column":71}},"31":{"start":{"line":55,"column":2},"end":{"line":55,"column":61}},"32":{"start":{"line":55,"column":13},"end":{"line":55,"column":61}},"33":{"start":{"line":57,"column":23},"end":{"line":59,"column":4}},"34":{"start":{"line":60,"column":2},"end":{"line":61,"column":67}},"35":{"start":{"line":61,"column":4},"end":{"line":61,"column":67}},"36":{"start":{"line":63,"column":25},"end":{"line":63,"column":53}},"37":{"start":{"line":65,"column":15},"end":{"line":73,"column":4}},"38":{"start":{"line":75,"column":49},"end":{"line":75,"column":53}},"39":{"start":{"line":76,"column":2},"end":{"line":78,"column":70}},"40":{"start":{"line":83,"column":25},"end":{"line":83,"column":39}},"41":{"start":{"line":84,"column":2},"end":{"line":84,"column":37}},"42":{"start":{"line":88,"column":0},"end":{"line":126,"column":3}},"43":{"start":{"line":89,"column":30},"end":{"line":89,"column":38}},"44":{"start":{"line":91,"column":2},"end":{"line":93,"column":3}},"45":{"start":{"line":92,"column":4},"end":{"line":92,"column":77}},"46":{"start":{"line":96,"column":2},"end":{"line":98,"column":3}},"47":{"start":{"line":97,"column":4},"end":{"line":97,"column":76}},"48":{"start":{"line":100,"column":2},"end":{"line":104,"column":3}},"49":{"start":{"line":101,"column":4},"end":{"line":103,"column":79}},"50":{"start":{"line":106,"column":2},"end":{"line":125,"column":3}},"51":{"start":{"line":107,"column":17},"end":{"line":107,"column":74}},"52":{"start":{"line":108,"column":4},"end":{"line":110,"column":5}},"53":{"start":{"line":109,"column":6},"end":{"line":109,"column":73}},"54":{"start":{"line":112,"column":26},"end":{"line":112,"column":74}},"55":{"start":{"line":113,"column":4},"end":{"line":114,"column":73}},"56":{"start":{"line":114,"column":6},"end":{"line":114,"column":73}},"57":{"start":{"line":115,"column":18},"end":{"line":119,"column":5}},"58":{"start":{"line":121,"column":4},"end":{"line":121,"column":24}},"59":{"start":{"line":123,"column":4},"end":{"line":123,"column":25}},"60":{"start":{"line":124,"column":4},"end":{"line":124,"column":56}},"61":{"start":{"line":128,"column":0},"end":{"line":159,"column":3}},"62":{"start":{"line":129,"column":20},"end":{"line":129,"column":28}},"63":{"start":{"line":131,"column":2},"end":{"line":133,"column":3}},"64":{"start":{"line":132,"column":4},"end":{"line":132,"column":63}},"65":{"start":{"line":135,"column":15},"end":{"line":135,"column":72}},"66":{"start":{"line":136,"column":2},"end":{"line":138,"column":3}},"67":{"start":{"line":137,"column":4},"end":{"line":137,"column":77}},"68":{"start":{"line":140,"column":16},"end":{"line":142,"column":4}},"69":{"start":{"line":144,"column":19},"end":{"line":144,"column":65}},"70":{"start":{"line":145,"column":2},"end":{"line":145,"column":45}},"71":{"start":{"line":147,"column":2},"end":{"line":158,"column":3}},"72":{"start":{"line":148,"column":4},"end":{"line":152,"column":7}},"73":{"start":{"line":154,"column":4},"end":{"line":154,"column":58}},"74":{"start":{"line":156,"column":4},"end":{"line":156,"column":23}},"75":{"start":{"line":157,"column":4},"end":{"line":157,"column":75}},"76":{"start":{"line":161,"column":0},"end":{"line":194,"column":3}},"77":{"start":{"line":162,"column":33},"end":{"line":162,"column":41}},"78":{"start":{"line":164,"column":2},"end":{"line":168,"column":3}},"79":{"start":{"line":165,"column":4},"end":{"line":167,"column":65}},"80":{"start":{"line":170,"column":2},"end":{"line":193,"column":3}},"81":{"start":{"line":171,"column":20},"end":{"line":171,"column":61}},"82":{"start":{"line":172,"column":18},"end":{"line":172,"column":31}},"83":{"start":{"line":174,"column":17},"end":{"line":174,"column":74}},"84":{"start":{"line":175,"column":4},"end":{"line":177,"column":5}},"85":{"start":{"line":176,"column":6},"end":{"line":176,"column":74}},"86":{"start":{"line":179,"column":25},"end":{"line":179,"column":56}},"87":{"start":{"line":181,"column":4},"end":{"line":184,"column":7}},"88":{"start":{"line":186,"column":4},"end":{"line":186,"column":65}},"89":{"start":{"line":188,"column":4},"end":{"line":190,"column":5}},"90":{"start":{"line":189,"column":6},"end":{"line":189,"column":63}},"91":{"start":{"line":191,"column":4},"end":{"line":191,"column":23}},"92":{"start":{"line":192,"column":4},"end":{"line":192,"column":56}},"93":{"start":{"line":195,"column":0},"end":{"line":195,"column":24}}},"fnMap":{"0":{"name":"hasNoDangerousChars","decl":{"start":{"line":25,"column":9},"end":{"line":25,"column":28}},"loc":{"start":{"line":25,"column":36},"end":{"line":27,"column":1}},"line":25},"1":{"name":"validateRegisterInput","decl":{"start":{"line":30,"column":9},"end":{"line":30,"column":30}},"loc":{"start":{"line":30,"column":65},"end":{"line":48,"column":1}},"line":30},"2":{"name":"(anonymous_2)","decl":{"start":{"line":51,"column":25},"end":{"line":51,"column":26}},"loc":{"start":{"line":51,"column":45},"end":{"line":79,"column":1}},"line":51},"3":{"name":"isSafeInput","decl":{"start":{"line":82,"column":9},"end":{"line":82,"column":20}},"loc":{"start":{"line":82,"column":28},"end":{"line":85,"column":1}},"line":82},"4":{"name":"(anonymous_4)","decl":{"start":{"line":88,"column":22},"end":{"line":88,"column":23}},"loc":{"start":{"line":88,"column":42},"end":{"line":126,"column":1}},"line":88},"5":{"name":"(anonymous_5)","decl":{"start":{"line":128,"column":32},"end":{"line":128,"column":33}},"loc":{"start":{"line":128,"column":52},"end":{"line":159,"column":1}},"line":128},"6":{"name":"(anonymous_6)","decl":{"start":{"line":161,"column":31},"end":{"line":161,"column":32}},"loc":{"start":{"line":161,"column":51},"end":{"line":194,"column":1}},"line":161}},"branchMap":{"0":{"loc":{"start":{"line":26,"column":9},"end":{"line":26,"column":64}},"type":"binary-expr","locations":[{"start":{"line":26,"column":9},"end":{"line":26,"column":34}},{"start":{"line":26,"column":38},"end":{"line":26,"column":64}}],"line":26},"1":{"loc":{"start":{"line":31,"column":2},"end":{"line":33,"column":3}},"type":"if","locations":[{"start":{"line":31,"column":2},"end":{"line":33,"column":3}},{"start":{},"end":{}}],"line":31},"2":{"loc":{"start":{"line":31,"column":6},"end":{"line":31,"column":44}},"type":"binary-expr","locations":[{"start":{"line":31,"column":6},"end":{"line":31,"column":10}},{"start":{"line":31,"column":14},"end":{"line":31,"column":21}},{"start":{"line":31,"column":25},"end":{"line":31,"column":31}},{"start":{"line":31,"column":35},"end":{"line":31,"column":44}}],"line":31},"3":{"loc":{"start":{"line":34,"column":2},"end":{"line":36,"column":3}},"type":"if","locations":[{"start":{"line":34,"column":2},"end":{"line":36,"column":3}},{"start":{},"end":{}}],"line":34},"4":{"loc":{"start":{"line":34,"column":6},"end":{"line":34,"column":55}},"type":"binary-expr","locations":[{"start":{"line":34,"column":6},"end":{"line":34,"column":31}},{"start":{"line":34,"column":35},"end":{"line":34,"column":55}}],"line":34},"5":{"loc":{"start":{"line":37,"column":2},"end":{"line":39,"column":3}},"type":"if","locations":[{"start":{"line":37,"column":2},"end":{"line":39,"column":3}},{"start":{},"end":{}}],"line":37},"6":{"loc":{"start":{"line":37,"column":6},"end":{"line":37,"column":61}},"type":"binary-expr","locations":[{"start":{"line":37,"column":6},"end":{"line":37,"column":34}},{"start":{"line":37,"column":38},"end":{"line":37,"column":61}}],"line":37},"7":{"loc":{"start":{"line":41,"column":2},"end":{"line":43,"column":3}},"type":"if","locations":[{"start":{"line":41,"column":2},"end":{"line":43,"column":3}},{"start":{},"end":{}}],"line":41},"8":{"loc":{"start":{"line":41,"column":6},"end":{"line":41,"column":60}},"type":"binary-expr","locations":[{"start":{"line":41,"column":6},"end":{"line":41,"column":33}},{"start":{"line":41,"column":37},"end":{"line":41,"column":60}}],"line":41},"9":{"loc":{"start":{"line":44,"column":2},"end":{"line":46,"column":3}},"type":"if","locations":[{"start":{"line":44,"column":2},"end":{"line":46,"column":3}},{"start":{},"end":{}}],"line":44},"10":{"loc":{"start":{"line":55,"column":2},"end":{"line":55,"column":61}},"type":"if","locations":[{"start":{"line":55,"column":2},"end":{"line":55,"column":61}},{"start":{},"end":{}}],"line":55},"11":{"loc":{"start":{"line":60,"column":2},"end":{"line":61,"column":67}},"type":"if","locations":[{"start":{"line":60,"column":2},"end":{"line":61,"column":67}},{"start":{},"end":{}}],"line":60},"12":{"loc":{"start":{"line":71,"column":12},"end":{"line":71,"column":42}},"type":"binary-expr","locations":[{"start":{"line":71,"column":12},"end":{"line":71,"column":16}},{"start":{"line":71,"column":20},"end":{"line":71,"column":42}}],"line":71},"13":{"loc":{"start":{"line":91,"column":2},"end":{"line":93,"column":3}},"type":"if","locations":[{"start":{"line":91,"column":2},"end":{"line":93,"column":3}},{"start":{},"end":{}}],"line":91},"14":{"loc":{"start":{"line":91,"column":6},"end":{"line":91,"column":25}},"type":"binary-expr","locations":[{"start":{"line":91,"column":6},"end":{"line":91,"column":12}},{"start":{"line":91,"column":16},"end":{"line":91,"column":25}}],"line":91},"15":{"loc":{"start":{"line":96,"column":2},"end":{"line":98,"column":3}},"type":"if","locations":[{"start":{"line":96,"column":2},"end":{"line":98,"column":3}},{"start":{},"end":{}}],"line":96},"16":{"loc":{"start":{"line":96,"column":6},"end":{"line":96,"column":52}},"type":"binary-expr","locations":[{"start":{"line":96,"column":6},"end":{"line":96,"column":25}},{"start":{"line":96,"column":29},"end":{"line":96,"column":52}}],"line":96},"17":{"loc":{"start":{"line":100,"column":2},"end":{"line":104,"column":3}},"type":"if","locations":[{"start":{"line":100,"column":2},"end":{"line":104,"column":3}},{"start":{},"end":{}}],"line":100},"18":{"loc":{"start":{"line":108,"column":4},"end":{"line":110,"column":5}},"type":"if","locations":[{"start":{"line":108,"column":4},"end":{"line":110,"column":5}},{"start":{},"end":{}}],"line":108},"19":{"loc":{"start":{"line":113,"column":4},"end":{"line":114,"column":73}},"type":"if","locations":[{"start":{"line":113,"column":4},"end":{"line":114,"column":73}},{"start":{},"end":{}}],"line":113},"20":{"loc":{"start":{"line":131,"column":2},"end":{"line":133,"column":3}},"type":"if","locations":[{"start":{"line":131,"column":2},"end":{"line":133,"column":3}},{"start":{},"end":{}}],"line":131},"21":{"loc":{"start":{"line":131,"column":6},"end":{"line":131,"column":62}},"type":"binary-expr","locations":[{"start":{"line":131,"column":6},"end":{"line":131,"column":12}},{"start":{"line":131,"column":16},"end":{"line":131,"column":35}},{"start":{"line":131,"column":39},"end":{"line":131,"column":62}}],"line":131},"22":{"loc":{"start":{"line":136,"column":2},"end":{"line":138,"column":3}},"type":"if","locations":[{"start":{"line":136,"column":2},"end":{"line":138,"column":3}},{"start":{},"end":{}}],"line":136},"23":{"loc":{"start":{"line":164,"column":2},"end":{"line":168,"column":3}},"type":"if","locations":[{"start":{"line":164,"column":2},"end":{"line":168,"column":3}},{"start":{},"end":{}}],"line":164},"24":{"loc":{"start":{"line":164,"column":6},"end":{"line":164,"column":28}},"type":"binary-expr","locations":[{"start":{"line":164,"column":6},"end":{"line":164,"column":12}},{"start":{"line":164,"column":16},"end":{"line":164,"column":28}}],"line":164},"25":{"loc":{"start":{"line":175,"column":4},"end":{"line":177,"column":5}},"type":"if","locations":[{"start":{"line":175,"column":4},"end":{"line":177,"column":5}},{"start":{},"end":{}}],"line":175},"26":{"loc":{"start":{"line":188,"column":4},"end":{"line":190,"column":5}},"type":"if","locations":[{"start":{"line":188,"column":4},"end":{"line":190,"column":5}},{"start":{},"end":{}}],"line":188}},"s":{"0":1,"1":1,"2":1,"3":1,"4":1,"5":1,"6":1,"7":1,"8":1,"9":1,"10":1,"11":1,"12":1,"13":1,"14":1,"15":1,"16":9,"17":3,"18":0,"19":3,"20":0,"21":3,"22":0,"23":3,"24":0,"25":3,"26":0,"27":3,"28":1,"29":3,"30":3,"31":3,"32":0,"33":3,"34":3,"35":1,"36":2,"37":2,"38":2,"39":2,"40":8,"41":8,"42":1,"43":4,"44":4,"45":0,"46":4,"47":0,"48":4,"49":0,"50":4,"51":4,"52":4,"53":1,"54":3,"55":3,"56":1,"57":2,"58":2,"59":0,"60":0,"61":1,"62":0,"63":0,"64":0,"65":0,"66":0,"67":0,"68":0,"69":0,"70":0,"71":0,"72":0,"73":0,"74":0,"75":0,"76":1,"77":0,"78":0,"79":0,"80":0,"81":0,"82":0,"83":0,"84":0,"85":0,"86":0,"87":0,"88":0,"89":0,"90":0,"91":0,"92":0,"93":1},"f":{"0":9,"1":3,"2":3,"3":8,"4":4,"5":0,"6":0},"b":{"0":[9,9],"1":[0,3],"2":[3,3,3,3],"3":[0,3],"4":[3,3],"5":[0,3],"6":[3,3],"7":[0,3],"8":[3,3],"9":[0,3],"10":[0,3],"11":[1,2],"12":[2,0],"13":[0,4],"14":[4,4],"15":[0,4],"16":[4,4],"17":[0,4],"18":[1,3],"19":[1,2],"20":[0,0],"21":[0,0,0],"22":[0,0],"23":[0,0],"24":[0,0],"25":[0,0],"26":[0,0]},"_coverageSchema":"1a1c01bbd47fc00a2c39e90264f33305004495a9","hash":"599abfae8b0aba7113743d923eba0ae19aa4a8ae"}
,"C:\\Users\\PC\\Downloads\\Pandawan\\sailinloc-back\\src\\routes\\bateauRoute.js": {"path":"C:\\Users\\PC\\Downloads\\Pandawan\\sailinloc-back\\src\\routes\\bateauRoute.js","statementMap":{"0":{"start":{"line":1,"column":16},"end":{"line":1,"column":34}},"1":{"start":{"line":2,"column":15},"end":{"line":2,"column":31}},"2":{"start":{"line":3,"column":33},"end":{"line":3,"column":58}},"3":{"start":{"line":4,"column":15},"end":{"line":4,"column":33}},"4":{"start":{"line":8,"column":2},"end":{"line":13,"column":30}},"5":{"start":{"line":18,"column":19},"end":{"line":18,"column":42}},"6":{"start":{"line":19,"column":13},"end":{"line":19,"column":21}},"7":{"start":{"line":20,"column":14},"end":{"line":20,"column":15}},"8":{"start":{"line":22,"column":2},"end":{"line":24,"column":3}},"9":{"start":{"line":23,"column":4},"end":{"line":23,"column":36}},"10":{"start":{"line":26,"column":2},"end":{"line":26,"column":14}},"11":{"start":{"line":30,"column":0},"end":{"line":83,"column":3}},"12":{"start":{"line":31,"column":2},"end":{"line":82,"column":3}},"13":{"start":{"line":32,"column":17},"end":{"line":32,"column":25}},"14":{"start":{"line":33,"column":17},"end":{"line":33,"column":57}},"15":{"start":{"line":35,"column":19},"end":{"line":76,"column":6}},"16":{"start":{"line":78,"column":4},"end":{"line":78,"column":73}},"17":{"start":{"line":80,"column":4},"end":{"line":80,"column":25}},"18":{"start":{"line":81,"column":4},"end":{"line":81,"column":76}},"19":{"start":{"line":86,"column":0},"end":{"line":98,"column":3}},"20":{"start":{"line":87,"column":2},"end":{"line":97,"column":3}},"21":{"start":{"line":88,"column":20},"end":{"line":90,"column":6}},"22":{"start":{"line":91,"column":4},"end":{"line":91,"column":41}},"23":{"start":{"line":93,"column":4},"end":{"line":93,"column":25}},"24":{"start":{"line":94,"column":4},"end":{"line":96,"column":69}},"25":{"start":{"line":101,"column":0},"end":{"line":125,"column":3}},"26":{"start":{"line":102,"column":2},"end":{"line":124,"column":3}},"27":{"start":{"line":103,"column":19},"end":{"line":114,"column":6}},"28":{"start":{"line":116,"column":4},"end":{"line":118,"column":5}},"29":{"start":{"line":117,"column":6},"end":{"line":117,"column":66}},"30":{"start":{"line":120,"column":4},"end":{"line":120,"column":40}},"31":{"start":{"line":122,"column":4},"end":{"line":122,"column":25}},"32":{"start":{"line":123,"column":4},"end":{"line":123,"column":80}},"33":{"start":{"line":128,"column":0},"end":{"line":152,"column":3}},"34":{"start":{"line":129,"column":2},"end":{"line":151,"column":3}},"35":{"start":{"line":130,"column":19},"end":{"line":141,"column":6}},"36":{"start":{"line":143,"column":4},"end":{"line":145,"column":5}},"37":{"start":{"line":144,"column":6},"end":{"line":144,"column":66}},"38":{"start":{"line":147,"column":4},"end":{"line":147,"column":40}},"39":{"start":{"line":149,"column":4},"end":{"line":149,"column":25}},"40":{"start":{"line":150,"column":4},"end":{"line":150,"column":54}},"41":{"start":{"line":155,"column":0},"end":{"line":223,"column":3}},"42":{"start":{"line":156,"column":17},"end":{"line":156,"column":27}},"43":{"start":{"line":157,"column":15},"end":{"line":157,"column":23}},"44":{"start":{"line":159,"column":2},"end":{"line":222,"column":3}},"45":{"start":{"line":160,"column":27},"end":{"line":163,"column":6}},"46":{"start":{"line":165,"column":4},"end":{"line":167,"column":5}},"47":{"start":{"line":166,"column":6},"end":{"line":166,"column":66}},"48":{"start":{"line":169,"column":23},"end":{"line":206,"column":5}},"49":{"start":{"line":208,"column":19},"end":{"line":212,"column":6}},"50":{"start":{"line":214,"column":4},"end":{"line":214,"column":40}},"51":{"start":{"line":216,"column":4},"end":{"line":216,"column":39}},"52":{"start":{"line":217,"column":4},"end":{"line":221,"column":7}},"53":{"start":{"line":226,"column":0},"end":{"line":250,"column":3}},"54":{"start":{"line":227,"column":19},"end":{"line":227,"column":29}},"55":{"start":{"line":229,"column":2},"end":{"line":249,"column":3}},"56":{"start":{"line":231,"column":19},"end":{"line":233,"column":6}},"57":{"start":{"line":235,"column":4},"end":{"line":237,"column":5}},"58":{"start":{"line":236,"column":6},"end":{"line":236,"column":66}},"59":{"start":{"line":240,"column":4},"end":{"line":240,"column":78}},"60":{"start":{"line":243,"column":4},"end":{"line":243,"column":61}},"61":{"start":{"line":245,"column":4},"end":{"line":245,"column":72}},"62":{"start":{"line":247,"column":4},"end":{"line":247,"column":25}},"63":{"start":{"line":248,"column":4},"end":{"line":248,"column":79}},"64":{"start":{"line":253,"column":0},"end":{"line":271,"column":3}},"65":{"start":{"line":254,"column":29},"end":{"line":254,"column":39}},"66":{"start":{"line":256,"column":2},"end":{"line":270,"column":3}},"67":{"start":{"line":257,"column":20},"end":{"line":260,"column":6}},"68":{"start":{"line":262,"column":4},"end":{"line":264,"column":5}},"69":{"start":{"line":263,"column":6},"end":{"line":263,"column":68}},"70":{"start":{"line":266,"column":4},"end":{"line":266,"column":41}},"71":{"start":{"line":268,"column":4},"end":{"line":268,"column":25}},"72":{"start":{"line":269,"column":4},"end":{"line":269,"column":54}},"73":{"start":{"line":273,"column":0},"end":{"line":273,"column":24}}},"fnMap":{"0":{"name":"generateSlug","decl":{"start":{"line":7,"column":9},"end":{"line":7,"column":21}},"loc":{"start":{"line":7,"column":28},"end":{"line":14,"column":1}},"line":7},"1":{"name":"generateUniqueSlug","decl":{"start":{"line":17,"column":15},"end":{"line":17,"column":33}},"loc":{"start":{"line":17,"column":45},"end":{"line":27,"column":1}},"line":17},"2":{"name":"(anonymous_2)","decl":{"start":{"line":30,"column":17},"end":{"line":30,"column":18}},"loc":{"start":{"line":30,"column":37},"end":{"line":83,"column":1}},"line":30},"3":{"name":"(anonymous_3)","decl":{"start":{"line":86,"column":16},"end":{"line":86,"column":17}},"loc":{"start":{"line":86,"column":36},"end":{"line":98,"column":1}},"line":86},"4":{"name":"(anonymous_4)","decl":{"start":{"line":101,"column":19},"end":{"line":101,"column":20}},"loc":{"start":{"line":101,"column":39},"end":{"line":125,"column":1}},"line":101},"5":{"name":"(anonymous_5)","decl":{"start":{"line":128,"column":26},"end":{"line":128,"column":27}},"loc":{"start":{"line":128,"column":46},"end":{"line":152,"column":1}},"line":128},"6":{"name":"(anonymous_6)","decl":{"start":{"line":155,"column":19},"end":{"line":155,"column":20}},"loc":{"start":{"line":155,"column":39},"end":{"line":223,"column":1}},"line":155},"7":{"name":"(anonymous_7)","decl":{"start":{"line":226,"column":29},"end":{"line":226,"column":30}},"loc":{"start":{"line":226,"column":49},"end":{"line":250,"column":1}},"line":226},"8":{"name":"(anonymous_8)","decl":{"start":{"line":253,"column":44},"end":{"line":253,"column":45}},"loc":{"start":{"line":253,"column":64},"end":{"line":271,"column":1}},"line":253}},"branchMap":{"0":{"loc":{"start":{"line":40,"column":21},"end":{"line":40,"column":55}},"type":"binary-expr","locations":[{"start":{"line":40,"column":21},"end":{"line":40,"column":37}},{"start":{"line":40,"column":41},"end":{"line":40,"column":55}}],"line":40},"1":{"loc":{"start":{"line":41,"column":20},"end":{"line":41,"column":48}},"type":"binary-expr","locations":[{"start":{"line":41,"column":20},"end":{"line":41,"column":35}},{"start":{"line":41,"column":39},"end":{"line":41,"column":48}}],"line":41},"2":{"loc":{"start":{"line":43,"column":43},"end":{"line":43,"column":70}},"type":"binary-expr","locations":[{"start":{"line":43,"column":43},"end":{"line":43,"column":64}},{"start":{"line":43,"column":68},"end":{"line":43,"column":70}}],"line":43},"3":{"loc":{"start":{"line":48,"column":22},"end":{"line":48,"column":55}},"type":"binary-expr","locations":[{"start":{"line":48,"column":22},"end":{"line":48,"column":47}},{"start":{"line":48,"column":51},"end":{"line":48,"column":55}}],"line":48},"4":{"loc":{"start":{"line":49,"column":21},"end":{"line":49,"column":53}},"type":"binary-expr","locations":[{"start":{"line":49,"column":21},"end":{"line":49,"column":45}},{"start":{"line":49,"column":49},"end":{"line":49,"column":53}}],"line":49},"5":{"loc":{"start":{"line":50,"column":23},"end":{"line":50,"column":57}},"type":"binary-expr","locations":[{"start":{"line":50,"column":23},"end":{"line":50,"column":49}},{"start":{"line":50,"column":53},"end":{"line":50,"column":57}}],"line":50},"6":{"loc":{"start":{"line":51,"column":25},"end":{"line":51,"column":59}},"type":"binary-expr","locations":[{"start":{"line":51,"column":25},"end":{"line":51,"column":51}},{"start":{"line":51,"column":55},"end":{"line":51,"column":59}}],"line":51},"7":{"loc":{"start":{"line":52,"column":27},"end":{"line":52,"column":63}},"type":"binary-expr","locations":[{"start":{"line":52,"column":27},"end":{"line":52,"column":55}},{"start":{"line":52,"column":59},"end":{"line":52,"column":63}}],"line":52},"8":{"loc":{"start":{"line":53,"column":29},"end":{"line":53,"column":67}},"type":"binary-expr","locations":[{"start":{"line":53,"column":29},"end":{"line":53,"column":59}},{"start":{"line":53,"column":63},"end":{"line":53,"column":67}}],"line":53},"9":{"loc":{"start":{"line":54,"column":40},"end":{"line":54,"column":68}},"type":"binary-expr","locations":[{"start":{"line":54,"column":40},"end":{"line":54,"column":62}},{"start":{"line":54,"column":66},"end":{"line":54,"column":68}}],"line":54},"10":{"loc":{"start":{"line":55,"column":44},"end":{"line":55,"column":59}},"type":"binary-expr","locations":[{"start":{"line":55,"column":44},"end":{"line":55,"column":53}},{"start":{"line":55,"column":57},"end":{"line":55,"column":59}}],"line":55},"11":{"loc":{"start":{"line":56,"column":29},"end":{"line":56,"column":55}},"type":"binary-expr","locations":[{"start":{"line":56,"column":29},"end":{"line":56,"column":49}},{"start":{"line":56,"column":53},"end":{"line":56,"column":55}}],"line":56},"12":{"loc":{"start":{"line":57,"column":27},"end":{"line":57,"column":51}},"type":"binary-expr","locations":[{"start":{"line":57,"column":27},"end":{"line":57,"column":45}},{"start":{"line":57,"column":49},"end":{"line":57,"column":51}}],"line":57},"13":{"loc":{"start":{"line":58,"column":27},"end":{"line":58,"column":51}},"type":"binary-expr","locations":[{"start":{"line":58,"column":27},"end":{"line":58,"column":45}},{"start":{"line":58,"column":49},"end":{"line":58,"column":51}}],"line":58},"14":{"loc":{"start":{"line":59,"column":33},"end":{"line":59,"column":63}},"type":"binary-expr","locations":[{"start":{"line":59,"column":33},"end":{"line":59,"column":57}},{"start":{"line":59,"column":61},"end":{"line":59,"column":63}}],"line":59},"15":{"loc":{"start":{"line":61,"column":35},"end":{"line":61,"column":67}},"type":"binary-expr","locations":[{"start":{"line":61,"column":35},"end":{"line":61,"column":61}},{"start":{"line":61,"column":65},"end":{"line":61,"column":67}}],"line":61},"16":{"loc":{"start":{"line":62,"column":34},"end":{"line":62,"column":65}},"type":"binary-expr","locations":[{"start":{"line":62,"column":34},"end":{"line":62,"column":59}},{"start":{"line":62,"column":63},"end":{"line":62,"column":65}}],"line":62},"17":{"loc":{"start":{"line":63,"column":26},"end":{"line":63,"column":47}},"type":"binary-expr","locations":[{"start":{"line":63,"column":26},"end":{"line":63,"column":41}},{"start":{"line":63,"column":45},"end":{"line":63,"column":47}}],"line":63},"18":{"loc":{"start":{"line":64,"column":26},"end":{"line":64,"column":48}},"type":"binary-expr","locations":[{"start":{"line":64,"column":26},"end":{"line":64,"column":42}},{"start":{"line":64,"column":46},"end":{"line":64,"column":48}}],"line":64},"19":{"loc":{"start":{"line":65,"column":31},"end":{"line":65,"column":59}},"type":"binary-expr","locations":[{"start":{"line":65,"column":31},"end":{"line":65,"column":53}},{"start":{"line":65,"column":57},"end":{"line":65,"column":59}}],"line":65},"20":{"loc":{"start":{"line":66,"column":42},"end":{"line":66,"column":66}},"type":"binary-expr","locations":[{"start":{"line":66,"column":42},"end":{"line":66,"column":60}},{"start":{"line":66,"column":64},"end":{"line":66,"column":66}}],"line":66},"21":{"loc":{"start":{"line":67,"column":39},"end":{"line":67,"column":75}},"type":"binary-expr","locations":[{"start":{"line":67,"column":39},"end":{"line":67,"column":69}},{"start":{"line":67,"column":73},"end":{"line":67,"column":75}}],"line":67},"22":{"loc":{"start":{"line":69,"column":14},"end":{"line":69,"column":60}},"type":"binary-expr","locations":[{"start":{"line":69,"column":14},"end":{"line":69,"column":54}},{"start":{"line":69,"column":58},"end":{"line":69,"column":60}}],"line":69},"23":{"loc":{"start":{"line":70,"column":20},"end":{"line":70,"column":38}},"type":"binary-expr","locations":[{"start":{"line":70,"column":20},"end":{"line":70,"column":32}},{"start":{"line":70,"column":36},"end":{"line":70,"column":38}}],"line":70},"24":{"loc":{"start":{"line":71,"column":26},"end":{"line":71,"column":49}},"type":"binary-expr","locations":[{"start":{"line":71,"column":26},"end":{"line":71,"column":43}},{"start":{"line":71,"column":47},"end":{"line":71,"column":49}}],"line":71},"25":{"loc":{"start":{"line":72,"column":32},"end":{"line":72,"column":61}},"type":"binary-expr","locations":[{"start":{"line":72,"column":32},"end":{"line":72,"column":55}},{"start":{"line":72,"column":59},"end":{"line":72,"column":61}}],"line":72},"26":{"loc":{"start":{"line":116,"column":4},"end":{"line":118,"column":5}},"type":"if","locations":[{"start":{"line":116,"column":4},"end":{"line":118,"column":5}},{"start":{},"end":{}}],"line":116},"27":{"loc":{"start":{"line":143,"column":4},"end":{"line":145,"column":5}},"type":"if","locations":[{"start":{"line":143,"column":4},"end":{"line":145,"column":5}},{"start":{},"end":{}}],"line":143},"28":{"loc":{"start":{"line":165,"column":4},"end":{"line":167,"column":5}},"type":"if","locations":[{"start":{"line":165,"column":4},"end":{"line":167,"column":5}},{"start":{},"end":{}}],"line":165},"29":{"loc":{"start":{"line":176,"column":41},"end":{"line":176,"column":68}},"type":"binary-expr","locations":[{"start":{"line":176,"column":41},"end":{"line":176,"column":62}},{"start":{"line":176,"column":66},"end":{"line":176,"column":68}}],"line":176},"30":{"loc":{"start":{"line":178,"column":9},"end":{"line":178,"column":53}},"type":"cond-expr","locations":[{"start":{"line":178,"column":34},"end":{"line":178,"column":42}},{"start":{"line":178,"column":45},"end":{"line":178,"column":53}}],"line":178},"31":{"loc":{"start":{"line":179,"column":29},"end":{"line":179,"column":57}},"type":"binary-expr","locations":[{"start":{"line":179,"column":29},"end":{"line":179,"column":51}},{"start":{"line":179,"column":55},"end":{"line":179,"column":57}}],"line":179},"32":{"loc":{"start":{"line":180,"column":20},"end":{"line":180,"column":53}},"type":"binary-expr","locations":[{"start":{"line":180,"column":20},"end":{"line":180,"column":45}},{"start":{"line":180,"column":49},"end":{"line":180,"column":53}}],"line":180},"33":{"loc":{"start":{"line":181,"column":19},"end":{"line":181,"column":51}},"type":"binary-expr","locations":[{"start":{"line":181,"column":19},"end":{"line":181,"column":43}},{"start":{"line":181,"column":47},"end":{"line":181,"column":51}}],"line":181},"34":{"loc":{"start":{"line":182,"column":21},"end":{"line":182,"column":55}},"type":"binary-expr","locations":[{"start":{"line":182,"column":21},"end":{"line":182,"column":47}},{"start":{"line":182,"column":51},"end":{"line":182,"column":55}}],"line":182},"35":{"loc":{"start":{"line":183,"column":25},"end":{"line":183,"column":61}},"type":"binary-expr","locations":[{"start":{"line":183,"column":25},"end":{"line":183,"column":53}},{"start":{"line":183,"column":57},"end":{"line":183,"column":61}}],"line":183},"36":{"loc":{"start":{"line":184,"column":27},"end":{"line":184,"column":65}},"type":"binary-expr","locations":[{"start":{"line":184,"column":27},"end":{"line":184,"column":57}},{"start":{"line":184,"column":61},"end":{"line":184,"column":65}}],"line":184},"37":{"loc":{"start":{"line":185,"column":23},"end":{"line":185,"column":57}},"type":"binary-expr","locations":[{"start":{"line":185,"column":23},"end":{"line":185,"column":49}},{"start":{"line":185,"column":53},"end":{"line":185,"column":57}}],"line":185},"38":{"loc":{"start":{"line":186,"column":24},"end":{"line":186,"column":47}},"type":"binary-expr","locations":[{"start":{"line":186,"column":24},"end":{"line":186,"column":41}},{"start":{"line":186,"column":45},"end":{"line":186,"column":47}}],"line":186},"39":{"loc":{"start":{"line":187,"column":24},"end":{"line":187,"column":47}},"type":"binary-expr","locations":[{"start":{"line":187,"column":24},"end":{"line":187,"column":41}},{"start":{"line":187,"column":45},"end":{"line":187,"column":47}}],"line":187},"40":{"loc":{"start":{"line":188,"column":25},"end":{"line":188,"column":49}},"type":"binary-expr","locations":[{"start":{"line":188,"column":25},"end":{"line":188,"column":43}},{"start":{"line":188,"column":47},"end":{"line":188,"column":49}}],"line":188},"41":{"loc":{"start":{"line":189,"column":31},"end":{"line":189,"column":61}},"type":"binary-expr","locations":[{"start":{"line":189,"column":31},"end":{"line":189,"column":55}},{"start":{"line":189,"column":59},"end":{"line":189,"column":61}}],"line":189},"42":{"loc":{"start":{"line":190,"column":25},"end":{"line":190,"column":49}},"type":"binary-expr","locations":[{"start":{"line":190,"column":25},"end":{"line":190,"column":43}},{"start":{"line":190,"column":47},"end":{"line":190,"column":49}}],"line":190},"43":{"loc":{"start":{"line":192,"column":38},"end":{"line":192,"column":66}},"type":"binary-expr","locations":[{"start":{"line":192,"column":38},"end":{"line":192,"column":60}},{"start":{"line":192,"column":64},"end":{"line":192,"column":66}}],"line":192},"44":{"loc":{"start":{"line":193,"column":42},"end":{"line":193,"column":57}},"type":"binary-expr","locations":[{"start":{"line":193,"column":42},"end":{"line":193,"column":51}},{"start":{"line":193,"column":55},"end":{"line":193,"column":57}}],"line":193},"45":{"loc":{"start":{"line":194,"column":40},"end":{"line":194,"column":64}},"type":"binary-expr","locations":[{"start":{"line":194,"column":40},"end":{"line":194,"column":58}},{"start":{"line":194,"column":62},"end":{"line":194,"column":64}}],"line":194},"46":{"loc":{"start":{"line":195,"column":27},"end":{"line":195,"column":53}},"type":"binary-expr","locations":[{"start":{"line":195,"column":27},"end":{"line":195,"column":47}},{"start":{"line":195,"column":51},"end":{"line":195,"column":53}}],"line":195},"47":{"loc":{"start":{"line":196,"column":33},"end":{"line":196,"column":65}},"type":"binary-expr","locations":[{"start":{"line":196,"column":33},"end":{"line":196,"column":59}},{"start":{"line":196,"column":63},"end":{"line":196,"column":65}}],"line":196},"48":{"loc":{"start":{"line":197,"column":32},"end":{"line":197,"column":63}},"type":"binary-expr","locations":[{"start":{"line":197,"column":32},"end":{"line":197,"column":57}},{"start":{"line":197,"column":61},"end":{"line":197,"column":63}}],"line":197},"49":{"loc":{"start":{"line":198,"column":37},"end":{"line":198,"column":73}},"type":"binary-expr","locations":[{"start":{"line":198,"column":37},"end":{"line":198,"column":67}},{"start":{"line":198,"column":71},"end":{"line":198,"column":73}}],"line":198},"50":{"loc":{"start":{"line":200,"column":12},"end":{"line":200,"column":58}},"type":"binary-expr","locations":[{"start":{"line":200,"column":12},"end":{"line":200,"column":52}},{"start":{"line":200,"column":56},"end":{"line":200,"column":58}}],"line":200},"51":{"loc":{"start":{"line":201,"column":18},"end":{"line":201,"column":36}},"type":"binary-expr","locations":[{"start":{"line":201,"column":18},"end":{"line":201,"column":30}},{"start":{"line":201,"column":34},"end":{"line":201,"column":36}}],"line":201},"52":{"loc":{"start":{"line":202,"column":24},"end":{"line":202,"column":47}},"type":"binary-expr","locations":[{"start":{"line":202,"column":24},"end":{"line":202,"column":41}},{"start":{"line":202,"column":45},"end":{"line":202,"column":47}}],"line":202},"53":{"loc":{"start":{"line":203,"column":30},"end":{"line":203,"column":59}},"type":"binary-expr","locations":[{"start":{"line":203,"column":30},"end":{"line":203,"column":53}},{"start":{"line":203,"column":57},"end":{"line":203,"column":59}}],"line":203},"54":{"loc":{"start":{"line":235,"column":4},"end":{"line":237,"column":5}},"type":"if","locations":[{"start":{"line":235,"column":4},"end":{"line":237,"column":5}},{"start":{},"end":{}}],"line":235},"55":{"loc":{"start":{"line":262,"column":4},"end":{"line":264,"column":5}},"type":"if","locations":[{"start":{"line":262,"column":4},"end":{"line":264,"column":5}},{"start":{},"end":{}}],"line":262},"56":{"loc":{"start":{"line":262,"column":8},"end":{"line":262,"column":40}},"type":"binary-expr","locations":[{"start":{"line":262,"column":8},"end":{"line":262,"column":16}},{"start":{"line":262,"column":20},"end":{"line":262,"column":40}}],"line":262}},"s":{"0":1,"1":1,"2":1,"3":1,"4":0,"5":0,"6":0,"7":0,"8":0,"9":0,"10":0,"11":1,"12":0,"13":0,"14":0,"15":0,"16":0,"17":0,"18":0,"19":1,"20":0,"21":0,"22":0,"23":0,"24":0,"25":1,"26":0,"27":0,"28":0,"29":0,"30":0,"31":0,"32":0,"33":1,"34":0,"35":0,"36":0,"37":0,"38":0,"39":0,"40":0,"41":1,"42":0,"43":0,"44":0,"45":0,"46":0,"47":0,"48":0,"49":0,"50":0,"51":0,"52":0,"53":1,"54":0,"55":0,"56":0,"57":0,"58":0,"59":0,"60":0,"61":0,"62":0,"63":0,"64":1,"65":0,"66":0,"67":0,"68":0,"69":0,"70":0,"71":0,"72":0,"73":1},"f":{"0":0,"1":0,"2":0,"3":0,"4":0,"5":0,"6":0,"7":0,"8":0},"b":{"0":[0,0],"1":[0,0],"2":[0,0],"3":[0,0],"4":[0,0],"5":[0,0],"6":[0,0],"7":[0,0],"8":[0,0],"9":[0,0],"10":[0,0],"11":[0,0],"12":[0,0],"13":[0,0],"14":[0,0],"15":[0,0],"16":[0,0],"17":[0,0],"18":[0,0],"19":[0,0],"20":[0,0],"21":[0,0],"22":[0,0],"23":[0,0],"24":[0,0],"25":[0,0],"26":[0,0],"27":[0,0],"28":[0,0],"29":[0,0],"30":[0,0],"31":[0,0],"32":[0,0],"33":[0,0],"34":[0,0],"35":[0,0],"36":[0,0],"37":[0,0],"38":[0,0],"39":[0,0],"40":[0,0],"41":[0,0],"42":[0,0],"43":[0,0],"44":[0,0],"45":[0,0],"46":[0,0],"47":[0,0],"48":[0,0],"49":[0,0],"50":[0,0],"51":[0,0],"52":[0,0],"53":[0,0],"54":[0,0],"55":[0,0],"56":[0,0]},"_coverageSchema":"1a1c01bbd47fc00a2c39e90264f33305004495a9","hash":"569e7e0c41d5eee5905a703b83aff50b4ca6f770"}
,"C:\\Users\\PC\\Downloads\\Pandawan\\sailinloc-back\\src\\routes\\captcha.js": {"path":"C:\\Users\\PC\\Downloads\\Pandawan\\sailinloc-back\\src\\routes\\captcha.js","statementMap":{"0":{"start":{"line":2,"column":16},"end":{"line":2,"column":34}},"1":{"start":{"line":3,"column":14},"end":{"line":3,"column":30}},"2":{"start":{"line":4,"column":15},"end":{"line":4,"column":31}},"3":{"start":{"line":6,"column":0},"end":{"line":26,"column":3}},"4":{"start":{"line":7,"column":20},"end":{"line":7,"column":28}},"5":{"start":{"line":8,"column":2},"end":{"line":8,"column":57}},"6":{"start":{"line":8,"column":14},"end":{"line":8,"column":57}},"7":{"start":{"line":10,"column":2},"end":{"line":25,"column":3}},"8":{"start":{"line":11,"column":21},"end":{"line":21,"column":5}},"9":{"start":{"line":22,"column":4},"end":{"line":22,"column":54}},"10":{"start":{"line":24,"column":4},"end":{"line":24,"column":40}},"11":{"start":{"line":28,"column":0},"end":{"line":28,"column":24}}},"fnMap":{"0":{"name":"(anonymous_0)","decl":{"start":{"line":6,"column":31},"end":{"line":6,"column":32}},"loc":{"start":{"line":6,"column":51},"end":{"line":26,"column":1}},"line":6}},"branchMap":{"0":{"loc":{"start":{"line":8,"column":2},"end":{"line":8,"column":57}},"type":"if","locations":[{"start":{"line":8,"column":2},"end":{"line":8,"column":57}},{"start":{},"end":{}}],"line":8}},"s":{"0":1,"1":1,"2":1,"3":1,"4":0,"5":0,"6":0,"7":0,"8":0,"9":0,"10":0,"11":1},"f":{"0":0},"b":{"0":[0,0]},"_coverageSchema":"1a1c01bbd47fc00a2c39e90264f33305004495a9","hash":"3c5f5eb2879d2696ffcad19981b03cf9256c17fb"}
,"C:\\Users\\PC\\Downloads\\Pandawan\\sailinloc-back\\src\\routes\\commentaireRoutes.js": {"path":"C:\\Users\\PC\\Downloads\\Pandawan\\sailinloc-back\\src\\routes\\commentaireRoutes.js","statementMap":{"0":{"start":{"line":1,"column":16},"end":{"line":1,"column":34}},"1":{"start":{"line":2,"column":15},"end":{"line":2,"column":31}},"2":{"start":{"line":3,"column":30},"end":{"line":3,"column":77}},"3":{"start":{"line":5,"column":0},"end":{"line":5,"column":55}},"4":{"start":{"line":6,"column":0},"end":{"line":6,"column":58}},"5":{"start":{"line":8,"column":0},"end":{"line":8,"column":24}}},"fnMap":{},"branchMap":{},"s":{"0":1,"1":1,"2":1,"3":1,"4":1,"5":1},"f":{},"b":{},"_coverageSchema":"1a1c01bbd47fc00a2c39e90264f33305004495a9","hash":"a889e26b470ad5a0319813232726783bf0e0da9a"}
,"C:\\Users\\PC\\Downloads\\Pandawan\\sailinloc-back\\src\\routes\\contactRoutes.js": {"path":"C:\\Users\\PC\\Downloads\\Pandawan\\sailinloc-back\\src\\routes\\contactRoutes.js","statementMap":{"0":{"start":{"line":1,"column":16},"end":{"line":1,"column":34}},"1":{"start":{"line":2,"column":29},"end":{"line":2,"column":73}},"2":{"start":{"line":5,"column":15},"end":{"line":5,"column":31}},"3":{"start":{"line":7,"column":0},"end":{"line":7,"column":44}},"4":{"start":{"line":9,"column":0},"end":{"line":9,"column":24}}},"fnMap":{},"branchMap":{},"s":{"0":1,"1":1,"2":1,"3":1,"4":1},"f":{},"b":{},"_coverageSchema":"1a1c01bbd47fc00a2c39e90264f33305004495a9","hash":"d48670bc7064a25c1a84918a05d15d030dd3a9ae"}
,"C:\\Users\\PC\\Downloads\\Pandawan\\sailinloc-back\\src\\routes\\contrat.js": {"path":"C:\\Users\\PC\\Downloads\\Pandawan\\sailinloc-back\\src\\routes\\contrat.js","statementMap":{"0":{"start":{"line":1,"column":16},"end":{"line":1,"column":34}},"1":{"start":{"line":2,"column":15},"end":{"line":2,"column":32}},"2":{"start":{"line":3,"column":15},"end":{"line":3,"column":39}},"3":{"start":{"line":4,"column":26},"end":{"line":4,"column":69}},"4":{"start":{"line":5,"column":15},"end":{"line":5,"column":31}},"5":{"start":{"line":7,"column":0},"end":{"line":7,"column":55}},"6":{"start":{"line":9,"column":0},"end":{"line":9,"column":24}}},"fnMap":{},"branchMap":{},"s":{"0":1,"1":1,"2":1,"3":1,"4":1,"5":1,"6":1},"f":{},"b":{},"_coverageSchema":"1a1c01bbd47fc00a2c39e90264f33305004495a9","hash":"59f3bf4a79a5a58107baec377f23bb5a38b09d37"}
,"C:\\Users\\PC\\Downloads\\Pandawan\\sailinloc-back\\src\\routes\\message.routes.js": {"path":"C:\\Users\\PC\\Downloads\\Pandawan\\sailinloc-back\\src\\routes\\message.routes.js","statementMap":{"0":{"start":{"line":1,"column":16},"end":{"line":1,"column":34}},"1":{"start":{"line":6,"column":4},"end":{"line":6,"column":48}},"2":{"start":{"line":8,"column":15},"end":{"line":8,"column":31}},"3":{"start":{"line":11,"column":0},"end":{"line":11,"column":39}},"4":{"start":{"line":14,"column":0},"end":{"line":14,"column":46}},"5":{"start":{"line":17,"column":0},"end":{"line":17,"column":42}},"6":{"start":{"line":19,"column":0},"end":{"line":19,"column":24}}},"fnMap":{},"branchMap":{},"s":{"0":1,"1":1,"2":1,"3":1,"4":1,"5":1,"6":1},"f":{},"b":{},"_coverageSchema":"1a1c01bbd47fc00a2c39e90264f33305004495a9","hash":"de694600b8cf9d79920064dcdcef99a74dce0781"}
,"C:\\Users\\PC\\Downloads\\Pandawan\\sailinloc-back\\src\\routes\\paiement.routes.js": {"path":"C:\\Users\\PC\\Downloads\\Pandawan\\sailinloc-back\\src\\routes\\paiement.routes.js","statementMap":{"0":{"start":{"line":1,"column":16},"end":{"line":1,"column":34}},"1":{"start":{"line":2,"column":15},"end":{"line":2,"column":31}},"2":{"start":{"line":3,"column":27},"end":{"line":3,"column":66}},"3":{"start":{"line":5,"column":0},"end":{"line":12,"column":3}},"4":{"start":{"line":6,"column":2},"end":{"line":11,"column":3}},"5":{"start":{"line":7,"column":21},"end":{"line":7,"column":51}},"6":{"start":{"line":8,"column":4},"end":{"line":8,"column":71}},"7":{"start":{"line":10,"column":4},"end":{"line":10,"column":67}},"8":{"start":{"line":14,"column":0},"end":{"line":14,"column":24}}},"fnMap":{"0":{"name":"(anonymous_0)","decl":{"start":{"line":5,"column":17},"end":{"line":5,"column":18}},"loc":{"start":{"line":5,"column":37},"end":{"line":12,"column":1}},"line":5}},"branchMap":{"0":{"loc":{"start":{"line":10,"column":15},"end":{"line":10,"column":36}},"type":"binary-expr","locations":[{"start":{"line":10,"column":15},"end":{"line":10,"column":29}},{"start":{"line":10,"column":33},"end":{"line":10,"column":36}}],"line":10}},"s":{"0":1,"1":1,"2":1,"3":1,"4":0,"5":0,"6":0,"7":0,"8":1},"f":{"0":0},"b":{"0":[0,0]},"_coverageSchema":"1a1c01bbd47fc00a2c39e90264f33305004495a9","hash":"8f3d20fc25fe63936d2b3580a922680d7eb90e8c"}
,"C:\\Users\\PC\\Downloads\\Pandawan\\sailinloc-back\\src\\routes\\recuRoutes.js": {"path":"C:\\Users\\PC\\Downloads\\Pandawan\\sailinloc-back\\src\\routes\\recuRoutes.js","statementMap":{"0":{"start":{"line":1,"column":16},"end":{"line":1,"column":34}},"1":{"start":{"line":2,"column":15},"end":{"line":2,"column":31}},"2":{"start":{"line":3,"column":15},"end":{"line":3,"column":32}},"3":{"start":{"line":4,"column":33},"end":{"line":4,"column":73}},"4":{"start":{"line":6,"column":15},"end":{"line":6,"column":43}},"5":{"start":{"line":8,"column":0},"end":{"line":8,"column":73}},"6":{"start":{"line":10,"column":0},"end":{"line":10,"column":24}}},"fnMap":{},"branchMap":{},"s":{"0":1,"1":1,"2":1,"3":1,"4":1,"5":1,"6":1},"f":{},"b":{},"_coverageSchema":"1a1c01bbd47fc00a2c39e90264f33305004495a9","hash":"fa503d4598f200ad1a54badf2042da38d2181901"}
,"C:\\Users\\PC\\Downloads\\Pandawan\\sailinloc-back\\src\\routes\\reservation.routes.js": {"path":"C:\\Users\\PC\\Downloads\\Pandawan\\sailinloc-back\\src\\routes\\reservation.routes.js","statementMap":{"0":{"start":{"line":2,"column":16},"end":{"line":2,"column":34}},"1":{"start":{"line":6,"column":4},"end":{"line":6,"column":52}},"2":{"start":{"line":8,"column":15},"end":{"line":8,"column":31}},"3":{"start":{"line":9,"column":0},"end":{"line":9,"column":46}},"4":{"start":{"line":12,"column":0},"end":{"line":12,"column":75}},"5":{"start":{"line":14,"column":0},"end":{"line":14,"column":24}}},"fnMap":{},"branchMap":{},"s":{"0":1,"1":1,"2":1,"3":1,"4":1,"5":1},"f":{},"b":{},"_coverageSchema":"1a1c01bbd47fc00a2c39e90264f33305004495a9","hash":"7ffb750bbdb4710151c22d2ba0436bc7dbcf94c3"}
,"C:\\Users\\PC\\Downloads\\Pandawan\\sailinloc-back\\src\\routes\\uploadRoute.js": {"path":"C:\\Users\\PC\\Downloads\\Pandawan\\sailinloc-back\\src\\routes\\uploadRoute.js","statementMap":{"0":{"start":{"line":1,"column":16},"end":{"line":1,"column":34}},"1":{"start":{"line":2,"column":11},"end":{"line":2,"column":30}},"2":{"start":{"line":3,"column":13},"end":{"line":3,"column":28}},"3":{"start":{"line":4,"column":15},"end":{"line":4,"column":46}},"4":{"start":{"line":5,"column":19},"end":{"line":5,"column":55}},"5":{"start":{"line":6,"column":25},"end":{"line":6,"column":50}},"6":{"start":{"line":7,"column":15},"end":{"line":7,"column":33}},"7":{"start":{"line":9,"column":15},"end":{"line":9,"column":31}},"8":{"start":{"line":11,"column":0},"end":{"line":123,"column":2}},"9":{"start":{"line":20,"column":4},"end":{"line":121,"column":5}},"10":{"start":{"line":21,"column":27},"end":{"line":21,"column":29}},"11":{"start":{"line":32,"column":10},"end":{"line":32,"column":18}},"12":{"start":{"line":34,"column":6},"end":{"line":34,"column":43}},"13":{"start":{"line":35,"column":6},"end":{"line":35,"column":68}},"14":{"start":{"line":38,"column":26},"end":{"line":41,"column":14}},"15":{"start":{"line":39,"column":8},"end":{"line":41,"column":14}},"16":{"start":{"line":44,"column":25},"end":{"line":49,"column":7}},"17":{"start":{"line":52,"column":28},"end":{"line":71,"column":7}},"18":{"start":{"line":53,"column":23},"end":{"line":55,"column":10}},"19":{"start":{"line":57,"column":22},"end":{"line":67,"column":10}},"20":{"start":{"line":69,"column":8},"end":{"line":69,"column":35}},"21":{"start":{"line":70,"column":8},"end":{"line":70,"column":21}},"22":{"start":{"line":74,"column":6},"end":{"line":79,"column":7}},"23":{"start":{"line":74,"column":19},"end":{"line":74,"column":20}},"24":{"start":{"line":75,"column":21},"end":{"line":75,"column":43}},"25":{"start":{"line":76,"column":21},"end":{"line":76,"column":51}},"26":{"start":{"line":77,"column":22},"end":{"line":77,"column":53}},"27":{"start":{"line":78,"column":8},"
[...]
line":196,"column":25},"end":{"line":204,"column":6}},"62":{"start":{"line":206,"column":36},"end":{"line":216,"column":7}},"63":{"start":{"line":206,"column":61},"end":{"line":216,"column":5}},"64":{"start":{"line":219,"column":4},"end":{"line":219,"column":35}},"65":{"start":{"line":221,"column":4},"end":{"line":221,"column":59}},"66":{"start":{"line":222,"column":4},"end":{"line":222,"column":16}},"67":{"start":{"line":228,"column":2},"end":{"line":230,"column":5}},"68":{"start":{"line":233,"column":0},"end":{"line":239,"column":2}}},"fnMap":{"0":{"name":"createUserWithPhoto","decl":{"start":{"line":12,"column":15},"end":{"line":12,"column":34}},"loc":{"start":{"line":12,"column":47},"end":{"line":63,"column":1}},"line":12},"1":{"name":"updateUserWithPhoto","decl":{"start":{"line":65,"column":15},"end":{"line":65,"column":34}},"loc":{"start":{"line":65,"column":51},"end":{"line":126,"column":1}},"line":65},"2":{"name":"deleteUserById","decl":{"start":{"line":128,"column":15},"end":{"line":128,"column":29}},"loc":{"start":{"line":128,"column":34},"end":{"line":191,"column":1}},"line":128},"3":{"name":"(anonymous_3)","decl":{"start":{"line":154,"column":36},"end":{"line":154,"column":37}},"loc":{"start":{"line":154,"column":43},"end":{"line":154,"column":47}},"line":154},"4":{"name":"getAllUtilisateur","decl":{"start":{"line":194,"column":15},"end":{"line":194,"column":32}},"loc":{"start":{"line":194,"column":35},"end":{"line":224,"column":1}},"line":194},"5":{"name":"(anonymous_5)","decl":{"start":{"line":206,"column":53},"end":{"line":206,"column":54}},"loc":{"start":{"line":206,"column":61},"end":{"line":216,"column":5}},"line":206},"6":{"name":"getUtilisateurById","decl":{"start":{"line":227,"column":15},"end":{"line":227,"column":33}},"loc":{"start":{"line":227,"column":38},"end":{"line":231,"column":1}},"line":227}},"branchMap":{"0":{"loc":{"start":{"line":14,"column":2},"end":{"line":17,"column":3}},"type":"if","locations":[{"start":{"line":14,"column":2},"end":{"line":17,"column":3}},{"start":{},"end":{}}],"line":14},"1":{"loc":{"start":{"line":33,"column":19},"end":{"line":33,"column":41}},"type":"binary-expr","locations":[{"start":{"line":33,"column":19},"end":{"line":33,"column":33}},{"start":{"line":33,"column":37},"end":{"line":33,"column":41}}],"line":33},"2":{"loc":{"start":{"line":34,"column":17},"end":{"line":34,"column":37}},"type":"binary-expr","locations":[{"start":{"line":34,"column":17},"end":{"line":34,"column":29}},{"start":{"line":34,"column":33},"end":{"line":34,"column":37}}],"line":34},"3":{"loc":{"start":{"line":47,"column":4},"end":{"line":53,"column":5}},"type":"if","locations":[{"start":{"line":47,"column":4},"end":{"line":53,"column":5}},{"start":{},"end":{}}],"line":47},"4":{"loc":{"start":{"line":47,"column":8},"end":{"line":47,"column":49}},"type":"binary-expr","locations":[{"start":{"line":47,"column":8},"end":{"line":47,"column":17}},{"start":{"line":47,"column":21},"end":{"line":47,"column":49}}],"line":47},"5":{"loc":{"start":{"line":71,"column":2},"end":{"line":73,"column":3}},"type":"if","locations":[{"start":{"line":71,"column":2},"end":{"line":73,"column":3}},{"start":{},"end":{}}],"line":71},"6":{"loc":{"start":{"line":76,"column":2},"end":{"line":79,"column":3}},"type":"if","locations":[{"start":{"line":76,"column":2},"end":{"line":79,"column":3}},{"start":{},"end":{}}],"line":76},"7":{"loc":{"start":{"line":81,"column":2},"end":{"line":105,"column":3}},"type":"if","locations":[{"start":{"line":81,"column":2},"end":{"line":105,"column":3}},{"start":{},"end":{}}],"line":81},"8":{"loc":{"start":{"line":82,"column":4},"end":{"line":91,"column":5}},"type":"if","locations":[{"start":{"line":82,"column":4},"end":{"line":91,"column":5}},{"start":{},"end":{}}],"line":82},"9":{"loc":{"start":{"line":120,"column":8},"end":{"line":120,"column":58}},"type":"binary-expr","locations":[{"start":{"line":120,"column":8},"end":{"line":120,"column":23}},{"start":{"line":120,"column":27},"end":{"line":120,"column":58}}],"line":120},"10":{"loc":{"start":{"line":121,"column":8},"end":{"line":121,"column":61}},"type":"binary-expr","locations":[{"start":{"line":121,"column":8},"end":{"line":121,"column":24}},{"start":{"line":121,"column":28},"end":{"line":121,"column":61}}],"line":121},"11":{"loc":{"start":{"line":134,"column":2},"end":{"line":136,"column":3}},"type":"if","locations":[{"start":{"line":134,"column":2},"end":{"line":136,"column":3}},{"start":{},"end":{}}],"line":134},"12":{"loc":{"start":{"line":139,"column":2},"end":{"line":179,"column":3}},"type":"if","locations":[{"start":{"line":139,"column":2},"end":{"line":179,"column":3}},{"start":{},"end":{}}],"line":139},"13":{"loc":{"start":{"line":145,"column":4},"end":{"line":178,"column":5}},"type":"if","locations":[{"start":{"line":145,"column":4},"end":{"line":178,"column":5}},{"start":{},"end":{}}],"line":145},"14":{"loc":{"start":{"line":156,"column":6},"end":{"line":170,"column":7}},"type":"if","locations":[{"start":{"line":156,"column":6},"end":{"line":170,"column":7}},{"start":{},"end":{}}],"line":156},"15":{"loc":{"start":{"line":182,"column":2},"end":{"line":185,"column":3}},"type":"if","locations":[{"start":{"line":182,"column":2},"end":{"line":185,"column":3}},{"start":{},"end":{}}],"line":182},"16":{"loc":{"start":{"line":215,"column":16},"end":{"line":215,"column":52}},"type":"binary-expr","locations":[{"start":{"line":215,"column":16},"end":{"line":215,"column":47}},{"start":{"line":215,"column":51},"end":{"line":215,"column":52}}],"line":215}},"s":{"0":1,"1":1,"2":1,"3":1,"4":1,"5":1,"6":1,"7":0,"8":0,"9":0,"10":0,"11":0,"12":0,"13":0,"14":0,"15":0,"16":0,"17":0,"18":0,"19":0,"20":0,"21":0,"22":0,"23":0,"24":0,"25":0,"26":0,"27":0,"28":0,"29":0,"30":0,"31":0,"32":0,"33":0,"34":0,"35":0,"36":0,"37":0,"38":0,"39":0,"40":0,"41":0,"42":0,"43":0,"44":0,"45":0,"46":0,"47":0,"48":0,"49":0,"50":0,"51":0,"52":0,"53":0,"54":0,"55":0,"56":0,"57":0,"58":0,"59":0,"60":0,"61":0,"62":0,"63":0,"64":0,"65":0,"66":0,"67":0,"68":1},"f":{"0":0,"1":0,"2":0,"3":0,"4":0,"5":0,"6":0},"b":{"0":[0,0],"1":[0,0],"2":[0,0],"3":[0,0],"4":[0,0],"5":[0,0],"6":[0,0],"7":[0,0],"8":[0,0],"9":[0,0],"10":[0,0],"11":[0,0],"12":[0,0],"13":[0,0],"14":[0,0],"15":[0,0],"16":[0,0]},"_coverageSchema":"1a1c01bbd47fc00a2c39e90264f33305004495a9","hash":"b38649956b737adf894cb58e2ae3e9ecfa5c163b"}
,"C:\\Users\\PC\\Downloads\\Pandawan\\sailinloc-back\\src\\utils\\cloudinaryConfig.js": {"path":"C:\\Users\\PC\\Downloads\\Pandawan\\sailinloc-back\\src\\utils\\cloudinaryConfig.js","statementMap":{"0":{"start":{"line":1,"column":19},"end":{"line":1,"column":43}},"1":{"start":{"line":3,"column":0},"end":{"line":7,"column":3}},"2":{"start":{"line":11,"column":19},"end":{"line":11,"column":33}},"3":{"start":{"line":12,"column":26},"end":{"line":12,"column":41}},"4":{"start":{"line":13,"column":17},"end":{"line":13,"column":32}},"5":{"start":{"line":14,"column":31},"end":{"line":14,"column":57}},"6":{"start":{"line":15,"column":2},"end":{"line":15,"column":43}},"7":{"start":{"line":17,"column":0},"end":{"line":17,"column":50}}},"fnMap":{"0":{"name":"getPublicIdFromUrl","decl":{"start":{"line":10,"column":9},"end":{"line":10,"column":27}},"loc":{"start":{"line":10,"column":33},"end":{"line":16,"column":1}},"line":10}},"branchMap":{},"s":{"0":1,"1":1,"2":0,"3":0,"4":0,"5":0,"6":0,"7":1},"f":{"0":0},"b":{},"_coverageSchema":"1a1c01bbd47fc00a2c39e90264f33305004495a9","hash":"7e1401984b35987b3ae3a9a53304ecf1760cad9a"}
,"C:\\Users\\PC\\Downloads\\Pandawan\\sailinloc-back\\src\\utils\\emailTemplate.js": {"path":"C:\\Users\\PC\\Downloads\\Pandawan\\sailinloc-back\\src\\utils\\emailTemplate.js","statementMap":{"0":{"start":{"line":3,"column":2},"end":{"line":59,"column":4}},"1":{"start":{"line":62,"column":0},"end":{"line":62,"column":43}}},"fnMap":{"0":{"name":"resetPasswordTemplate","decl":{"start":{"line":2,"column":9},"end":{"line":2,"column":30}},"loc":{"start":{"line":2,"column":41},"end":{"line":60,"column":1}},"line":2}},"branchMap":{},"s":{"0":0,"1":1},"f":{"0":0},"b":{},"_coverageSchema":"1a1c01bbd47fc00a2c39e90264f33305004495a9","hash":"452ab0df72e40c271db94515808b9bad229028a4"}
,"C:\\Users\\PC\\Downloads\\Pandawan\\sailinloc-back\\src\\utils\\hashPassword.js": {"path":"C:\\Users\\PC\\Downloads\\Pandawan\\sailinloc-back\\src\\utils\\hashPassword.js","statementMap":{"0":{"start":{"line":1,"column":15},"end":{"line":1,"column":32}},"1":{"start":{"line":5,"column":21},"end":{"line":5,"column":23}},"2":{"start":{"line":6,"column":2},"end":{"line":6,"column":49}},"3":{"start":{"line":11,"column":2},"end":{"line":11,"column":46}},"4":{"start":{"line":14,"column":0},"end":{"line":17,"column":2}}},"fnMap":{"0":{"name":"hashPassword","decl":{"start":{"line":4,"column":15},"end":{"line":4,"column":27}},"loc":{"start":{"line":4,"column":38},"end":{"line":7,"column":1}},"line":4},"1":{"name":"comparePassword","decl":{"start":{"line":10,"column":15},"end":{"line":10,"column":30}},"loc":{"start":{"line":10,"column":47},"end":{"line":12,"column":1}},"line":10}},"branchMap":{},"s":{"0":2,"1":5,"2":5,"3":5,"4":2},"f":{"0":5,"1":5},"b":{},"_coverageSchema":"1a1c01bbd47fc00a2c39e90264f33305004495a9","hash":"049b5bda48d0962da75e5e1dbd6ae972d4560e46"}
,"C:\\Users\\PC\\Downloads\\Pandawan\\sailinloc-back\\src\\utils\\mailer.js": {"path":"C:\\Users\\PC\\Downloads\\Pandawan\\sailinloc-back\\src\\utils\\mailer.js","statementMap":{"0":{"start":{"line":2,"column":19},"end":{"line":2,"column":40}},"1":{"start":{"line":5,"column":20},"end":{"line":13,"column":2}},"2":{"start":{"line":20,"column":2},"end":{"line":25,"column":5}},"3":{"start":{"line":28,"column":0},"end":{"line":28,"column":30}}},"fnMap":{"0":{"name":"sendMail","decl":{"start":{"line":19,"column":15},"end":{"line":19,"column":23}},"loc":{"start":{"line":19,"column":47},"end":{"line":26,"column":1}},"line":19}},"branchMap":{},"s":{"0":1,"1":1,"2":0,"3":1},"f":{"0":0},"b":{},"_coverageSchema":"1a1c01bbd47fc00a2c39e90264f33305004495a9","hash":"41f8fbb9f56c455b53cfaa0713c4983406d3ed3c"}
,"C:\\Users\\PC\\Downloads\\Pandawan\\sailinloc-back\\src\\validation\\authValidation.js": {"path":"C:\\Users\\PC\\Downloads\\Pandawan\\sailinloc-back\\src\\validation\\authValidation.js","statementMap":{"0":{"start":{"line":1,"column":22},"end":{"line":1,"column":32}},"1":{"start":{"line":2,"column":19},"end":{"line":2,"column":107}},"2":{"start":{"line":3,"column":22},"end":{"line":3,"column":93}},"3":{"start":{"line":4,"column":18},"end":{"line":4,"column":39}},"4":{"start":{"line":7,"column":2},"end":{"line":7,"column":65}},"5":{"start":{"line":11,"column":2},"end":{"line":13,"column":3}},"6":{"start":{"line":12,"column":4},"end":{"line":12,"column":60}},"7":{"start":{"line":14,"column":2},"end":{"line":16,"column":3}},"8":{"start":{"line":15,"column":4},"end":{"line":15,"column":82}},"9":{"start":{"line":17,"column":2},"end":{"line":19,"column":3}},"10":{"start":{"line":18,"column":4},"end":{"line":18,"column":85}},"11":{"start":{"line":20,"column":2},"end":{"line":22,"column":3}},"12":{"start":{"line":21,"column":4},"end":{"line":21,"column":41}},"13":{"start":{"line":23,"column":2},"end":{"line":25,"column":3}},"14":{"start":{"line":24,"column":4},"end":{"line":24,"column":116}},"15":{"start":{"line":26,"column":2},"end":{"line":26,"column":14}},"16":{"start":{"line":30,"column":25},"end":{"line":30,"column":39}},"17":{"start":{"line":31,"column":2},"end":{"line":31,"column":37}},"18":{"start":{"line":34,"column":0},"end":{"line":34,"column":56}}},"fnMap":{"0":{"name":"hasNoDangerousChars","decl":{"start":{"line":6,"column":9},"end":{"line":6,"column":28}},"loc":{"start":{"line":6,"column":36},"end":{"line":8,"column":1}},"line":6},"1":{"name":"validateRegisterInput","decl":{"start":{"line":10,"column":9},"end":{"line":10,"column":30}},"loc":{"start":{"line":10,"column":65},"end":{"line":27,"column":1}},"line":10},"2":{"name":"isSafeInput","decl":{"start":{"line":29,"column":9},"end":{"line":29,"column":20}},"loc":{"start":{"line":29,"column":28},"end":{"line":32,"column":1}},"line":29}},"branchMap":{"0":{"loc":{"start":{"line":7,"column":9},"end":{"line":7,"column":64}},"type":"binary-expr","locations":[{"start":{"line":7,"column":9},"end":{"line":7,"column":34}},{"start":{"line":7,"column":38},"end":{"line":7,"column":64}}],"line":7},"1":{"loc":{"start":{"line":11,"column":2},"end":{"line":13,"column":3}},"type":"if","locations":[{"start":{"line":11,"column":2},"end":{"line":13,"column":3}},{"start":{},"end":{}}],"line":11},"2":{"loc":{"start":{"line":11,"column":6},"end":{"line":11,"column":44}},"type":"binary-expr","locations":[{"start":{"line":11,"column":6},"end":{"line":11,"column":10}},{"start":{"line":11,"column":14},"end":{"line":11,"column":21}},{"start":{"line":11,"column":25},"end":{"line":11,"column":31}},{"start":{"line":11,"column":35},"end":{"line":11,"column":44}}],"line":11},"3":{"loc":{"start":{"line":14,"column":2},"end":{"line":16,"column":3}},"type":"if","locations":[{"start":{"line":14,"column":2},"end":{"line":16,"column":3}},{"start":{},"end":{}}],"line":14},"4":{"loc":{"start":{"line":14,"column":6},"end":{"line":14,"column":55}},"type":"binary-expr","locations":[{"start":{"line":14,"column":6},"end":{"line":14,"column":31}},{"start":{"line":14,"column":35},"end":{"line":14,"column":55}}],"line":14},"5":{"loc":{"start":{"line":17,"column":2},"end":{"line":19,"column":3}},"type":"if","locations":[{"start":{"line":17,"column":2},"end":{"line":19,"column":3}},{"start":{},"end":{}}],"line":17},"6":{"loc":{"start":{"line":17,"column":6},"end":{"line":17,"column":61}},"type":"binary-expr","locations":[{"start":{"line":17,"column":6},"end":{"line":17,"column":34}},{"start":{"line":17,"column":38},"end":{"line":17,"column":61}}],"line":17},"7":{"loc":{"start":{"line":20,"column":2},"end":{"line":22,"column":3}},"type":"if","locations":[{"start":{"line":20,"column":2},"end":{"line":22,"column":3}},{"start":{},"end":{}}],"line":20},"8":{"loc":{"start":{"line":20,"column":6},"end":{"line":20,"column":60}},"type":"binary-expr","locations":[{"start":{"line":20,"column":6},"end":{"line":20,"column":33}},{"start":{"line":20,"column":37},"end":{"line":20,"column":60}}],"line":20},"9":{"loc":{"start":{"line":23,"column":2},"end":{"line":25,"column":3}},"type":"if","locations":[{"start":{"line":23,"column":2},"end":{"line":25,"column":3}},{"start":{},"end":{}}],"line":23}},"s":{"0":1,"1":1,"2":1,"3":1,"4":10,"5":5,"6":1,"7":4,"8":1,"9":3,"10":0,"11":3,"12":1,"13":2,"14":1,"15":1,"16":2,"17":2,"18":1},"f":{"0":10,"1":5,"2":2},"b":{"0":[10,10],"1":[1,4],"2":[5,5,5,4],"3":[1,3],"4":[4,4],"5":[0,3],"6":[3,3],"7":[1,2],"8":[3,3],"9":[1,1]},"_coverageSchema":"1a1c01bbd47fc00a2c39e90264f33305004495a9","hash":"b1d623f446faf660ddb98527d457e87ed0f2c5c4"}
,"C:\\Users\\PC\\Downloads\\Pandawan\\sailinloc-back\\src\\validation\\utilisateurValidation.js": {"path":"C:\\Users\\PC\\Downloads\\Pandawan\\sailinloc-back\\src\\validation\\utilisateurValidation.js","statementMap":{"0":{"start":{"line":4,"column":22},"end":{"line":4,"column":32}},"1":{"start":{"line":5,"column":19},"end":{"line":5,"column":96}},"2":{"start":{"line":6,"column":22},"end":{"line":6,"column":93}},"3":{"start":{"line":7,"column":18},"end":{"line":7,"column":39}},"4":{"start":{"line":8,"column":19},"end":{"line":8,"column":41}},"5":{"start":{"line":11,"column":2},"end":{"line":11,"column":65}},"6":{"start":{"line":16,"column":2},"end":{"line":18,"column":3}},"7":{"start":{"line":17,"column":4},"end":{"line":17,"column":60}},"8":{"start":{"line":19,"column":2},"end":{"line":21,"column":3}},"9":{"start":{"line":20,"column":4},"end":{"line":20,"column":82}},"10":{"start":{"line":22,"column":2},"end":{"line":24,"column":3}},"11":{"start":{"line":23,"column":4},"end":{"line":23,"column":85}},"12":{"start":{"line":25,"column":2},"end":{"line":27,"column":3}},"13":{"start":{"line":26,"column":4},"end":{"line":26,"column":41}},"14":{"start":{"line":28,"column":2},"end":{"line":30,"column":3}},"15":{"start":{"line":29,"column":4},"end":{"line":29,"column":116}},"16":{"start":{"line":32,"column":2},"end":{"line":34,"column":3}},"17":{"start":{"line":33,"column":4},"end":{"line":33,"column":99}},"18":{"start":{"line":36,"column":2},"end":{"line":36,"column":14}},"19":{"start":{"line":39,"column":0},"end":{"line":41,"column":2}}},"fnMap":{"0":{"name":"hasNoDangerousChars","decl":{"start":{"line":10,"column":9},"end":{"line":10,"column":28}},"loc":{"start":{"line":10,"column":36},"end":{"line":12,"column":1}},"line":10},"1":{"name":"validateUtilisateurInput","decl":{"start":{"line":15,"column":9},"end":{"line":15,"column":33}},"loc":{"start":{"line":15,"column":81},"end":{"line":37,"column":1}},"line":15}},"branchMap":{"0":{"loc":{"start":{"line":11,"column":9},"end":{"line":11,"column":64}},"type":"binary-expr","locations":[{"start":{"line":11,"column":9},"end":{"line":11,"column":34}},{"start":{"line":11,"column":38},"end":{"line":11,"column":64}}],"line":11},"1":{"loc":{"start":{"line":16,"column":2},"end":{"line":18,"column":3}},"type":"if","locations":[{"start":{"line":16,"column":2},"end":{"line":18,"column":3}},{"start":{},"end":{}}],"line":16},"2":{"loc":{"start":{"line":16,"column":6},"end":{"line":16,"column":46}},"type":"binary-expr","locations":[{"start":{"line":16,"column":6},"end":{"line":16,"column":10}},{"start":{"line":16,"column":14},"end":{"line":16,"column":21}},{"start":{"line":16,"column":25},"end":{"line":16,"column":31}},{"start":{"line":16,"column":35},"end":{"line":16,"column":46}}],"line":16},"3":{"loc":{"start":{"line":19,"column":2},"end":{"line":21,"column":3}},"type":"if","locations":[{"start":{"line":19,"column":2},"end":{"line":21,"column":3}},{"start":{},"end":{}}],"line":19},"4":{"loc":{"start":{"line":19,"column":6},"end":{"line":19,"column":55}},"type":"binary-expr","locations":[{"start":{"line":19,"column":6},"end":{"line":19,"column":31}},{"start":{"line":19,"column":35},"end":{"line":19,"column":55}}],"line":19},"5":{"loc":{"start":{"line":22,"column":2},"end":{"line":24,"column":3}},"type":"if","locations":[{"start":{"line":22,"column":2},"end":{"line":24,"column":3}},{"start":{},"end":{}}],"line":22},"6":{"loc":{"start":{"line":22,"column":6},"end":{"line":22,"column":61}},"type":"binary-expr","locations":[{"start":{"line":22,"column":6},"end":{"line":22,"column":34}},{"start":{"line":22,"column":38},"end":{"line":22,"column":61}}],"line":22},"7":{"loc":{"start":{"line":25,"column":2},"end":{"line":27,"column":3}},"type":"if","locations":[{"start":{"line":25,"column":2},"end":{"line":27,"column":3}},{"start":{},"end":{}}],"line":25},"8":{"loc":{"start":{"line":25,"column":6},"end":{"line":25,"column":60}},"type":"binary-expr","locations":[{"start":{"line":25,"column":6},"end":{"line":25,"column":33}},{"start":{"line":25,"column":37},"end":{"line":25,"column":60}}],"line":25},"9":{"loc":{"start":{"line":28,"column":2},"end":{"line":30,"column":3}},"type":"if","locations":[{"start":{"line":28,"column":2},"end":{"line":30,"column":3}},{"start":{},"end":{}}],"line":28},"10":{"loc":{"start":{"line":32,"column":2},"end":{"line":34,"column":3}},"type":"if","locations":[{"start":{"line":32,"column":2},"end":{"line":34,"column":3}},{"start":{},"end":{}}],"line":32},"11":{"loc":{"start":{"line":32,"column":6},"end":{"line":32,"column":83}},"type":"binary-expr","locations":[{"start":{"line":32,"column":6},"end":{"line":32,"column":15}},{"start":{"line":32,"column":20},"end":{"line":32,"column":51}},{"start":{"line":32,"column":55},"end":{"line":32,"column":82}}],"line":32}},"s":{"0":1,"1":1,"2":1,"3":1,"4":1,"5":0,"6":0,"7":0,"8":0,"9":0,"10":0,"11":0,"12":0,"13":0,"14":0,"15":0,"16":0,"17":0,"18":0,"19":1},"f":{"0":0,"1":0},"b":{"0":[0,0],"1":[0,0],"2":[0,0,0,0],"3":[0,0],"4":[0,0],"5":[0,0],"6":[0,0],"7":[0,0],"8":[0,0],"9":[0,0],"10":[0,0],"11":[0,0,0]},"_coverageSchema":"1a1c01bbd47fc00a2c39e90264f33305004495a9","hash":"45fbca07ee2ba44271ee3ad1b668f331749ae917"}
}
