TN:
SF:src\validation\authValidation.js
FN:6,hasNoDangerousChars
FN:10,validateRegisterInput
FN:29,isSafeInput
FNF:3
FNH:3
FNDA:10,hasNoDangerousChars
FNDA:5,validateRegisterInput
FNDA:2,isSafeInput
DA:1,1
DA:2,1
DA:3,1
DA:4,1
DA:7,10
DA:11,5
DA:12,1
DA:14,4
DA:15,1
DA:17,3
DA:18,0
DA:20,3
DA:21,1
DA:23,2
DA:24,1
DA:26,1
DA:30,2
DA:31,2
DA:34,1
LF:19
LH:18
BRDA:7,0,0,10
BRDA:7,0,1,10
BRDA:11,1,0,1
BRDA:11,1,1,4
BRDA:11,2,0,5
BRDA:11,2,1,5
BRDA:11,2,2,5
BRDA:11,2,3,4
BRDA:14,3,0,1
BRDA:14,3,1,3
BRDA:14,4,0,4
BRDA:14,4,1,4
BRDA:17,5,0,0
BRDA:17,5,1,3
BRDA:17,6,0,3
BRDA:17,6,1,3
BRDA:20,7,0,1
BRDA:20,7,1,2
BRDA:20,8,0,3
BRDA:20,8,1,3
BRDA:23,9,0,1
BRDA:23,9,1,1
BRF:22
BRH:21
end_of_record
