TN:
SF:src\app.js
FN:35,(anonymous_0)
FNF:1
FNH:0
FNDA:0,(anonymous_0)
DA:1,1
DA:2,1
DA:3,1
DA:5,1
DA:8,1
DA:11,1
DA:14,1
DA:15,1
DA:17,1
DA:18,1
DA:20,1
DA:21,1
DA:23,1
DA:24,1
DA:26,1
DA:27,1
DA:29,1
DA:30,1
DA:33,1
DA:34,1
DA:35,0
DA:36,0
DA:40,1
LF:23
LH:21
BRDA:33,0,0,1
BRDA:33,0,1,1
BRDA:34,1,0,0
BRDA:34,1,1,1
BRF:4
BRH:3
end_of_record
TN:
SF:src\controllers\demandeProprietaireController.js
FN:6,(anonymous_0)
FNF:1
FNH:0
FNDA:0,(anonymous_0)
DA:1,1
DA:2,1
DA:4,1
DA:6,1
DA:7,0
DA:9,0
DA:10,0
DA:15,0
DA:16,0
DA:17,0
DA:18,0
DA:20,0
DA:21,0
DA:23,0
DA:24,0
LF:15
LH:4
BRDA:9,0,0,0
BRDA:9,0,1,0
BRDA:9,1,0,0
BRDA:9,1,1,0
BRDA:20,2,0,0
BRDA:20,2,1,0
BRDA:20,3,0,0
BRDA:20,3,1,0
BRF:8
BRH:0
end_of_record
TN:
SF:src\controllers\utilisateurController.js
FN:11,createUtilisateur
FN:61,updateUtilisateur
FN:93,(anonymous_2)
FN:104,getAllUtilisateurs
FN:116,getUtilisateur
FNF:5
FNH:0
FNDA:0,createUtilisateur
FNDA:0,updateUtilisateur
FNDA:0,(anonymous_2)
FNDA:0,getAllUtilisateurs
FNDA:0,getUtilisateur
DA:1,1
DA:2,1
DA:9,1
DA:12,0
DA:13,0
DA:14,0
DA:15,0
DA:16,0
DA:19,0
DA:20,0
DA:21,0
DA:25,0
DA:28,0
DA:30,0
DA:31,0
DA:35,0
DA:37,0
DA:43,0
DA:44,0
DA:45,0
DA:47,0
DA:48,0
DA:52,0
DA:54,0
DA:55,0
DA:62,0
DA:63,0
DA:64,0
DA:65,0
DA:67,0
DA:69,0
DA:74,0
DA:75,0
DA:76,0
DA:78,0
DA:79,0
DA:83,0
DA:86,0
DA:87,0
DA:93,1
DA:94,0
DA:95,0
DA:96,0
DA:97,0
DA:99,0
DA:100,0
DA:105,0
DA:106,0
DA:107,0
DA:109,0
DA:110,0
DA:117,0
DA:118,0
DA:119,0
DA:121,0
DA:122,0
DA:125,0
DA:127,0
DA:128,0
DA:134,1
LF:60
LH:5
BRDA:15,0,0,0
BRDA:15,0,1,0
BRDA:20,1,0,0
BRDA:20,1,1,0
BRDA:30,2,0,0
BRDA:30,2,1,0
BRDA:43,3,0,0
BRDA:43,3,1,0
BRDA:44,4,0,0
BRDA:44,4,1,0
BRDA:44,5,0,0
BRDA:44,5,1,0
BRDA:47,6,0,0
BRDA:47,6,1,0
BRDA:47,7,0,0
BRDA:47,7,1,0
BRDA:56,8,0,0
BRDA:56,8,1,0
BRDA:74,9,0,0
BRDA:74,9,1,0
BRDA:75,10,0,0
BRDA:75,10,1,0
BRDA:78,11,0,0
BRDA:78,11,1,0
BRDA:121,12,0,0
BRDA:121,12,1,0
BRF:26
BRH:0
end_of_record
TN:
SF:src\middleware\authMiddleware.js
FN:5,authMiddleware
FNF:1
FNH:1
FNDA:3,authMiddleware
DA:2,2
DA:3,2
DA:6,3
DA:8,3
DA:9,1
DA:12,2
DA:14,2
DA:15,2
DA:16,1
DA:17,1
DA:19,1
DA:23,2
LF:12
LH:12
BRDA:8,0,0,1
BRDA:8,0,1,2
BRDA:8,1,0,3
BRDA:8,1,1,2
BRF:4
BRH:4
end_of_record
TN:
SF:src\middleware\upload.js
FN:12,(anonymous_0)
FN:15,(anonymous_1)
FNF:2
FNH:0
FNDA:0,(anonymous_0)
FNDA:0,(anonymous_1)
DA:1,1
DA:2,1
DA:3,1
DA:5,1
DA:7,1
DA:8,0
DA:11,1
DA:13,0
DA:17,0
DA:18,0
DA:22,1
DA:24,1
LF:12
LH:8
BRDA:7,0,0,0
BRDA:7,0,1,1
BRF:2
BRH:1
end_of_record
TN:
SF:src\routes\auth.js
FN:25,hasNoDangerousChars
FN:30,validateRegisterInput
FN:51,(anonymous_2)
FN:82,isSafeInput
FN:88,(anonymous_4)
FN:128,(anonymous_5)
FN:161,(anonymous_6)
FNF:7
FNH:5
FNDA:9,hasNoDangerousChars
FNDA:3,validateRegisterInput
FNDA:3,(anonymous_2)
FNDA:8,isSafeInput
FNDA:4,(anonymous_4)
FNDA:0,(anonymous_5)
FNDA:0,(anonymous_6)
DA:1,1
DA:2,1
DA:3,1
DA:4,1
DA:5,1
DA:6,1
DA:7,1
DA:8,1
DA:10,1
DA:11,1
DA:12,1
DA:14,1
DA:17,1
DA:19,1
DA:21,1
DA:22,1
DA:26,9
DA:31,3
DA:32,0
DA:34,3
DA:35,0
DA:37,3
DA:38,0
DA:41,3
DA:42,0
DA:44,3
DA:45,0
DA:47,3
DA:51,1
DA:52,3
DA:54,3
DA:55,3
DA:57,3
DA:60,3
DA:61,1
DA:63,2
DA:65,2
DA:75,2
DA:76,2
DA:83,8
DA:84,8
DA:88,1
DA:89,4
DA:91,4
DA:92,0
DA:96,4
DA:97,0
DA:100,4
DA:101,0
DA:106,4
DA:107,4
DA:108,4
DA:109,1
DA:112,3
DA:113,3
DA:114,1
DA:115,2
DA:121,2
DA:123,0
DA:124,0
DA:128,1
DA:129,0
DA:131,0
DA:132,0
DA:135,0
DA:136,0
DA:137,0
DA:140,0
DA:144,0
DA:145,0
DA:147,0
DA:148,0
DA:154,0
DA:156,0
DA:157,0
DA:161,1
DA:162,0
DA:164,0
DA:165,0
DA:170,0
DA:171,0
DA:172,0
DA:174,0
DA:175,0
DA:176,0
DA:179,0
DA:181,0
DA:186,0
DA:188,0
DA:189,0
DA:191,0
DA:192,0
DA:195,1
LF:93
LH:53
BRDA:26,0,0,9
BRDA:26,0,1,9
BRDA:31,1,0,0
BRDA:31,1,1,3
BRDA:31,2,0,3
BRDA:31,2,1,3
BRDA:31,2,2,3
BRDA:31,2,3,3
BRDA:34,3,0,0
BRDA:34,3,1,3
BRDA:34,4,0,3
BRDA:34,4,1,3
BRDA:37,5,0,0
BRDA:37,5,1,3
BRDA:37,6,0,3
BRDA:37,6,1,3
BRDA:41,7,0,0
BRDA:41,7,1,3
BRDA:41,8,0,3
BRDA:41,8,1,3
BRDA:44,9,0,0
BRDA:44,9,1,3
BRDA:55,10,0,0
BRDA:55,10,1,3
BRDA:60,11,0,1
BRDA:60,11,1,2
BRDA:71,12,0,2
BRDA:71,12,1,0
BRDA:91,13,0,0
BRDA:91,13,1,4
BRDA:91,14,0,4
BRDA:91,14,1,4
BRDA:96,15,0,0
BRDA:96,15,1,4
BRDA:96,16,0,4
BRDA:96,16,1,4
BRDA:100,17,0,0
BRDA:100,17,1,4
BRDA:108,18,0,1
BRDA:108,18,1,3
BRDA:113,19,0,1
BRDA:113,19,1,2
BRDA:131,20,0,0
BRDA:131,20,1,0
BRDA:131,21,0,0
BRDA:131,21,1,0
BRDA:131,21,2,0
BRDA:136,22,0,0
BRDA:136,22,1,0
BRDA:164,23,0,0
BRDA:164,23,1,0
BRDA:164,24,0,0
BRDA:164,24,1,0
BRDA:175,25,0,0
BRDA:175,25,1,0
BRDA:188,26,0,0
BRDA:188,26,1,0
BRF:57
BRH:32
end_of_record
TN:
SF:src\routes\bateauRoute.js
FN:7,generateSlug
FN:17,generateUniqueSlug
FN:30,(anonymous_2)
FN:81,(anonymous_3)
FN:94,(anonymous_4)
FN:120,(anonymous_5)
FN:147,(anonymous_6)
FN:202,(anonymous_7)
FN:224,(anonymous_8)
FNF:9
FNH:0
FNDA:0,generateSlug
FNDA:0,generateUniqueSlug
FNDA:0,(anonymous_2)
FNDA:0,(anonymous_3)
FNDA:0,(anonymous_4)
FNDA:0,(anonymous_5)
FNDA:0,(anonymous_6)
FNDA:0,(anonymous_7)
FNDA:0,(anonymous_8)
DA:1,1
DA:2,1
DA:3,1
DA:4,1
DA:8,0
DA:18,0
DA:19,0
DA:20,0
DA:22,0
DA:23,0
DA:26,0
DA:30,1
DA:31,0
DA:32,0
DA:33,0
DA:35,0
DA:73,0
DA:75,0
DA:76,0
DA:81,1
DA:82,0
DA:83,0
DA:86,0
DA:88,0
DA:89,0
DA:94,1
DA:95,0
DA:96,0
DA:108,0
DA:109,0
DA:112,0
DA:114,0
DA:115,0
DA:120,1
DA:121,0
DA:122,0
DA:135,0
DA:136,0
DA:139,0
DA:141,0
DA:142,0
DA:147,1
DA:148,0
DA:149,0
DA:151,0
DA:152,0
DA:157,0
DA:158,0
DA:162,0
DA:172,0
DA:192,0
DA:197,0
DA:198,0
DA:201,0
DA:202,0
DA:210,0
DA:216,0
DA:218,0
DA:219,0
DA:224,1
DA:225,0
DA:227,0
DA:229,0
DA:233,0
DA:234,0
DA:238,0
DA:241,0
DA:243,0
DA:245,0
DA:246,0
DA:251,1
LF:71
LH:11
BRDA:40,0,0,0
BRDA:40,0,1,0
BRDA:41,1,0,0
BRDA:41,1,1,0
BRDA:42,2,0,0
BRDA:42,2,1,0
BRDA:44,3,0,0
BRDA:44,3,1,0
BRDA:49,4,0,0
BRDA:49,4,1,0
BRDA:50,5,0,0
BRDA:50,5,1,0
BRDA:51,6,0,0
BRDA:51,6,1,0
BRDA:52,7,0,0
BRDA:52,7,1,0
BRDA:53,8,0,0
BRDA:53,8,1,0
BRDA:54,9,0,0
BRDA:54,9,1,0
BRDA:55,10,0,0
BRDA:55,10,1,0
BRDA:56,11,0,0
BRDA:56,11,1,0
BRDA:57,12,0,0
BRDA:57,12,1,0
BRDA:58,13,0,0
BRDA:58,13,1,0
BRDA:59,14,0,0
BRDA:59,14,1,0
BRDA:60,15,0,0
BRDA:60,15,1,0
BRDA:62,16,0,0
BRDA:62,16,1,0
BRDA:63,17,0,0
BRDA:63,17,1,0
BRDA:64,18,0,0
BRDA:64,18,1,0
BRDA:65,19,0,0
BRDA:65,19,1,0
BRDA:66,20,0,0
BRDA:66,20,1,0
BRDA:67,21,0,0
BRDA:67,21,1,0
BRDA:108,22,0,0
BRDA:108,22,1,0
BRDA:135,23,0,0
BRDA:135,23,1,0
BRDA:157,24,0,0
BRDA:157,24,1,0
BRDA:166,25,0,0
BRDA:166,25,1,0
BRDA:168,26,0,0
BRDA:168,26,1,0
BRDA:169,27,0,0
BRDA:169,27,1,0
BRDA:173,28,0,0
BRDA:173,28,1,0
BRDA:174,29,0,0
BRDA:174,29,1,0
BRDA:175,30,0,0
BRDA:175,30,1,0
BRDA:176,31,0,0
BRDA:176,31,1,0
BRDA:177,32,0,0
BRDA:177,32,1,0
BRDA:178,33,0,0
BRDA:178,33,1,0
BRDA:179,34,0,0
BRDA:179,34,1,0
BRDA:180,35,0,0
BRDA:180,35,1,0
BRDA:181,36,0,0
BRDA:181,36,1,0
BRDA:182,37,0,0
BRDA:182,37,1,0
BRDA:184,38,0,0
BRDA:184,38,1,0
BRDA:185,39,0,0
BRDA:185,39,1,0
BRDA:186,40,0,0
BRDA:186,40,1,0
BRDA:187,41,0,0
BRDA:187,41,1,0
BRDA:188,42,0,0
BRDA:188,42,1,0
BRDA:189,43,0,0
BRDA:189,43,1,0
BRDA:192,44,0,0
BRDA:192,44,1,0
BRDA:197,45,0,0
BRDA:197,45,1,0
BRDA:197,46,0,0
BRDA:197,46,1,0
BRDA:233,47,0,0
BRDA:233,47,1,0
BRF:96
BRH:0
end_of_record
TN:
SF:src\routes\captcha.js
FN:6,(anonymous_0)
FNF:1
FNH:0
FNDA:0,(anonymous_0)
DA:2,1
DA:3,1
DA:4,1
DA:6,1
DA:7,0
DA:8,0
DA:10,0
DA:11,0
DA:22,0
DA:24,0
DA:28,1
LF:11
LH:5
BRDA:8,0,0,0
BRDA:8,0,1,0
BRF:2
BRH:0
end_of_record
TN:
SF:src\routes\demandeProprietaireRoutes.js
FN:7,(anonymous_0)
FNF:1
FNH:0
FNDA:0,(anonymous_0)
DA:1,1
DA:2,1
DA:3,1
DA:5,1
DA:7,1
DA:8,0
DA:11,0
DA:14,1
LF:8
LH:6
BRF:0
BRH:0
end_of_record
TN:
SF:src\routes\uploadRoute.js
FN:19,(anonymous_0)
FN:38,(anonymous_1)
FN:50,(anonymous_2)
FNF:3
FNH:0
FNDA:0,(anonymous_0)
FNDA:0,(anonymous_1)
FNDA:0,(anonymous_2)
DA:1,1
DA:2,1
DA:3,1
DA:4,1
DA:5,1
DA:6,1
DA:7,1
DA:9,1
DA:11,1
DA:20,0
DA:21,0
DA:32,0
DA:34,0
DA:35,0
DA:38,0
DA:39,0
DA:42,0
DA:50,0
DA:51,0
DA:55,0
DA:67,0
DA:68,0
DA:72,0
DA:73,0
DA:74,0
DA:75,0
DA:76,0
DA:80,0
DA:81,0
DA:82,0
DA:86,0
DA:87,0
DA:88,0
DA:92,0
DA:93,0
DA:94,0
DA:95,0
DA:99,0
DA:113,0
DA:114,0
DA:123,1
LF:41
LH:10
BRDA:25,0,0,0
BRDA:26,1,0,0
BRDA:27,2,0,0
BRDA:28,3,0,0
BRDA:29,4,0,0
BRDA:30,5,0,0
BRDA:31,6,0,0
BRDA:35,7,0,0
BRDA:35,7,1,0
BRDA:39,8,0,0
BRDA:39,8,1,0
BRDA:39,9,0,0
BRDA:39,9,1,0
BRDA:43,10,0,0
BRDA:43,10,1,0
BRDA:44,11,0,0
BRDA:44,11,1,0
BRDA:45,12,0,0
BRDA:45,12,1,0
BRDA:46,13,0,0
BRDA:46,13,1,0
BRDA:61,14,0,0
BRDA:61,14,1,0
BRDA:74,15,0,0
BRDA:74,15,1,0
BRDA:92,16,0,0
BRDA:92,16,1,0
BRF:27
BRH:0
end_of_record
TN:
SF:src\routes\utilisateurRoute.js
FN:10,(anonymous_0)
FN:24,(anonymous_1)
FNF:2
FNH:0
FNDA:0,(anonymous_0)
FNDA:0,(anonymous_1)
DA:1,1
DA:2,1
DA:3,1
DA:4,1
DA:5,1
DA:6,1
DA:8,1
DA:10,1
DA:11,0
DA:12,0
DA:13,0
DA:15,0
DA:16,0
DA:19,0
DA:20,0
DA:24,1
DA:25,0
DA:27,0
DA:30,0
DA:41,0
DA:42,0
DA:45,0
DA:47,0
DA:48,0
DA:54,1
DA:57,1
DA:60,1
DA:63,1
DA:65,1
LF:29
LH:14
BRDA:12,0,0,0
BRDA:12,0,1,0
BRDA:12,1,0,0
BRDA:12,1,1,0
BRDA:15,2,0,0
BRDA:15,2,1,0
BRDA:41,3,0,0
BRDA:41,3,1,0
BRF:8
BRH:0
end_of_record
TN:
SF:src\services\demandeProprietaireService.js
FN:4,(anonymous_0)
FN:9,(anonymous_1)
FN:48,(anonymous_2)
FNF:3
FNH:0
FNDA:0,(anonymous_0)
FNDA:0,(anonymous_1)
FNDA:0,(anonymous_2)
DA:1,1
DA:2,1
DA:4,1
DA:5,0
DA:7,1
DA:9,1
DA:10,0
DA:11,0
DA:12,0
DA:15,0
DA:18,0
DA:19,0
DA:20,0
DA:21,0
DA:24,0
DA:31,0
DA:32,0
DA:33,0
DA:34,0
DA:35,0
DA:38,0
DA:48,1
DA:49,0
DA:50,0
DA:52,0
LF:25
LH:6
BRDA:18,0,0,0
BRDA:18,0,1,0
BRDA:31,1,0,0
BRDA:31,1,1,0
BRDA:50,2,0,0
BRDA:50,2,1,0
BRF:6
BRH:0
end_of_record
TN:
SF:src\services\utilisateurService.js
FN:12,createUserWithPhoto
FN:65,updateUserWithPhoto
FN:128,deleteUserById
FN:154,(anonymous_3)
FN:194,getAllUtilisateur
FN:206,(anonymous_5)
FN:227,getUtilisateurById
FNF:7
FNH:0
FNDA:0,createUserWithPhoto
FNDA:0,updateUserWithPhoto
FNDA:0,deleteUserById
FNDA:0,(anonymous_3)
FNDA:0,getAllUtilisateur
FNDA:0,(anonymous_5)
FNDA:0,getUtilisateurById
DA:1,1
DA:4,1
DA:5,1
DA:7,1
DA:8,1
DA:10,1
DA:11,1
DA:13,0
DA:14,0
DA:15,0
DA:16,0
DA:19,0
DA:20,0
DA:22,0
DA:26,0
DA:47,0
DA:48,0
DA:55,0
DA:57,0
DA:58,0
DA:60,0
DA:61,0
DA:66,0
DA:67,0
DA:71,0
DA:72,0
DA:76,0
DA:77,0
DA:78,0
DA:81,0
DA:82,0
DA:83,0
DA:85,0
DA:86,0
DA:88,0
DA:93,0
DA:94,0
DA:97,0
DA:99,0
DA:100,0
DA:104,0
DA:112,0
DA:125,0
DA:130,0
DA:134,0
DA:135,0
DA:139,0
DA:141,0
DA:145,0
DA:147,0
DA:154,0
DA:156,0
DA:158,0
DA:165,0
DA:173,0
DA:182,0
DA:183,0
DA:184,0
DA:188,0
DA:195,0
DA:196,0
DA:206,0
DA:219,0
DA:221,0
DA:222,0
DA:228,0
DA:233,1
LF:67
LH:8
BRDA:14,0,0,0
BRDA:14,0,1,0
BRDA:33,1,0,0
BRDA:33,1,1,0
BRDA:34,2,0,0
BRDA:34,2,1,0
BRDA:47,3,0,0
BRDA:47,3,1,0
BRDA:47,4,0,0
BRDA:47,4,1,0
BRDA:71,5,0,0
BRDA:71,5,1,0
BRDA:76,6,0,0
BRDA:76,6,1,0
BRDA:81,7,0,0
BRDA:81,7,1,0
BRDA:82,8,0,0
BRDA:82,8,1,0
BRDA:120,9,0,0
BRDA:120,9,1,0
BRDA:121,10,0,0
BRDA:121,10,1,0
BRDA:134,11,0,0
BRDA:134,11,1,0
BRDA:139,12,0,0
BRDA:139,12,1,0
BRDA:145,13,0,0
BRDA:145,13,1,0
BRDA:156,14,0,0
BRDA:156,14,1,0
BRDA:182,15,0,0
BRDA:182,15,1,0
BRDA:215,16,0,0
BRDA:215,16,1,0
BRF:34
BRH:0
end_of_record
TN:
SF:src\utils\cloudinaryConfig.js
FN:10,getPublicIdFromUrl
FNF:1
FNH:0
FNDA:0,getPublicIdFromUrl
DA:1,1
DA:3,1
DA:11,0
DA:12,0
DA:13,0
DA:14,0
DA:15,0
DA:17,1
LF:8
LH:3
BRF:0
BRH:0
end_of_record
TN:
SF:src\utils\emailTemplate.js
FN:2,resetPasswordTemplate
FNF:1
FNH:0
FNDA:0,resetPasswordTemplate
DA:3,0
DA:62,1
LF:2
LH:1
BRF:0
BRH:0
end_of_record
TN:
SF:src\utils\hashPassword.js
FN:4,hashPassword
FN:10,comparePassword
FNF:2
FNH:2
FNDA:5,hashPassword
FNDA:5,comparePassword
DA:1,2
DA:5,5
DA:6,5
DA:11,5
DA:14,2
LF:5
LH:5
BRF:0
BRH:0
end_of_record
TN:
SF:src\utils\mailer.js
FN:19,sendMail
FNF:1
FNH:0
FNDA:0,sendMail
DA:2,1
DA:5,1
DA:20,0
DA:28,1
LF:4
LH:3
BRF:0
BRH:0
end_of_record
TN:
SF:src\validation\authValidation.js
FN:6,hasNoDangerousChars
FN:10,validateRegisterInput
FN:29,isSafeInput
FNF:3
FNH:3
FNDA:10,hasNoDangerousChars
FNDA:5,validateRegisterInput
FNDA:2,isSafeInput
DA:1,1
DA:2,1
DA:3,1
DA:4,1
DA:7,10
DA:11,5
DA:12,1
DA:14,4
DA:15,1
DA:17,3
DA:18,0
DA:20,3
DA:21,1
DA:23,2
DA:24,1
DA:26,1
DA:30,2
DA:31,2
DA:34,1
LF:19
LH:18
BRDA:7,0,0,10
BRDA:7,0,1,10
BRDA:11,1,0,1
BRDA:11,1,1,4
BRDA:11,2,0,5
BRDA:11,2,1,5
BRDA:11,2,2,5
BRDA:11,2,3,4
BRDA:14,3,0,1
BRDA:14,3,1,3
BRDA:14,4,0,4
BRDA:14,4,1,4
BRDA:17,5,0,0
BRDA:17,5,1,3
BRDA:17,6,0,3
BRDA:17,6,1,3
BRDA:20,7,0,1
BRDA:20,7,1,2
BRDA:20,8,0,3
BRDA:20,8,1,3
BRDA:23,9,0,1
BRDA:23,9,1,1
BRF:22
BRH:21
end_of_record
TN:
SF:src\validation\utilisateurValidation.js
FN:10,hasNoDangerousChars
FN:15,validateUtilisateurInput
FNF:2
FNH:0
FNDA:0,hasNoDangerousChars
FNDA:0,validateUtilisateurInput
DA:4,1
DA:5,1
DA:6,1
DA:7,1
DA:8,1
DA:11,0
DA:16,0
DA:17,0
DA:19,0
DA:20,0
DA:22,0
DA:23,0
DA:25,0
DA:26,0
DA:28,0
DA:29,0
DA:32,0
DA:33,0
DA:36,0
DA:39,1
LF:20
LH:6
BRDA:11,0,0,0
BRDA:11,0,1,0
BRDA:16,1,0,0
BRDA:16,1,1,0
BRDA:16,2,0,0
BRDA:16,2,1,0
BRDA:16,2,2,0
BRDA:16,2,3,0
BRDA:19,3,0,0
BRDA:19,3,1,0
BRDA:19,4,0,0
BRDA:19,4,1,0
BRDA:22,5,0,0
BRDA:22,5,1,0
BRDA:22,6,0,0
BRDA:22,6,1,0
BRDA:25,7,0,0
BRDA:25,7,1,0
BRDA:25,8,0,0
BRDA:25,8,1,0
BRDA:28,9,0,0
BRDA:28,9,1,0
BRDA:32,10,0,0
BRDA:32,10,1,0
BRDA:32,11,0,0
BRDA:32,11,1,0
BRDA:32,11,2,0
BRF:27
BRH:0
end_of_record
